[Tue Jun 16 19:18:27 AEST 2026] node=dave7 shard=0
[shard 0/6] loading manifest /work/data/manifests/bugs4q_manifest.csv...
  3 subjects in this shard
  RUN  qiskit_github_10 (1q)
  RUN  qiskit_github_8 (4q)
  RUN  qiskit_stackoverflow_1 (3q)
[shard 0] done -> /var/tmp/jobfs/qmt_bugs4q_0/raw_runs_shard0000.jsonl
[Tue Jun 16 19:18:58 AEST 2026] Copying shards back to /fred...
'/var/tmp/jobfs/qmt_bugs4q_0/morphq_shard0000.jsonl' -> '/fred/oz402/nhunguyen/ICSE_QMTester/data/results/runs/hpc_resource_fix_1g_20260616T091805Z/shards/morphq_shard0000.jsonl'
'/var/tmp/jobfs/qmt_bugs4q_0/morphq_summary_shard0000.jsonl' -> '/fred/oz402/nhunguyen/ICSE_QMTester/data/results/runs/hpc_resource_fix_1g_20260616T091805Z/shards/morphq_summary_shard0000.jsonl'
'/var/tmp/jobfs/qmt_bugs4q_0/raw_runs_shard0000.jsonl' -> '/fred/oz402/nhunguyen/ICSE_QMTester/data/results/runs/hpc_resource_fix_1g_20260616T091805Z/shards/raw_runs_shard0000.jsonl'
'/var/tmp/jobfs/qmt_bugs4q_0/summary_shard0000.jsonl' -> '/fred/oz402/nhunguyen/ICSE_QMTester/data/results/runs/hpc_resource_fix_1g_20260616T091805Z/shards/summary_shard0000.jsonl'
[Tue Jun 16 19:18:58 AEST 2026] shard 0 done.

+------------------ Job Report: 13232413 (COMPLETED) ------------------+
| Memory (RAM)  No data available                                      |
| CPU           [###############     ] 77.8% average                   |
| Time          [>                   ]  2.0% (0-00:00:36 / 0-00:30:00) |
|                                                                      |
| Lustre Filesystem:                                                   |
|   No data available                                                  |
+----------------------------------------------------------------------+
