[Tue Jun 16 19:28:54 AEST 2026] node=dave54 shard=1
[shard 1/6] loading manifest /work/data/manifests/bugs4q_manifest.csv...
  6 subjects in this shard
  RUN  qiskit_github_10 (1q)
  RUN  qiskit_github_2 (16q)
  RUN  qiskit_stackexchange_1 (1q)
  RUN  qiskit_stackexchange_15 (4q)
  RUN  qiskit_stackexchange_8 (8q)
  RUN  qiskit_stackoverflow_7 (3q)
[shard 1] done -> /var/tmp/jobfs/qmt_bugs4q_1/raw_runs_shard0001.jsonl
[Tue Jun 16 19:30:32 AEST 2026] Copying shards back to /fred...
'/var/tmp/jobfs/qmt_bugs4q_1/morphq_shard0001.jsonl' -> '/fred/oz402/nhunguyen/ICSE_QMTester/data/results/runs/redesign_hpc_1g_32bugs_20260616T092819Z/shards/morphq_shard0001.jsonl'
'/var/tmp/jobfs/qmt_bugs4q_1/morphq_summary_shard0001.jsonl' -> '/fred/oz402/nhunguyen/ICSE_QMTester/data/results/runs/redesign_hpc_1g_32bugs_20260616T092819Z/shards/morphq_summary_shard0001.jsonl'
'/var/tmp/jobfs/qmt_bugs4q_1/raw_runs_shard0001.jsonl' -> '/fred/oz402/nhunguyen/ICSE_QMTester/data/results/runs/redesign_hpc_1g_32bugs_20260616T092819Z/shards/raw_runs_shard0001.jsonl'
'/var/tmp/jobfs/qmt_bugs4q_1/summary_shard0001.jsonl' -> '/fred/oz402/nhunguyen/ICSE_QMTester/data/results/runs/redesign_hpc_1g_32bugs_20260616T092819Z/shards/summary_shard0001.jsonl'
[Tue Jun 16 19:30:32 AEST 2026] shard 1 done.

+------------------ Job Report: 13232570 (COMPLETED) ------------------+
| Memory (RAM)  [#                   ] 10.0% (102 MB peak / 1 GB)      |
| CPU           [##################  ] 91.2% average                   |
| Time          [->                  ]  5.7% (0-00:01:42 / 0-00:30:00) |
|                                                                      |
| Lustre Filesystem:                                                   |
|   Path    Total Read    Total Write      Total IOPS                  |
|   ------  ------------  -------------  ------------                  |
|   /apps   83.9 MB       0 B                     18                   |
|   /fred   64.2 MB       116 B                  166                   |
|   /home   12 KB         0 B                     12                   |
|   OS      0 B           0 B                     38                   |
|                                                                      |
| Warnings:                                                            |
|   - Too much memory requested                                        |
|   - Too much time requested                                          |
+----------------------------------------------------------------------+
