[Tue Jun 16 19:09:55 AEST 2026] node=dave63 shard=5
[shard 5/6] loading manifest /work/data/manifests/bugs4q_manifest.csv...
  2 subjects in this shard
  RUN  qiskit_github_7 (4q)
  RUN  qiskit_stackexchange_9 (2q)
[shard 5] done -> /var/tmp/jobfs/qmt_bugs4q_5/raw_runs_shard0005.jsonl
[Tue Jun 16 19:10:16 AEST 2026] Copying shards back to /fred...
'/var/tmp/jobfs/qmt_bugs4q_5/morphq_shard0005.jsonl' -> '/fred/oz402/nhunguyen/ICSE_QMTester/data/results/runs/hpc_resource_fix_20260616T090928Z/shards/morphq_shard0005.jsonl'
'/var/tmp/jobfs/qmt_bugs4q_5/morphq_summary_shard0005.jsonl' -> '/fred/oz402/nhunguyen/ICSE_QMTester/data/results/runs/hpc_resource_fix_20260616T090928Z/shards/morphq_summary_shard0005.jsonl'
'/var/tmp/jobfs/qmt_bugs4q_5/raw_runs_shard0005.jsonl' -> '/fred/oz402/nhunguyen/ICSE_QMTester/data/results/runs/hpc_resource_fix_20260616T090928Z/shards/raw_runs_shard0005.jsonl'
'/var/tmp/jobfs/qmt_bugs4q_5/summary_shard0005.jsonl' -> '/fred/oz402/nhunguyen/ICSE_QMTester/data/results/runs/hpc_resource_fix_20260616T090928Z/shards/summary_shard0005.jsonl'
[Tue Jun 16 19:10:16 AEST 2026] shard 5 done.

+------------------ Job Report: 13232298 (COMPLETED) ------------------+
| Memory (RAM)  No data available                                      |
| CPU           [##############      ] 72.0% average                   |
| Time          [>                   ]  0.3% (0-00:00:25 / 0-02:00:00) |
|                                                                      |
| Lustre Filesystem:                                                   |
|   No data available                                                  |
+----------------------------------------------------------------------+
