[Mon Jun 15 23:16:08 AEST 2026] node=dave94 shard=2
[shard 2/6] probing subjects...
[0.+0.j 0.+0.j 0.+0.j 0.+0.j 0.+0.j 0.+0.j 0.+0.j 0.+0.j 0.+0.j 0.+0.j
 0.+0.j 0.+0.j 0.+0.j 0.+0.j 0.+0.j 0.+0.j 0.+0.j 0.+0.j 0.+0.j 0.+0.j
 0.+0.j 0.+0.j 0.+0.j 0.+0.j 0.+0.j 0.+0.j 0.+0.j 0.+0.j 0.+0.j 0.+0.j
 0.+0.j 1.+0.j]
                    ┌───┐┌─┐        
q_0: ────────────■──┤ H ├┤M├──────■─
     ┌───┐     ┌─┴─┐└┬─┬┘└╥┘      │ 
q_1: ┤ H ├──■──┤ X ├─┤M├──╫───■───┼─
     └───┘┌─┴─┐└───┘ └╥┘  ║ ┌─┴─┐ │ 
q_2: ─────┤ X ├───────╫───╫─┤ X ├─■─
          └───┘       ║   ║ └───┘   
c: 3/═════════════════╩═══╩═════════
                      1   0         
2
{'1100': 29, '1101': 45, '0000': 57, '1111': 99, '0001': 56, '0010': 93, '1011': 99, '0111': 101, '0011': 95, '1010': 86, '1110': 40, '1001': 53, '0101': 43, '0100': 40, '1000': 52, '0110': 36}
NoiseModel:
  Basis gates: ['cz', 'h', 'id', 'rx', 'rz']
  Instructions with noise: ['h', 'rz', 'rx', 'cz']
  All-qubits errors: ['h', 'rx', 'rz', 'cz']

Total count: {'011': 1000}
      ┌──────┐
qr_0: ┤1     ├
      │      │
qr_1: ┤0 ghz ├
      │      │
qr_2: ┤2     ├
      └──┬───┘
qr_3: ───■────
              
      ┌──────┐
qr_0: ┤1     ├
      │      │
qr_1: ┤0 ghz ├
      │      │
qr_2: ┤2     ├
      └──────┘
qr_3: ────────
              
      ┌──────┐
qr_0: ┤2     ├
      │      │
qr_1: ┤0     ├
      │  ghz │
qr_2: ┤      ├
      │      │
qr_3: ┤1     ├
      └──────┘
[[1. +0.j  0. +0.j  0. +0.j  0. +0.j  0. +0.j  0. +0.j  0. +0.j  0. +0.j
  0. +0.j  0. +0.j  0. +0.j  0. +0.j  0. +0.j  0. +0.j  0. +0.j  0. +0.j ]
 [0. +0.j  1. +0.j  0. +0.j  0. +0.j  0. +0.j  0. +0.j  0. +0.j  0. +0.j
  0. +0.j  0. +0.j  0. +0.j  0. +0.j  0. +0.j  0. +0.j  0. +0.j  0. +0.j ]
 [0. +0.j  0. +0.j  1. +0.j  0. +0.j  0. +0.j  0. +0.j  0. +0.j  0. +0.j
  0. +0.j  0. +0.j  0. +0.j  0. +0.j  0. +0.j  0. +0.j  0. +0.j  0. +0.j ]
 [0. +0.j  0. +0.j  0. +0.j  1. +0.j  0. +0.j  0. +0.j  0. +0.j  0. +0.j
  0. +0.j  0. +0.j  0. +0.j  0. +0.j  0. +0.j  0. +0.j  0. +0.j  0. +0.j ]
 [0. +0.j  0. +0.j  0. +0.j  0. +0.j  1. +0.j  0. +0.j  0. +0.j  0. +0.j
  0. +0.j  0. +0.j  0. +0.j  0. +0.j  0. +0.j  0. +0.j  0. +0.j  0. +0.j ]
 [0. +0.j  0. +0.j  0. +0.j  0. +0.j  0. +0.j  1. +0.j  0. +0.j  0. +0.j
  0. +0.j  0. +0.j  0. +0.j  0. +0.j  0. +0.j  0. +0.j  0. +0.j  0. +0.j ]
 [0. +0.j  0. +0.j  0. +0.j  0. +0.j  0. +0.j  0. +0.j  1. +0.j  0. +0.j
  0. +0.j  0. +0.j  0. +0.j  0. +0.j  0. +0.j  0. +0.j  0. +0.j  0. +0.j ]
 [0. +0.j  0. +0.j  0. +0.j  0. +0.j  0. +0.j  0. +0.j  0. +0.j  1. +0.j
  0. +0.j  0. +0.j  0. +0.j  0. +0.j  0. +0.j  0. +0.j  0. +0.j  0. +0.j ]
 [0. +0.j  0. +0.j  0. +0.j  0. +0.j  0. +0.j  0. +0.j  0. +0.j  0. +0.j
  0.4-0.9j 0. +0.j  0. +0.j  0. +0.j  0. +0.j  0. +0.j  0. +0.j  0. +0.j ]
 [0. +0.j  0. +0.j  0. +0.j  0. +0.j  0. +0.j  0. +0.j  0. +0.j  0. +0.j
  0. +0.j  0.9+0.4j 0. +0.j  0. +0.j  0. +0.j  0. +0.j  0. +0.j  0. +0.j ]
 [0. +0.j  0. +0.j  0. +0.j  0. +0.j  0. +0.j  0. +0.j  0. +0.j  0. +0.j
  0. +0.j  0. +0.j  0.4-0.9j 0. +0.j  0. +0.j  0. +0.j  0. +0.j  0. +0.j ]
 [0. +0.j  0. +0.j  0. +0.j  0. +0.j  0. +0.j  0. +0.j  0. +0.j  0. +0.j
  0. +0.j  0. +0.j  0. +0.j  0.9+0.4j 0. +0.j  0. +0.j  0. +0.j  0. +0.j ]
 [0. +0.j  0. +0.j  0. +0.j  0. +0.j  0. +0.j  0. +0.j  0. +0.j  0. +0.j
  0. +0.j  0. +0.j  0. +0.j  0. +0.j  0.9-0.4j 0. +0.j  0. +0.j  0. +0.j ]
 [0. +0.j  0. +0.j  0. +0.j  0. +0.j  0. +0.j  0. +0.j  0. +0.j  0. +0.j
  0. +0.j  0. +0.j  0. +0.j  0. +0.j  0. +0.j  0.4+0.9j 0. +0.j  0. +0.j ]
 [0. +0.j  0. +0.j  0. +0.j  0. +0.j  0. +0.j  0. +0.j  0. +0.j  0. +0.j
  0. +0.j  0. +0.j  0. +0.j  0. +0.j  0. +0.j  0. +0.j  0.9-0.4j 0. +0.j ]
 [0. +0.j  0. +0.j  0. +0.j  0. +0.j  0. +0.j  0. +0.j  0. +0.j  0. +0.j
  0. +0.j  0. +0.j  0. +0.j  0. +0.j  0. +0.j  0. +0.j  0. +0.j  0.4+0.9j]]
000
Statevector([0.+0.j, 0.+0.j, 0.+0.j, 0.+0.j, 0.+0.j, 0.+0.j, 0.+0.j,
             1.+0.j],
            dims=(2, 2, 2))
{'111': 1024}
{'01': 258, '11': 261, '10': 252, '00': 253}
        ┌───┐      ░ ┌─┐   
   q_0: ┤ H ├──■───░─┤M├───
        ├───┤┌─┴─┐ ░ └╥┘┌─┐
   q_1: ┤ H ├┤ X ├─░──╫─┤M├
        └───┘└───┘ ░  ║ └╥┘
meas: 2/══════════════╩══╩═
                      0  1 
{'11 00': 255, '10 00': 268, '00 00': 246, '01 00': 255}
[QuantumRegister(1, 'q81')]
[]
ParameterView([ParameterVectorElement(θ[0]), ParameterVectorElement(θ[1]), ParameterVectorElement(θ[2]), ParameterVectorElement(θ[3]), ParameterVectorElement(θ[4]), ParameterVectorElement(θ[5]), ParameterVectorElement(θ[6]), ParameterVectorElement(θ[7])])
0.001
  15 subjects in this shard
  SKIP Aer_bug_7: EXEC_ERROR:TypeError:generate_aer_config() got multiple values for argument 'backend_options'
  SKIP StackExchange-page-1-25_Bug_18: IMPORT:deprecated_package_qiskit.opflow
  SKIP StackExchange-page-1-25_Bug_7: IMPORT:deprecated_package_qiskit.opflow
  SKIP StackExchange_13: EXEC_ERROR:AttributeError:'QuantumCircuit' object has no attribute 'u3'
  SKIP StackExchange_19: EXEC_ERROR:TypeError:ParameterExpression with unbound parameters (dict_keys([Parameter(x)])) cannot be cast to a float.
  RUN  StackExchange_5 (2q)
  SKIP Terra-0-4000_10: EXEC_ERROR:NameError:name 'QuantumRegister' is not defined
  SKIP Terra-0-4000_16: IMPORT_ERROR:cannot import name 'CmdDef' from 'qiskit.pulse' (/usr/local/lib/python3.11/site-packages/qiskit/pulse/__init__.py)
  SKIP Terra-0-4000_21: EXEC_ERROR:NameError:name 'cx' is not defined
  SKIP Terra-0-4000_5: EXEC_ERROR:SyntaxError:invalid syntax (buggy.py, line 1)
  SKIP Terra-4001-6000_Bug_10: EXEC_ERROR:SyntaxError:'(' was never closed (buggy.py, line 12)
  SKIP Terra-4001-6000_Bug_6: EXEC_ERROR:NameError:name 'QuantumCircuit' is not defined
  SKIP Terra-6000-7100_6540_Bug: EXEC_ERROR:CircuitError:'The circuit contains non-unitary operations and cannot be controlled. Note that no qiskit.circuit.Instruction objects may be in the circuit for this operation.'
  SKIP Terra-6000-7100_6927_Bug: EXEC_ERROR:AerError:'unknown instruction: QPE'
  RUN  stackoverflow-1-5_Bug_8 (2q)
[shard 2] done -> /var/tmp/jobfs/qmt_bugs4q_2/raw_runs_shard0002.jsonl
[Mon Jun 15 23:16:31 AEST 2026] Copying shards back to /fred...
'/var/tmp/jobfs/qmt_bugs4q_2/morphq_shard0002.jsonl' -> '/fred/oz402/nhunguyen/ICSE_QMTester/data/results/shards/morphq_shard0002.jsonl'
'/var/tmp/jobfs/qmt_bugs4q_2/morphq_summary_shard0002.jsonl' -> '/fred/oz402/nhunguyen/ICSE_QMTester/data/results/shards/morphq_summary_shard0002.jsonl'
'/var/tmp/jobfs/qmt_bugs4q_2/raw_runs_shard0002.jsonl' -> '/fred/oz402/nhunguyen/ICSE_QMTester/data/results/shards/raw_runs_shard0002.jsonl'
'/var/tmp/jobfs/qmt_bugs4q_2/summary_shard0002.jsonl' -> '/fred/oz402/nhunguyen/ICSE_QMTester/data/results/shards/summary_shard0002.jsonl'
[Mon Jun 15 23:16:31 AEST 2026] shard 2 done.

+------------------ Job Report: 13199210 (COMPLETED) ------------------+
| Memory (RAM)  No data available                                      |
| CPU           [                    ]  0.7% average                   |
| Time          [>                   ]  0.2% (0-00:00:28 / 0-04:00:00) |
|                                                                      |
| Lustre Filesystem:                                                   |
|   No data available                                                  |
+----------------------------------------------------------------------+
