[Tue Jun 16 19:18:27 AEST 2026] node=dave47 shard=3
[shard 3/6] loading manifest /work/data/manifests/bugs4q_manifest.csv...
  3 subjects in this shard
  RUN  qiskit_github_16 (5q)
  RUN  qiskit_stackexchange_3 (4q)
  RUN  qiskit_stackoverflow_6 (2q)
[shard 3] done -> /var/tmp/jobfs/qmt_bugs4q_3/raw_runs_shard0003.jsonl
[Tue Jun 16 19:19:27 AEST 2026] Copying shards back to /fred...
'/var/tmp/jobfs/qmt_bugs4q_3/morphq_shard0003.jsonl' -> '/fred/oz402/nhunguyen/ICSE_QMTester/data/results/runs/hpc_resource_fix_1g_20260616T091805Z/shards/morphq_shard0003.jsonl'
'/var/tmp/jobfs/qmt_bugs4q_3/morphq_summary_shard0003.jsonl' -> '/fred/oz402/nhunguyen/ICSE_QMTester/data/results/runs/hpc_resource_fix_1g_20260616T091805Z/shards/morphq_summary_shard0003.jsonl'
'/var/tmp/jobfs/qmt_bugs4q_3/raw_runs_shard0003.jsonl' -> '/fred/oz402/nhunguyen/ICSE_QMTester/data/results/runs/hpc_resource_fix_1g_20260616T091805Z/shards/raw_runs_shard0003.jsonl'
'/var/tmp/jobfs/qmt_bugs4q_3/summary_shard0003.jsonl' -> '/fred/oz402/nhunguyen/ICSE_QMTester/data/results/runs/hpc_resource_fix_1g_20260616T091805Z/shards/summary_shard0003.jsonl'
[Tue Jun 16 19:19:27 AEST 2026] shard 3 done.

+------------------ Job Report: 13232416 (COMPLETED) ------------------+
| Memory (RAM)  [                    ]  0.1% (1 MB peak / 1 GB)        |
| CPU           [#################   ] 86.6% average                   |
| Time          [>                   ]  3.7% (0-00:01:07 / 0-00:30:00) |
|                                                                      |
| Lustre Filesystem:                                                   |
|   Path    Total Read    Total Write      Total IOPS                  |
|   ------  ------------  -------------  ------------                  |
|   /apps   83.9 MB       0 B                     18                   |
|   /fred   64.2 MB       116 B                  148                   |
|   /home   12 KB         0 B                     10                   |
|   OS      0 B           0 B                     39                   |
|                                                                      |
| Warnings:                                                            |
|   - Too much memory requested                                        |
|   - Too much time requested                                          |
+----------------------------------------------------------------------+
