[Tue Jun 16 19:33:58 AEST 2026] node=dave42 shard=0
[shard 0/6] loading manifest /work/data/manifests/bugs4q_manifest.csv...
  6 subjects in this shard
  RUN  qiskit_github_1 (3q)
  RUN  qiskit_github_17 (3q)
  RUN  qiskit_github_8 (4q)
  RUN  qiskit_stackexchange_14 (2q)
  RUN  qiskit_stackexchange_7 (1q)
  RUN  qiskit_stackoverflow_6 (2q)
[shard 0] done -> /var/tmp/jobfs/qmt_bugs4q_0/raw_runs_shard0000.jsonl
[Tue Jun 16 19:35:16 AEST 2026] Copying shards back to /fred...
'/var/tmp/jobfs/qmt_bugs4q_0/morphq_shard0000.jsonl' -> '/fred/oz402/nhunguyen/ICSE_QMTester/data/results/runs/redesign_hpc_1g_32bugs_fixcounts_20260616T093325Z/shards/morphq_shard0000.jsonl'
'/var/tmp/jobfs/qmt_bugs4q_0/morphq_summary_shard0000.jsonl' -> '/fred/oz402/nhunguyen/ICSE_QMTester/data/results/runs/redesign_hpc_1g_32bugs_fixcounts_20260616T093325Z/shards/morphq_summary_shard0000.jsonl'
'/var/tmp/jobfs/qmt_bugs4q_0/raw_runs_shard0000.jsonl' -> '/fred/oz402/nhunguyen/ICSE_QMTester/data/results/runs/redesign_hpc_1g_32bugs_fixcounts_20260616T093325Z/shards/raw_runs_shard0000.jsonl'
'/var/tmp/jobfs/qmt_bugs4q_0/summary_shard0000.jsonl' -> '/fred/oz402/nhunguyen/ICSE_QMTester/data/results/runs/redesign_hpc_1g_32bugs_fixcounts_20260616T093325Z/shards/summary_shard0000.jsonl'
[Tue Jun 16 19:35:16 AEST 2026] shard 0 done.

+------------------ Job Report: 13232628 (COMPLETED) ------------------+
| Memory (RAM)  [                    ]  0.1% (1 MB peak / 1 GB)        |
| CPU           [#################   ] 89.3% average                   |
| Time          [>                   ]  4.7% (0-00:01:24 / 0-00:30:00) |
|                                                                      |
| Lustre Filesystem:                                                   |
|   No data available                                                  |
|                                                                      |
| Warnings:                                                            |
|   - Too much memory requested                                        |
|   - Too much time requested                                          |
+----------------------------------------------------------------------+
