[Tue Jun 16 19:09:56 AEST 2026] node=dave12 shard=0
[shard 0/6] loading manifest /work/data/manifests/bugs4q_manifest.csv...
  3 subjects in this shard
  RUN  qiskit_github_10 (1q)
  RUN  qiskit_github_8 (4q)
  RUN  qiskit_stackoverflow_1 (3q)
[shard 0] done -> /var/tmp/jobfs/qmt_bugs4q_0/raw_runs_shard0000.jsonl
[Tue Jun 16 19:10:24 AEST 2026] Copying shards back to /fred...
'/var/tmp/jobfs/qmt_bugs4q_0/morphq_shard0000.jsonl' -> '/fred/oz402/nhunguyen/ICSE_QMTester/data/results/runs/hpc_resource_fix_20260616T090928Z/shards/morphq_shard0000.jsonl'
'/var/tmp/jobfs/qmt_bugs4q_0/morphq_summary_shard0000.jsonl' -> '/fred/oz402/nhunguyen/ICSE_QMTester/data/results/runs/hpc_resource_fix_20260616T090928Z/shards/morphq_summary_shard0000.jsonl'
'/var/tmp/jobfs/qmt_bugs4q_0/raw_runs_shard0000.jsonl' -> '/fred/oz402/nhunguyen/ICSE_QMTester/data/results/runs/hpc_resource_fix_20260616T090928Z/shards/raw_runs_shard0000.jsonl'
'/var/tmp/jobfs/qmt_bugs4q_0/summary_shard0000.jsonl' -> '/fred/oz402/nhunguyen/ICSE_QMTester/data/results/runs/hpc_resource_fix_20260616T090928Z/shards/summary_shard0000.jsonl'
[Tue Jun 16 19:10:24 AEST 2026] shard 0 done.

+------------------ Job Report: 13232306 (COMPLETED) ------------------+
| Memory (RAM)  No data available                                      |
| CPU           [##############      ] 73.5% average                   |
| Time          [>                   ]  0.5% (0-00:00:34 / 0-02:00:00) |
|                                                                      |
| Lustre Filesystem:                                                   |
|   No data available                                                  |
+----------------------------------------------------------------------+
