[Tue Jun 16 19:08:45 AEST 2026] node=dave22 shard=1
[shard 1/6] loading manifest /work/data/manifests/bugs4q_manifest.csv...
  3 subjects in this shard
  RUN  qiskit_github_11 (1q)
  RUN  qiskit_stackexchange_12 (3q)
  RUN  qiskit_stackoverflow_2 (2q)
[shard 1] done -> /var/tmp/jobfs/qmt_bugs4q_1/raw_runs_shard0001.jsonl
[Tue Jun 16 19:09:11 AEST 2026] Copying shards back to /fred...
'/var/tmp/jobfs/qmt_bugs4q_1/morphq_shard0001.jsonl' -> '/fred/oz402/nhunguyen/ICSE_QMTester/data/results/runs/hpc_resource_fix_dryrun/shards/morphq_shard0001.jsonl'
'/var/tmp/jobfs/qmt_bugs4q_1/morphq_summary_shard0001.jsonl' -> '/fred/oz402/nhunguyen/ICSE_QMTester/data/results/runs/hpc_resource_fix_dryrun/shards/morphq_summary_shard0001.jsonl'
'/var/tmp/jobfs/qmt_bugs4q_1/raw_runs_shard0001.jsonl' -> '/fred/oz402/nhunguyen/ICSE_QMTester/data/results/runs/hpc_resource_fix_dryrun/shards/raw_runs_shard0001.jsonl'
'/var/tmp/jobfs/qmt_bugs4q_1/summary_shard0001.jsonl' -> '/fred/oz402/nhunguyen/ICSE_QMTester/data/results/runs/hpc_resource_fix_dryrun/shards/summary_shard0001.jsonl'
[Tue Jun 16 19:09:11 AEST 2026] shard 1 done.

+------------------ Job Report: 13232271 (COMPLETED) ------------------+
| Memory (RAM)  No data available                                      |
| CPU           [############        ] 62.1% average                   |
| Time          [>                   ]  0.4% (0-00:00:29 / 0-02:00:00) |
|                                                                      |
| Lustre Filesystem:                                                   |
|   No data available                                                  |
+----------------------------------------------------------------------+
