[Tue Jun 16 19:33:57 AEST 2026] node=dave66 shard=3
[shard 3/6] loading manifest /work/data/manifests/bugs4q_manifest.csv...
  5 subjects in this shard
  RUN  qiskit_github_12 (2q)
  RUN  qiskit_github_4 (1q)
  RUN  qiskit_stackexchange_11 (2q)
  RUN  qiskit_stackexchange_17 (1q)
  RUN  qiskit_stackoverflow_1 (3q)
[shard 3] done -> /var/tmp/jobfs/qmt_bugs4q_3/raw_runs_shard0003.jsonl
[Tue Jun 16 19:34:38 AEST 2026] Copying shards back to /fred...
'/var/tmp/jobfs/qmt_bugs4q_3/morphq_shard0003.jsonl' -> '/fred/oz402/nhunguyen/ICSE_QMTester/data/results/runs/redesign_hpc_1g_32bugs_fixcounts_20260616T093325Z/shards/morphq_shard0003.jsonl'
'/var/tmp/jobfs/qmt_bugs4q_3/morphq_summary_shard0003.jsonl' -> '/fred/oz402/nhunguyen/ICSE_QMTester/data/results/runs/redesign_hpc_1g_32bugs_fixcounts_20260616T093325Z/shards/morphq_summary_shard0003.jsonl'
'/var/tmp/jobfs/qmt_bugs4q_3/raw_runs_shard0003.jsonl' -> '/fred/oz402/nhunguyen/ICSE_QMTester/data/results/runs/redesign_hpc_1g_32bugs_fixcounts_20260616T093325Z/shards/raw_runs_shard0003.jsonl'
'/var/tmp/jobfs/qmt_bugs4q_3/summary_shard0003.jsonl' -> '/fred/oz402/nhunguyen/ICSE_QMTester/data/results/runs/redesign_hpc_1g_32bugs_fixcounts_20260616T093325Z/shards/summary_shard0003.jsonl'
[Tue Jun 16 19:34:38 AEST 2026] shard 3 done.

+------------------ Job Report: 13232631 (COMPLETED) ------------------+
| Memory (RAM)  No data available                                      |
| CPU           [#################   ] 87.0% average                   |
| Time          [>                   ]  2.6% (0-00:00:46 / 0-00:30:00) |
|                                                                      |
| Lustre Filesystem:                                                   |
|   Path    Total Read    Total Write      Total IOPS                  |
|   ------  ------------  -------------  ------------                  |
|   /apps   0 B           0 B                      3                   |
|   /fred   20 KB         116 B                   39                   |
|   /home   0 B           0 B                      1                   |
|   OS      0 B           0 B                      2                   |
+----------------------------------------------------------------------+
