[Tue Jun 16 19:18:27 AEST 2026] node=dave76 shard=5
[shard 5/6] loading manifest /work/data/manifests/bugs4q_manifest.csv...
  2 subjects in this shard
  RUN  qiskit_github_7 (4q)
  RUN  qiskit_stackexchange_9 (2q)
[shard 5] done -> /var/tmp/jobfs/qmt_bugs4q_5/raw_runs_shard0005.jsonl
[Tue Jun 16 19:18:49 AEST 2026] Copying shards back to /fred...
'/var/tmp/jobfs/qmt_bugs4q_5/morphq_shard0005.jsonl' -> '/fred/oz402/nhunguyen/ICSE_QMTester/data/results/runs/hpc_resource_fix_1g_20260616T091805Z/shards/morphq_shard0005.jsonl'
'/var/tmp/jobfs/qmt_bugs4q_5/morphq_summary_shard0005.jsonl' -> '/fred/oz402/nhunguyen/ICSE_QMTester/data/results/runs/hpc_resource_fix_1g_20260616T091805Z/shards/morphq_summary_shard0005.jsonl'
'/var/tmp/jobfs/qmt_bugs4q_5/raw_runs_shard0005.jsonl' -> '/fred/oz402/nhunguyen/ICSE_QMTester/data/results/runs/hpc_resource_fix_1g_20260616T091805Z/shards/raw_runs_shard0005.jsonl'
'/var/tmp/jobfs/qmt_bugs4q_5/summary_shard0005.jsonl' -> '/fred/oz402/nhunguyen/ICSE_QMTester/data/results/runs/hpc_resource_fix_1g_20260616T091805Z/shards/summary_shard0005.jsonl'
[Tue Jun 16 19:18:49 AEST 2026] shard 5 done.

+------------------ Job Report: 13232407 (COMPLETED) ------------------+
| Memory (RAM)  No data available                                      |
| CPU           [###############     ] 77.8% average                   |
| Time          [>                   ]  1.5% (0-00:00:27 / 0-00:30:00) |
|                                                                      |
| Lustre Filesystem:                                                   |
|   No data available                                                  |
+----------------------------------------------------------------------+
