[Tue Jun 16 19:18:26 AEST 2026] node=dave76 shard=4
[shard 4/6] loading manifest /work/data/manifests/bugs4q_manifest.csv...
  3 subjects in this shard
  RUN  qiskit_github_17 (3q)
  RUN  qiskit_stackexchange_8 (8q)
  RUN  qiskit_stackoverflow_7 (3q)
[shard 4] done -> /var/tmp/jobfs/qmt_bugs4q_4/raw_runs_shard0004.jsonl
[Tue Jun 16 19:19:30 AEST 2026] Copying shards back to /fred...
'/var/tmp/jobfs/qmt_bugs4q_4/morphq_shard0004.jsonl' -> '/fred/oz402/nhunguyen/ICSE_QMTester/data/results/runs/hpc_resource_fix_1g_20260616T091805Z/shards/morphq_shard0004.jsonl'
'/var/tmp/jobfs/qmt_bugs4q_4/morphq_summary_shard0004.jsonl' -> '/fred/oz402/nhunguyen/ICSE_QMTester/data/results/runs/hpc_resource_fix_1g_20260616T091805Z/shards/morphq_summary_shard0004.jsonl'
'/var/tmp/jobfs/qmt_bugs4q_4/raw_runs_shard0004.jsonl' -> '/fred/oz402/nhunguyen/ICSE_QMTester/data/results/runs/hpc_resource_fix_1g_20260616T091805Z/shards/raw_runs_shard0004.jsonl'
'/var/tmp/jobfs/qmt_bugs4q_4/summary_shard0004.jsonl' -> '/fred/oz402/nhunguyen/ICSE_QMTester/data/results/runs/hpc_resource_fix_1g_20260616T091805Z/shards/summary_shard0004.jsonl'
[Tue Jun 16 19:19:30 AEST 2026] shard 4 done.

+------------------ Job Report: 13232417 (COMPLETED) ------------------+
| Memory (RAM)  [                    ]  0.1% (1 MB peak / 1 GB)        |
| CPU           [#################   ] 88.2% average                   |
| Time          [>                   ]  3.8% (0-00:01:08 / 0-00:30:00) |
|                                                                      |
| Lustre Filesystem:                                                   |
|   Path    Total Read    Total Write      Total IOPS                  |
|   ------  ------------  -------------  ------------                  |
|   /apps   59 MB         0 B                     12                   |
|   /fred   64.1 MB       116 B                  124                   |
|   /home   12 KB         0 B                      9                   |
|   OS      0 B           0 B                     39                   |
|                                                                      |
| Warnings:                                                            |
|   - Too much memory requested                                        |
|   - Too much time requested                                          |
+----------------------------------------------------------------------+
