[Tue Jun 16 19:10:28 AEST 2026] node=dave17 shard=9 FAMILIES=all
[shard 9] 25 mutants
  MUTANT m0010 op=gate_swap
  MUTANT m0020 op=qubit_index
  MUTANT m0030 op=qubit_index
  MUTANT m0040 op=gate_replace
  MUTANT m0050 op=gate_delete
  MUTANT m0060 op=qubit_index
  MUTANT m0070 op=qubit_index
  MUTANT m0080 op=qubit_index
  MUTANT m0090 op=gate_replace
  MUTANT m0100 op=measurement_map
  MUTANT m0110 op=gate_delete
  MUTANT m0120 op=gate_delete
  MUTANT m0130 op=gate_swap
  MUTANT m0140 op=phase_flip
  MUTANT m0150 op=gate_replace
  MUTANT m0160 op=gate_swap
  MUTANT m0170 op=qubit_index
  MUTANT m0180 op=gate_replace
  MUTANT m0190 op=gate_delete
  MUTANT m0200 op=gate_delete
  MUTANT m0210 op=qubit_index
  MUTANT m0220 op=gate_replace
  MUTANT m0230 op=gate_replace
  MUTANT m0240 op=qubit_index
  MUTANT m0250 op=gate_replace
[shard 9] done -> /var/tmp/jobfs/qmt_injected_9/injected_identity_swap_phase_equivalence_shard0009.jsonl
'/var/tmp/jobfs/qmt_injected_9/injected_identity_swap_phase_equivalence_shard0009.jsonl' -> '/fred/oz402/nhunguyen/ICSE_QMTester/data/results/runs/hpc_resource_fix_20260616T090928Z/shards/injected_identity_swap_phase_equivalence_shard0009.jsonl'
'/var/tmp/jobfs/qmt_injected_9/injected_summary_identity_swap_phase_equivalence_shard0009.jsonl' -> '/fred/oz402/nhunguyen/ICSE_QMTester/data/results/runs/hpc_resource_fix_20260616T090928Z/shards/injected_summary_identity_swap_phase_equivalence_shard0009.jsonl'
[Tue Jun 16 19:16:33 AEST 2026] shard 9 done.

+------------------ Job Report: 13232299 (COMPLETED) ------------------+
| Memory (RAM)  [                    ]  2.2% (92 MB peak / 4 GB)       |
| CPU           [################### ] 97.0% average                   |
| Time          [>                   ]  3.4% (0-00:06:09 / 0-03:00:00) |
|                                                                      |
| Lustre Filesystem:                                                   |
|   Path    Total Read    Total Write      Total IOPS                  |
|   ------  ------------  -------------  ------------                  |
|   /apps   0 B           0 B                      4                   |
|   /fred   1.1 MB        129 B                  780                   |
|   /home   0 B           0 B                      1                   |
|                                                                      |
| Warnings:                                                            |
|   - Too much memory requested                                        |
|   - Too much time requested                                          |
+----------------------------------------------------------------------+
