[Mon Jun 15 23:20:12 AEST 2026] node=dave22 shard=3 FAMILIES=all
[1.+0.j 0.+0.j 0.+0.j 0.+0.j 0.+0.j 0.+0.j 0.+0.j 0.+0.j 0.+0.j 0.+0.j
 0.+0.j 0.+0.j 0.+0.j 0.+0.j 0.+0.j 0.+0.j 0.+0.j 0.+0.j 0.+0.j 0.+0.j
 0.+0.j 0.+0.j 0.+0.j 0.+0.j 0.+0.j 0.+0.j 0.+0.j 0.+0.j 0.+0.j 0.+0.j
 0.+0.j 0.+0.j]
                    ┌───┐┌─┐        
q_0: ────────────■──┤ H ├┤M├──────■─
     ┌───┐     ┌─┴─┐└┬─┬┘└╥┘      │ 
q_1: ┤ H ├──■──┤ X ├─┤M├──╫───■───┼─
     └───┘┌─┴─┐└───┘ └╥┘  ║ ┌─┴─┐ │ 
q_2: ─────┤ X ├───────╫───╫─┤ X ├─■─
          └───┘       ║   ║ └───┘   
c: 3/═════════════════╩═══╩═════════
                      1   0         
2
{'1101': 25, '1111': 103, '0001': 60, '1011': 93, '0111': 112, '0011': 87, '1100': 43, '0110': 36, '1000': 62, '0000': 64, '0010': 88, '1001': 44, '0101': 46, '1110': 28, '0100': 38, '1010': 95}
NoiseModel:
  Basis gates: ['cz', 'h', 'id', 'rx', 'rz']
  Instructions with noise: ['rz', 'rx', 'h', 'cz']
  All-qubits errors: ['h', 'rx', 'rz', 'cz']

Total count: {'011': 1000}
      ┌──────┐
qr_0: ┤1     ├
      │      │
qr_1: ┤0 ghz ├
      │      │
qr_2: ┤2     ├
      └──┬───┘
qr_3: ───■────
              
      ┌──────┐
qr_0: ┤1     ├
      │      │
qr_1: ┤0 ghz ├
      │      │
qr_2: ┤2     ├
      └──────┘
qr_3: ────────
              
      ┌──────┐
qr_0: ┤2     ├
      │      │
qr_1: ┤0     ├
      │  ghz │
qr_2: ┤      ├
      │      │
qr_3: ┤1     ├
      └──────┘
[[1. +0.j  0. +0.j  0. +0.j  0. +0.j  0. +0.j  0. +0.j  0. +0.j  0. +0.j
  0. +0.j  0. +0.j  0. +0.j  0. +0.j  0. +0.j  0. +0.j  0. +0.j  0. +0.j ]
 [0. +0.j  1. +0.j  0. +0.j  0. +0.j  0. +0.j  0. +0.j  0. +0.j  0. +0.j
  0. +0.j  0. +0.j  0. +0.j  0. +0.j  0. +0.j  0. +0.j  0. +0.j  0. +0.j ]
 [0. +0.j  0. +0.j  1. +0.j  0. +0.j  0. +0.j  0. +0.j  0. +0.j  0. +0.j
  0. +0.j  0. +0.j  0. +0.j  0. +0.j  0. +0.j  0. +0.j  0. +0.j  0. +0.j ]
 [0. +0.j  0. +0.j  0. +0.j  1. +0.j  0. +0.j  0. +0.j  0. +0.j  0. +0.j
  0. +0.j  0. +0.j  0. +0.j  0. +0.j  0. +0.j  0. +0.j  0. +0.j  0. +0.j ]
 [0. +0.j  0. +0.j  0. +0.j  0. +0.j  1. +0.j  0. +0.j  0. +0.j  0. +0.j
  0. +0.j  0. +0.j  0. +0.j  0. +0.j  0. +0.j  0. +0.j  0. +0.j  0. +0.j ]
 [0. +0.j  0. +0.j  0. +0.j  0. +0.j  0. +0.j  1. +0.j  0. +0.j  0. +0.j
  0. +0.j  0. +0.j  0. +0.j  0. +0.j  0. +0.j  0. +0.j  0. +0.j  0. +0.j ]
 [0. +0.j  0. +0.j  0. +0.j  0. +0.j  0. +0.j  0. +0.j  1. +0.j  0. +0.j
  0. +0.j  0. +0.j  0. +0.j  0. +0.j  0. +0.j  0. +0.j  0. +0.j  0. +0.j ]
 [0. +0.j  0. +0.j  0. +0.j  0. +0.j  0. +0.j  0. +0.j  0. +0.j  1. +0.j
  0. +0.j  0. +0.j  0. +0.j  0. +0.j  0. +0.j  0. +0.j  0. +0.j  0. +0.j ]
 [0. +0.j  0. +0.j  0. +0.j  0. +0.j  0. +0.j  0. +0.j  0. +0.j  0. +0.j
  0.4-0.9j 0. +0.j  0. +0.j  0. +0.j  0. +0.j  0. +0.j  0. +0.j  0. +0.j ]
 [0. +0.j  0. +0.j  0. +0.j  0. +0.j  0. +0.j  0. +0.j  0. +0.j  0. +0.j
  0. +0.j  0.9+0.4j 0. +0.j  0. +0.j  0. +0.j  0. +0.j  0. +0.j  0. +0.j ]
 [0. +0.j  0. +0.j  0. +0.j  0. +0.j  0. +0.j  0. +0.j  0. +0.j  0. +0.j
  0. +0.j  0. +0.j  0.4-0.9j 0. +0.j  0. +0.j  0. +0.j  0. +0.j  0. +0.j ]
 [0. +0.j  0. +0.j  0. +0.j  0. +0.j  0. +0.j  0. +0.j  0. +0.j  0. +0.j
  0. +0.j  0. +0.j  0. +0.j  0.9+0.4j 0. +0.j  0. +0.j  0. +0.j  0. +0.j ]
 [0. +0.j  0. +0.j  0. +0.j  0. +0.j  0. +0.j  0. +0.j  0. +0.j  0. +0.j
  0. +0.j  0. +0.j  0. +0.j  0. +0.j  0.9-0.4j 0. +0.j  0. +0.j  0. +0.j ]
 [0. +0.j  0. +0.j  0. +0.j  0. +0.j  0. +0.j  0. +0.j  0. +0.j  0. +0.j
  0. +0.j  0. +0.j  0. +0.j  0. +0.j  0. +0.j  0.4+0.9j 0. +0.j  0. +0.j ]
 [0. +0.j  0. +0.j  0. +0.j  0. +0.j  0. +0.j  0. +0.j  0. +0.j  0. +0.j
  0. +0.j  0. +0.j  0. +0.j  0. +0.j  0. +0.j  0. +0.j  0.9-0.4j 0. +0.j ]
 [0. +0.j  0. +0.j  0. +0.j  0. +0.j  0. +0.j  0. +0.j  0. +0.j  0. +0.j
  0. +0.j  0. +0.j  0. +0.j  0. +0.j  0. +0.j  0. +0.j  0. +0.j  0.4+0.9j]]
010
Statevector([0.+0.j, 0.+0.j, 0.+0.j, 0.+0.j, 0.+0.j, 0.+0.j, 0.+0.j,
             1.+0.j],
            dims=(2, 2, 2))
{'111': 1024}
{'01': 262, '10': 250, '00': 279, '11': 233}
        ┌───┐      ░ ┌─┐   
   q_0: ┤ H ├──■───░─┤M├───
        ├───┤┌─┴─┐ ░ └╥┘┌─┐
   q_1: ┤ H ├┤ X ├─░──╫─┤M├
        └───┘└───┘ ░  ║ └╥┘
meas: 2/══════════════╩══╩═
                      0  1 
{'01 00': 235, '00 00': 275, '10 00': 250, '11 00': 264}
[QuantumRegister(1, 'q81')]
[]
ParameterView([ParameterVectorElement(θ[0]), ParameterVectorElement(θ[1]), ParameterVectorElement(θ[2]), ParameterVectorElement(θ[3]), ParameterVectorElement(θ[4]), ParameterVectorElement(θ[5]), ParameterVectorElement(θ[6]), ParameterVectorElement(θ[7])])
0.001

+------------------- Job Report: 13203306 (FAILED) --------------------+
| Memory (RAM)  No data available                                      |
| CPU           [                    ]  0.4% average                   |
| Time          [>                   ]  0.0% (0-00:00:08 / 0-06:00:00) |
|                                                                      |
| Lustre Filesystem:                                                   |
|   No data available                                                  |
+----------------------------------------------------------------------+
