[Tue Jun 16 19:33:57 AEST 2026] node=dave92 shard=0 FAMILIES=all
[shard 0] 25 mutants
  MUTANT m0001 op=gate_replace
  MUTANT m0011 op=gate_delete
  MUTANT m0021 op=gate_delete
  MUTANT m0031 op=gate_delete
  MUTANT m0041 op=qubit_index
  MUTANT m0051 op=gate_delete
  MUTANT m0061 op=qubit_index
  MUTANT m0071 op=gate_delete
  MUTANT m0081 op=gate_delete
  MUTANT m0091 op=qubit_index
  MUTANT m0101 op=gate_delete
  MUTANT m0111 op=measurement_map
  MUTANT m0121 op=measurement_map
  MUTANT m0131 op=gate_delete
  MUTANT m0141 op=measurement_map
  MUTANT m0151 op=measurement_map
  MUTANT m0161 op=measurement_map
  MUTANT m0171 op=qubit_index
  MUTANT m0181 op=qubit_index
  MUTANT m0191 op=gate_replace
  MUTANT m0201 op=gate_replace
  MUTANT m0211 op=qubit_index
  MUTANT m0221 op=qubit_index
  MUTANT m0231 op=gate_replace
  MUTANT m0241 op=measurement_map
[shard 0] done -> /var/tmp/jobfs/qmt_injected_0/injected_identity_swap_phase_equivalence_shard0000.jsonl
'/var/tmp/jobfs/qmt_injected_0/injected_identity_swap_phase_equivalence_shard0000.jsonl' -> '/fred/oz402/nhunguyen/ICSE_QMTester/data/results/runs/redesign_hpc_1g_32bugs_fixcounts_20260616T093325Z/shards/injected_identity_swap_phase_equivalence_shard0000.jsonl'
'/var/tmp/jobfs/qmt_injected_0/injected_summary_identity_swap_phase_equivalence_shard0000.jsonl' -> '/fred/oz402/nhunguyen/ICSE_QMTester/data/results/runs/redesign_hpc_1g_32bugs_fixcounts_20260616T093325Z/shards/injected_summary_identity_swap_phase_equivalence_shard0000.jsonl'
[Tue Jun 16 19:39:54 AEST 2026] shard 0 done.

+------------------ Job Report: 13232633 (COMPLETED) ------------------+
| Memory (RAM)  [#                   ]  9.0% (92 MB peak / 1 GB)       |
| CPU           [################### ] 96.1% average                   |
| Time          [-->                 ] 13.4% (0-00:06:02 / 0-00:45:00) |
|                                                                      |
| Lustre Filesystem:                                                   |
|   No data available                                                  |
|                                                                      |
| Warnings:                                                            |
|   - Too much memory requested                                        |
|   - Too much time requested                                          |
+----------------------------------------------------------------------+
