[Tue Jun 16 19:33:58 AEST 2026] node=dave94 shard=2 FAMILIES=all
[shard 2] 25 mutants
  MUTANT m0003 op=gate_delete
  MUTANT m0013 op=gate_delete
  MUTANT m0023 op=qubit_index
  MUTANT m0033 op=gate_replace
  MUTANT m0043 op=qubit_index
  MUTANT m0053 op=gate_delete
  MUTANT m0063 op=gate_replace
  MUTANT m0073 op=gate_delete
  MUTANT m0083 op=gate_delete
  MUTANT m0093 op=gate_replace
  MUTANT m0103 op=gate_replace
  MUTANT m0113 op=gate_replace
  MUTANT m0123 op=gate_delete
  MUTANT m0133 op=qubit_index
  MUTANT m0143 op=gate_delete
  MUTANT m0153 op=qubit_index
  MUTANT m0163 op=measurement_map
  MUTANT m0173 op=gate_delete
  MUTANT m0183 op=gate_delete
  MUTANT m0193 op=gate_delete
  MUTANT m0203 op=gate_delete
  MUTANT m0213 op=gate_swap
  MUTANT m0223 op=gate_replace
  MUTANT m0233 op=gate_delete
  MUTANT m0243 op=qubit_index
[shard 2] done -> /var/tmp/jobfs/qmt_injected_2/injected_identity_swap_phase_equivalence_shard0002.jsonl
'/var/tmp/jobfs/qmt_injected_2/injected_identity_swap_phase_equivalence_shard0002.jsonl' -> '/fred/oz402/nhunguyen/ICSE_QMTester/data/results/runs/redesign_hpc_1g_32bugs_fixcounts_20260616T093325Z/shards/injected_identity_swap_phase_equivalence_shard0002.jsonl'
'/var/tmp/jobfs/qmt_injected_2/injected_summary_identity_swap_phase_equivalence_shard0002.jsonl' -> '/fred/oz402/nhunguyen/ICSE_QMTester/data/results/runs/redesign_hpc_1g_32bugs_fixcounts_20260616T093325Z/shards/injected_summary_identity_swap_phase_equivalence_shard0002.jsonl'
[Tue Jun 16 19:38:41 AEST 2026] shard 2 done.

+------------------ Job Report: 13232635 (COMPLETED) ------------------+
| Memory (RAM)  [#                   ]  9.2% (94 MB peak / 1 GB)       |
| CPU           [################### ] 95.8% average                   |
| Time          [-->                 ] 10.7% (0-00:04:49 / 0-00:45:00) |
|                                                                      |
| Lustre Filesystem:                                                   |
|   Path    Total Read    Total Write      Total IOPS                  |
|   ------  ------------  -------------  ------------                  |
|   /apps   0 B           0 B                      4                   |
|   /fred   1.2 MB        129 B                  790                   |
|   /home   0 B           0 B                      1                   |
|   OS      0 B           0 B                      2                   |
|                                                                      |
| Warnings:                                                            |
|   - Too much memory requested                                        |
|   - Too much time requested                                          |
+----------------------------------------------------------------------+
