[Tue Jun 16 05:17:32 AEST 2026] node=dave140 shard=2 FAMILIES=all
[0.+0.j 0.+0.j 0.+0.j 0.+0.j 0.+0.j 0.+0.j 0.+0.j 0.+0.j 0.+0.j 0.+0.j
 0.+0.j 0.+0.j 0.+0.j 0.+0.j 0.+0.j 0.+0.j 0.+0.j 0.+0.j 0.+0.j 0.+0.j
 0.+0.j 0.+0.j 0.+0.j 0.+0.j 0.+0.j 0.+0.j 0.+0.j 0.+0.j 0.+0.j 0.+0.j
 0.+0.j 1.+0.j]
                    ┌───┐┌─┐        
q_0: ────────────■──┤ H ├┤M├──────■─
     ┌───┐     ┌─┴─┐└┬─┬┘└╥┘      │ 
q_1: ┤ H ├──■──┤ X ├─┤M├──╫───■───┼─
     └───┘┌─┴─┐└───┘ └╥┘  ║ ┌─┴─┐ │ 
q_2: ─────┤ X ├───────╫───╫─┤ X ├─■─
          └───┘       ║   ║ └───┘   
c: 3/═════════════════╩═══╩═════════
                      1   0         
2
{'0110': 36, '1000': 57, '1011': 94, '0011': 98, '0111': 92, '0100': 29, '1100': 34, '0101': 33, '1001': 38, '0000': 73, '0010': 91, '0001': 59, '1111': 124, '1110': 31, '1010': 93, '1101': 42}
NoiseModel:
  Basis gates: ['cz', 'h', 'id', 'rx', 'rz']
  Instructions with noise: ['rz', 'cz', 'rx', 'h']
  All-qubits errors: ['h', 'rx', 'rz', 'cz']

Total count: {'011': 1000}
      ┌──────┐
qr_0: ┤1     ├
      │      │
qr_1: ┤0 ghz ├
      │      │
qr_2: ┤2     ├
      └──┬───┘
qr_3: ───■────
              
      ┌──────┐
qr_0: ┤1     ├
      │      │
qr_1: ┤0 ghz ├
      │      │
qr_2: ┤2     ├
      └──────┘
qr_3: ────────
              
      ┌──────┐
qr_0: ┤2     ├
      │      │
qr_1: ┤0     ├
      │  ghz │
qr_2: ┤      ├
      │      │
qr_3: ┤1     ├
      └──────┘
[[1. +0.j  0. +0.j  0. +0.j  0. +0.j  0. +0.j  0. +0.j  0. +0.j  0. +0.j
  0. +0.j  0. +0.j  0. +0.j  0. +0.j  0. +0.j  0. +0.j  0. +0.j  0. +0.j ]
 [0. +0.j  1. +0.j  0. +0.j  0. +0.j  0. +0.j  0. +0.j  0. +0.j  0. +0.j
  0. +0.j  0. +0.j  0. +0.j  0. +0.j  0. +0.j  0. +0.j  0. +0.j  0. +0.j ]
 [0. +0.j  0. +0.j  1. +0.j  0. +0.j  0. +0.j  0. +0.j  0. +0.j  0. +0.j
  0. +0.j  0. +0.j  0. +0.j  0. +0.j  0. +0.j  0. +0.j  0. +0.j  0. +0.j ]
 [0. +0.j  0. +0.j  0. +0.j  1. +0.j  0. +0.j  0. +0.j  0. +0.j  0. +0.j
  0. +0.j  0. +0.j  0. +0.j  0. +0.j  0. +0.j  0. +0.j  0. +0.j  0. +0.j ]
 [0. +0.j  0. +0.j  0. +0.j  0. +0.j  1. +0.j  0. +0.j  0. +0.j  0. +0.j
  0. +0.j  0. +0.j  0. +0.j  0. +0.j  0. +0.j  0. +0.j  0. +0.j  0. +0.j ]
 [0. +0.j  0. +0.j  0. +0.j  0. +0.j  0. +0.j  1. +0.j  0. +0.j  0. +0.j
  0. +0.j  0. +0.j  0. +0.j  0. +0.j  0. +0.j  0. +0.j  0. +0.j  0. +0.j ]
 [0. +0.j  0. +0.j  0. +0.j  0. +0.j  0. +0.j  0. +0.j  1. +0.j  0. +0.j
  0. +0.j  0. +0.j  0. +0.j  0. +0.j  0. +0.j  0. +0.j  0. +0.j  0. +0.j ]
 [0. +0.j  0. +0.j  0. +0.j  0. +0.j  0. +0.j  0. +0.j  0. +0.j  1. +0.j
  0. +0.j  0. +0.j  0. +0.j  0. +0.j  0. +0.j  0. +0.j  0. +0.j  0. +0.j ]
 [0. +0.j  0. +0.j  0. +0.j  0. +0.j  0. +0.j  0. +0.j  0. +0.j  0. +0.j
  0.4-0.9j 0. +0.j  0. +0.j  0. +0.j  0. +0.j  0. +0.j  0. +0.j  0. +0.j ]
 [0. +0.j  0. +0.j  0. +0.j  0. +0.j  0. +0.j  0. +0.j  0. +0.j  0. +0.j
  0. +0.j  0.9+0.4j 0. +0.j  0. +0.j  0. +0.j  0. +0.j  0. +0.j  0. +0.j ]
 [0. +0.j  0. +0.j  0. +0.j  0. +0.j  0. +0.j  0. +0.j  0. +0.j  0. +0.j
  0. +0.j  0. +0.j  0.4-0.9j 0. +0.j  0. +0.j  0. +0.j  0. +0.j  0. +0.j ]
 [0. +0.j  0. +0.j  0. +0.j  0. +0.j  0. +0.j  0. +0.j  0. +0.j  0. +0.j
  0. +0.j  0. +0.j  0. +0.j  0.9+0.4j 0. +0.j  0. +0.j  0. +0.j  0. +0.j ]
 [0. +0.j  0. +0.j  0. +0.j  0. +0.j  0. +0.j  0. +0.j  0. +0.j  0. +0.j
  0. +0.j  0. +0.j  0. +0.j  0. +0.j  0.9-0.4j 0. +0.j  0. +0.j  0. +0.j ]
 [0. +0.j  0. +0.j  0. +0.j  0. +0.j  0. +0.j  0. +0.j  0. +0.j  0. +0.j
  0. +0.j  0. +0.j  0. +0.j  0. +0.j  0. +0.j  0.4+0.9j 0. +0.j  0. +0.j ]
 [0. +0.j  0. +0.j  0. +0.j  0. +0.j  0. +0.j  0. +0.j  0. +0.j  0. +0.j
  0. +0.j  0. +0.j  0. +0.j  0. +0.j  0. +0.j  0. +0.j  0.9-0.4j 0. +0.j ]
 [0. +0.j  0. +0.j  0. +0.j  0. +0.j  0. +0.j  0. +0.j  0. +0.j  0. +0.j
  0. +0.j  0. +0.j  0. +0.j  0. +0.j  0. +0.j  0. +0.j  0. +0.j  0.4+0.9j]]
001
Statevector([0.+0.j, 0.+0.j, 0.+0.j, 0.+0.j, 0.+0.j, 0.+0.j, 0.+0.j,
             1.+0.j],
            dims=(2, 2, 2))
{'111': 1024}
{'11': 257, '01': 253, '00': 266, '10': 248}
        ┌───┐      ░ ┌─┐   
   q_0: ┤ H ├──■───░─┤M├───
        ├───┤┌─┴─┐ ░ └╥┘┌─┐
   q_1: ┤ H ├┤ X ├─░──╫─┤M├
        └───┘└───┘ ░  ║ └╥┘
meas: 2/══════════════╩══╩═
                      0  1 
{'10 00': 257, '11 00': 245, '00 00': 275, '01 00': 247}
[QuantumRegister(1, 'q81')]
[]
ParameterView([ParameterVectorElement(θ[0]), ParameterVectorElement(θ[1]), ParameterVectorElement(θ[2]), ParameterVectorElement(θ[3]), ParameterVectorElement(θ[4]), ParameterVectorElement(θ[5]), ParameterVectorElement(θ[6]), ParameterVectorElement(θ[7])])
0.001

+------------------- Job Report: 13214383 (FAILED) --------------------+
| Memory (RAM)  No data available                                      |
| CPU           [                    ]  0.4% average                   |
| Time          [>                   ]  0.0% (0-00:00:08 / 0-06:00:00) |
|                                                                      |
| Lustre Filesystem:                                                   |
|   No data available                                                  |
+----------------------------------------------------------------------+
