[Tue Jun 16 05:30:30 AEST 2026] node=dave145 shard=2 FAMILIES=all
[0.+0.j 0.+0.j 0.+0.j 0.+0.j 0.+0.j 0.+0.j 0.+0.j 0.+0.j 0.+0.j 0.+0.j
 0.+0.j 0.+0.j 0.+0.j 0.+0.j 0.+0.j 0.+0.j 0.+0.j 0.+0.j 0.+0.j 0.+0.j
 0.+0.j 0.+0.j 0.+0.j 0.+0.j 0.+0.j 0.+0.j 0.+0.j 0.+0.j 0.+0.j 0.+0.j
 0.+0.j 1.+0.j]
                    ┌───┐┌─┐        
q_0: ────────────■──┤ H ├┤M├──────■─
     ┌───┐     ┌─┴─┐└┬─┬┘└╥┘      │ 
q_1: ┤ H ├──■──┤ X ├─┤M├──╫───■───┼─
     └───┘┌─┴─┐└───┘ └╥┘  ║ ┌─┴─┐ │ 
q_2: ─────┤ X ├───────╫───╫─┤ X ├─■─
          └───┘       ║   ║ └───┘   
c: 3/═════════════════╩═══╩═════════
                      1   0         
2
{'0000': 40, '1110': 32, '1001': 56, '0101': 41, '0100': 35, '1100': 41, '0001': 53, '1111': 107, '1011': 106, '0011': 94, '0111': 99, '1101': 31, '1000': 54, '0110': 44, '0010': 85, '1010': 106}
NoiseModel:
  Basis gates: ['cz', 'h', 'id', 'rx', 'rz']
  Instructions with noise: ['rx', 'h', 'cz', 'rz']
  All-qubits errors: ['h', 'rx', 'rz', 'cz']

Total count: {'011': 1000}
      ┌──────┐
qr_0: ┤1     ├
      │      │
qr_1: ┤0 ghz ├
      │      │
qr_2: ┤2     ├
      └──┬───┘
qr_3: ───■────
              
      ┌──────┐
qr_0: ┤1     ├
      │      │
qr_1: ┤0 ghz ├
      │      │
qr_2: ┤2     ├
      └──────┘
qr_3: ────────
              
      ┌──────┐
qr_0: ┤2     ├
      │      │
qr_1: ┤0     ├
      │  ghz │
qr_2: ┤      ├
      │      │
qr_3: ┤1     ├
      └──────┘
[[1. +0.j  0. +0.j  0. +0.j  0. +0.j  0. +0.j  0. +0.j  0. +0.j  0. +0.j
  0. +0.j  0. +0.j  0. +0.j  0. +0.j  0. +0.j  0. +0.j  0. +0.j  0. +0.j ]
 [0. +0.j  1. +0.j  0. +0.j  0. +0.j  0. +0.j  0. +0.j  0. +0.j  0. +0.j
  0. +0.j  0. +0.j  0. +0.j  0. +0.j  0. +0.j  0. +0.j  0. +0.j  0. +0.j ]
 [0. +0.j  0. +0.j  1. +0.j  0. +0.j  0. +0.j  0. +0.j  0. +0.j  0. +0.j
  0. +0.j  0. +0.j  0. +0.j  0. +0.j  0. +0.j  0. +0.j  0. +0.j  0. +0.j ]
 [0. +0.j  0. +0.j  0. +0.j  1. +0.j  0. +0.j  0. +0.j  0. +0.j  0. +0.j
  0. +0.j  0. +0.j  0. +0.j  0. +0.j  0. +0.j  0. +0.j  0. +0.j  0. +0.j ]
 [0. +0.j  0. +0.j  0. +0.j  0. +0.j  1. +0.j  0. +0.j  0. +0.j  0. +0.j
  0. +0.j  0. +0.j  0. +0.j  0. +0.j  0. +0.j  0. +0.j  0. +0.j  0. +0.j ]
 [0. +0.j  0. +0.j  0. +0.j  0. +0.j  0. +0.j  1. +0.j  0. +0.j  0. +0.j
  0. +0.j  0. +0.j  0. +0.j  0. +0.j  0. +0.j  0. +0.j  0. +0.j  0. +0.j ]
 [0. +0.j  0. +0.j  0. +0.j  0. +0.j  0. +0.j  0. +0.j  1. +0.j  0. +0.j
  0. +0.j  0. +0.j  0. +0.j  0. +0.j  0. +0.j  0. +0.j  0. +0.j  0. +0.j ]
 [0. +0.j  0. +0.j  0. +0.j  0. +0.j  0. +0.j  0. +0.j  0. +0.j  1. +0.j
  0. +0.j  0. +0.j  0. +0.j  0. +0.j  0. +0.j  0. +0.j  0. +0.j  0. +0.j ]
 [0. +0.j  0. +0.j  0. +0.j  0. +0.j  0. +0.j  0. +0.j  0. +0.j  0. +0.j
  0.4-0.9j 0. +0.j  0. +0.j  0. +0.j  0. +0.j  0. +0.j  0. +0.j  0. +0.j ]
 [0. +0.j  0. +0.j  0. +0.j  0. +0.j  0. +0.j  0. +0.j  0. +0.j  0. +0.j
  0. +0.j  0.9+0.4j 0. +0.j  0. +0.j  0. +0.j  0. +0.j  0. +0.j  0. +0.j ]
 [0. +0.j  0. +0.j  0. +0.j  0. +0.j  0. +0.j  0. +0.j  0. +0.j  0. +0.j
  0. +0.j  0. +0.j  0.4-0.9j 0. +0.j  0. +0.j  0. +0.j  0. +0.j  0. +0.j ]
 [0. +0.j  0. +0.j  0. +0.j  0. +0.j  0. +0.j  0. +0.j  0. +0.j  0. +0.j
  0. +0.j  0. +0.j  0. +0.j  0.9+0.4j 0. +0.j  0. +0.j  0. +0.j  0. +0.j ]
 [0. +0.j  0. +0.j  0. +0.j  0. +0.j  0. +0.j  0. +0.j  0. +0.j  0. +0.j
  0. +0.j  0. +0.j  0. +0.j  0. +0.j  0.9-0.4j 0. +0.j  0. +0.j  0. +0.j ]
 [0. +0.j  0. +0.j  0. +0.j  0. +0.j  0. +0.j  0. +0.j  0. +0.j  0. +0.j
  0. +0.j  0. +0.j  0. +0.j  0. +0.j  0. +0.j  0.4+0.9j 0. +0.j  0. +0.j ]
 [0. +0.j  0. +0.j  0. +0.j  0. +0.j  0. +0.j  0. +0.j  0. +0.j  0. +0.j
  0. +0.j  0. +0.j  0. +0.j  0. +0.j  0. +0.j  0. +0.j  0.9-0.4j 0. +0.j ]
 [0. +0.j  0. +0.j  0. +0.j  0. +0.j  0. +0.j  0. +0.j  0. +0.j  0. +0.j
  0. +0.j  0. +0.j  0. +0.j  0. +0.j  0. +0.j  0. +0.j  0. +0.j  0.4+0.9j]]
001
Statevector([0.+0.j, 0.+0.j, 0.+0.j, 0.+0.j, 0.+0.j, 0.+0.j, 0.+0.j,
             1.+0.j],
            dims=(2, 2, 2))
{'111': 1024}
{'00': 276, '10': 225, '01': 260, '11': 263}
        ┌───┐      ░ ┌─┐   
   q_0: ┤ H ├──■───░─┤M├───
        ├───┤┌─┴─┐ ░ └╥┘┌─┐
   q_1: ┤ H ├┤ X ├─░──╫─┤M├
        └───┘└───┘ ░  ║ └╥┘
meas: 2/══════════════╩══╩═
                      0  1 
{'01 00': 257, '00 00': 249, '10 00': 252, '11 00': 266}
[QuantumRegister(1, 'q81')]
[]
ParameterView([ParameterVectorElement(θ[0]), ParameterVectorElement(θ[1]), ParameterVectorElement(θ[2]), ParameterVectorElement(θ[3]), ParameterVectorElement(θ[4]), ParameterVectorElement(θ[5]), ParameterVectorElement(θ[6]), ParameterVectorElement(θ[7])])
0.001
[shard 2] 25 mutants
  MUTANT m0003 op=gate_delete
  MUTANT m0013 op=qubit_index
  MUTANT m0023 op=gate_swap
  MUTANT m0033 op=gate_swap
  MUTANT m0043 op=gate_replace
  MUTANT m0053 op=phase_flip
  MUTANT m0063 op=gate_delete
  MUTANT m0073 op=gate_replace
  MUTANT m0083 op=measurement_map
  MUTANT m0093 op=gate_swap
  MUTANT m0103 op=gate_delete
  MUTANT m0113 op=gate_replace
  MUTANT m0123 op=gate_swap
  MUTANT m0133 op=gate_replace
  MUTANT m0143 op=gate_delete
  MUTANT m0153 op=measurement_map
  MUTANT m0163 op=qubit_index
  MUTANT m0173 op=gate_swap
  MUTANT m0183 op=gate_delete
  MUTANT m0193 op=measurement_map
  MUTANT m0203 op=gate_swap
  MUTANT m0213 op=qubit_index
  MUTANT m0223 op=measurement_map
  MUTANT m0233 op=gate_delete
  MUTANT m0243 op=gate_replace
[shard 2] done -> /var/tmp/jobfs/qmt_injected_2/injected_identity_swap_phase_equivalence_shard0002.jsonl
'/var/tmp/jobfs/qmt_injected_2/injected_identity_swap_phase_equivalence_shard0002.jsonl' -> '/fred/oz402/nhunguyen/ICSE_QMTester/data/results/shards/injected_identity_swap_phase_equivalence_shard0002.jsonl'
'/var/tmp/jobfs/qmt_injected_2/injected_summary_identity_swap_phase_equivalence_shard0002.jsonl' -> '/fred/oz402/nhunguyen/ICSE_QMTester/data/results/shards/injected_summary_identity_swap_phase_equivalence_shard0002.jsonl'
[Tue Jun 16 05:34:27 AEST 2026] shard 2 done.

+------------------ Job Report: 13214749 (COMPLETED) ------------------+
| Memory (RAM)  [                    ]  0.1% (154 MB peak / 200 GB)    |
| CPU           [                    ]  1.5% average                   |
| Time          [>                   ]  1.1% (0-00:04:01 / 0-06:00:00) |
|                                                                      |
| Lustre Filesystem:                                                   |
|   Path    Total Read    Total Write      Total IOPS                  |
|   ------  ------------  -------------  ------------                  |
|   /apps   0 B           0 B                      2                   |
|   /fred   12 KB         14 KB                   24                   |
|   /home   0 B           0 B                      1                   |
|   OS      0 B           0 B                      2                   |
|                                                                      |
| Warnings:                                                            |
|   - Too much memory requested                                        |
|   - CPU usage is low                                                 |
|   - Too much time requested                                          |
+----------------------------------------------------------------------+
