[Tue Jun 16 19:09:54 AEST 2026] Ablation config 4: identity swap
[shard 0/1] loading manifest /work/data/manifests/bugs4q_manifest.csv...
  17 subjects in this shard
  RUN  qiskit_github_10 (1q)
  RUN  qiskit_github_11 (1q)
  RUN  qiskit_github_12 (2q)
  RUN  qiskit_github_16 (5q)
  RUN  qiskit_github_17 (3q)
  RUN  qiskit_github_7 (4q)
  RUN  qiskit_github_8 (4q)
  RUN  qiskit_stackexchange_12 (3q)
  RUN  qiskit_stackexchange_15 (4q)
  RUN  qiskit_stackexchange_3 (4q)
  RUN  qiskit_stackexchange_8 (8q)
  RUN  qiskit_stackexchange_9 (2q)
  RUN  qiskit_stackoverflow_1 (3q)
  RUN  qiskit_stackoverflow_2 (2q)
  RUN  qiskit_stackoverflow_5 (3q)
  RUN  qiskit_stackoverflow_6 (2q)
  RUN  qiskit_stackoverflow_7 (3q)
[shard 0] done -> /var/tmp/jobfs/qmt_ablation_4/bugs4q/raw_runs_shard0000.jsonl

+------------------ Job Report: 13232322 (CANCELLED) ------------------+
| Memory (RAM)  [                    ]  2.3% (94 MB peak / 4 GB)       |
| CPU           [################### ] 98.0% average                   |
| Time          [>                   ]  4.6% (0-00:08:14 / 0-03:00:00) |
|                                                                      |
| Lustre Filesystem:                                                   |
|   Path    Total Read    Total Write      Total IOPS                  |
|   ------  ------------  -------------  ------------                  |
|   /apps   0 B           0 B                      3                   |
|   /fred   48 KB         3.3 KB                  47                   |
|   /home   0 B           0 B                      1                   |
|                                                                      |
| Warnings:                                                            |
|   - Too much memory requested                                        |
|   - Too much time requested                                          |
+----------------------------------------------------------------------+
