[Tue Jun 16 18:24:16 AEST 2026] Ablation config 5: identity swap phase
[shard 0/1] loading manifest /work/data/manifests/bugs4q_manifest.csv...
  17 subjects in this shard
  RUN  qiskit_github_10 (1q)
  RUN  qiskit_github_11 (1q)
  RUN  qiskit_github_12 (2q)
  RUN  qiskit_github_16 (5q)
  RUN  qiskit_github_17 (3q)
  RUN  qiskit_github_7 (4q)
  RUN  qiskit_github_8 (4q)
  RUN  qiskit_stackexchange_12 (3q)
  RUN  qiskit_stackexchange_15 (4q)
  RUN  qiskit_stackexchange_3 (4q)
  RUN  qiskit_stackexchange_8 (8q)
  RUN  qiskit_stackexchange_9 (2q)
  RUN  qiskit_stackoverflow_1 (3q)
  RUN  qiskit_stackoverflow_2 (2q)
  RUN  qiskit_stackoverflow_5 (3q)
  RUN  qiskit_stackoverflow_6 (2q)
  RUN  qiskit_stackoverflow_7 (3q)
[shard 0] done -> /var/tmp/jobfs/qmt_ablation_5/bugs4q/raw_runs_shard0000.jsonl

+------------------ Job Report: 13231974 (CANCELLED) ------------------+
| Memory (RAM)  [                    ]  0.0% (100 MB peak / 200 GB)    |
| CPU           [                    ]  1.5% average                   |
| Time          [->                  ]  6.9% (0-00:32:55 / 0-08:00:00) |
|                                                                      |
| Lustre Filesystem:                                                   |
|   Path    Total Read    Total Write      Total IOPS                  |
|   ------  ------------  -------------  ------------                  |
|   /apps   0 B           0 B                      4                   |
|   /fred   1.1 MB        2.4 KB                 779                   |
|   /home   0 B           0 B                      4                   |
|                                                                      |
| Warnings:                                                            |
|   - Too much memory requested                                        |
|   - CPU usage is low                                                 |
|   - Too much time requested                                          |
+----------------------------------------------------------------------+
