[Mon Jun 15 23:22:35 AEST 2026] Ablation config 2: phase
[shard 0/1] probing subjects...
[1.+0.j 0.+0.j 0.+0.j 0.+0.j 0.+0.j 0.+0.j 0.+0.j 0.+0.j 0.+0.j 0.+0.j
 0.+0.j 0.+0.j 0.+0.j 0.+0.j 0.+0.j 0.+0.j 0.+0.j 0.+0.j 0.+0.j 0.+0.j
 0.+0.j 0.+0.j 0.+0.j 0.+0.j 0.+0.j 0.+0.j 0.+0.j 0.+0.j 0.+0.j 0.+0.j
 0.+0.j 0.+0.j]
                    ┌───┐┌─┐        
q_0: ────────────■──┤ H ├┤M├──────■─
     ┌───┐     ┌─┴─┐└┬─┬┘└╥┘      │ 
q_1: ┤ H ├──■──┤ X ├─┤M├──╫───■───┼─
     └───┘┌─┴─┐└───┘ └╥┘  ║ ┌─┴─┐ │ 
q_2: ─────┤ X ├───────╫───╫─┤ X ├─■─
          └───┘       ║   ║ └───┘   
c: 3/═════════════════╩═══╩═════════
                      1   0         
2
{'0001': 60, '1010': 70, '0010': 116, '0000': 56, '0011': 93, '0111': 116, '1011': 91, '0100': 33, '1101': 32, '1100': 41, '0110': 41, '1000': 57, '1001': 50, '0101': 30, '1110': 31, '1111': 107}
NoiseModel:
  Basis gates: ['cz', 'h', 'id', 'rx', 'rz']
  Instructions with noise: ['rx', 'cz', 'h', 'rz']
  All-qubits errors: ['h', 'rx', 'rz', 'cz']

Total count: {'011': 1000}
      ┌──────┐
qr_0: ┤1     ├
      │      │
qr_1: ┤0 ghz ├
      │      │
qr_2: ┤2     ├
      └──┬───┘
qr_3: ───■────
              
      ┌──────┐
qr_0: ┤1     ├
      │      │
qr_1: ┤0 ghz ├
      │      │
qr_2: ┤2     ├
      └──────┘
qr_3: ────────
              
      ┌──────┐
qr_0: ┤2     ├
      │      │
qr_1: ┤0     ├
      │  ghz │
qr_2: ┤      ├
      │      │
qr_3: ┤1     ├
      └──────┘
[[1. +0.j  0. +0.j  0. +0.j  0. +0.j  0. +0.j  0. +0.j  0. +0.j  0. +0.j
  0. +0.j  0. +0.j  0. +0.j  0. +0.j  0. +0.j  0. +0.j  0. +0.j  0. +0.j ]
 [0. +0.j  1. +0.j  0. +0.j  0. +0.j  0. +0.j  0. +0.j  0. +0.j  0. +0.j
  0. +0.j  0. +0.j  0. +0.j  0. +0.j  0. +0.j  0. +0.j  0. +0.j  0. +0.j ]
 [0. +0.j  0. +0.j  1. +0.j  0. +0.j  0. +0.j  0. +0.j  0. +0.j  0. +0.j
  0. +0.j  0. +0.j  0. +0.j  0. +0.j  0. +0.j  0. +0.j  0. +0.j  0. +0.j ]
 [0. +0.j  0. +0.j  0. +0.j  1. +0.j  0. +0.j  0. +0.j  0. +0.j  0. +0.j
  0. +0.j  0. +0.j  0. +0.j  0. +0.j  0. +0.j  0. +0.j  0. +0.j  0. +0.j ]
 [0. +0.j  0. +0.j  0. +0.j  0. +0.j  1. +0.j  0. +0.j  0. +0.j  0. +0.j
  0. +0.j  0. +0.j  0. +0.j  0. +0.j  0. +0.j  0. +0.j  0. +0.j  0. +0.j ]
 [0. +0.j  0. +0.j  0. +0.j  0. +0.j  0. +0.j  1. +0.j  0. +0.j  0. +0.j
  0. +0.j  0. +0.j  0. +0.j  0. +0.j  0. +0.j  0. +0.j  0. +0.j  0. +0.j ]
 [0. +0.j  0. +0.j  0. +0.j  0. +0.j  0. +0.j  0. +0.j  1. +0.j  0. +0.j
  0. +0.j  0. +0.j  0. +0.j  0. +0.j  0. +0.j  0. +0.j  0. +0.j  0. +0.j ]
 [0. +0.j  0. +0.j  0. +0.j  0. +0.j  0. +0.j  0. +0.j  0. +0.j  1. +0.j
  0. +0.j  0. +0.j  0. +0.j  0. +0.j  0. +0.j  0. +0.j  0. +0.j  0. +0.j ]
 [0. +0.j  0. +0.j  0. +0.j  0. +0.j  0. +0.j  0. +0.j  0. +0.j  0. +0.j
  0.4-0.9j 0. +0.j  0. +0.j  0. +0.j  0. +0.j  0. +0.j  0. +0.j  0. +0.j ]
 [0. +0.j  0. +0.j  0. +0.j  0. +0.j  0. +0.j  0. +0.j  0. +0.j  0. +0.j
  0. +0.j  0.9+0.4j 0. +0.j  0. +0.j  0. +0.j  0. +0.j  0. +0.j  0. +0.j ]
 [0. +0.j  0. +0.j  0. +0.j  0. +0.j  0. +0.j  0. +0.j  0. +0.j  0. +0.j
  0. +0.j  0. +0.j  0.4-0.9j 0. +0.j  0. +0.j  0. +0.j  0. +0.j  0. +0.j ]
 [0. +0.j  0. +0.j  0. +0.j  0. +0.j  0. +0.j  0. +0.j  0. +0.j  0. +0.j
  0. +0.j  0. +0.j  0. +0.j  0.9+0.4j 0. +0.j  0. +0.j  0. +0.j  0. +0.j ]
 [0. +0.j  0. +0.j  0. +0.j  0. +0.j  0. +0.j  0. +0.j  0. +0.j  0. +0.j
  0. +0.j  0. +0.j  0. +0.j  0. +0.j  0.9-0.4j 0. +0.j  0. +0.j  0. +0.j ]
 [0. +0.j  0. +0.j  0. +0.j  0. +0.j  0. +0.j  0. +0.j  0. +0.j  0. +0.j
  0. +0.j  0. +0.j  0. +0.j  0. +0.j  0. +0.j  0.4+0.9j 0. +0.j  0. +0.j ]
 [0. +0.j  0. +0.j  0. +0.j  0. +0.j  0. +0.j  0. +0.j  0. +0.j  0. +0.j
  0. +0.j  0. +0.j  0. +0.j  0. +0.j  0. +0.j  0. +0.j  0.9-0.4j 0. +0.j ]
 [0. +0.j  0. +0.j  0. +0.j  0. +0.j  0. +0.j  0. +0.j  0. +0.j  0. +0.j
  0. +0.j  0. +0.j  0. +0.j  0. +0.j  0. +0.j  0. +0.j  0. +0.j  0.4+0.9j]]
001
Statevector([0.+0.j, 0.+0.j, 0.+0.j, 0.+0.j, 0.+0.j, 0.+0.j, 0.+0.j,
             1.+0.j],
            dims=(2, 2, 2))
{'111': 1024}
{'11': 257, '01': 246, '10': 244, '00': 277}
        ┌───┐      ░ ┌─┐   
   q_0: ┤ H ├──■───░─┤M├───
        ├───┤┌─┴─┐ ░ └╥┘┌─┐
   q_1: ┤ H ├┤ X ├─░──╫─┤M├
        └───┘└───┘ ░  ║ └╥┘
meas: 2/══════════════╩══╩═
                      0  1 
{'00 00': 218, '01 00': 259, '10 00': 260, '11 00': 287}
[QuantumRegister(1, 'q81')]
[]
ParameterView([ParameterVectorElement(θ[0]), ParameterVectorElement(θ[1]), ParameterVectorElement(θ[2]), ParameterVectorElement(θ[3]), ParameterVectorElement(θ[4]), ParameterVectorElement(θ[5]), ParameterVectorElement(θ[6]), ParameterVectorElement(θ[7])])
0.001
  90 subjects in this shard
  RUN  Aer_bug_1 (5q)
  SKIP Aer_bug_10: IMPORT:deprecated_package_qiskit.ignis
  SKIP Aer_bug_7: EXEC_ERROR:TypeError:generate_aer_config() got multiple values for argument 'backend_options'
  SKIP StackExchange-page-1-25_Bug_10: EXEC_ERROR:NameError:name 'I' is not defined
  SKIP StackExchange-page-1-25_Bug_13: EXEC_ERROR:NameError:name 'provider' is not defined
  SKIP StackExchange-page-1-25_Bug_14: IMPORT_ERROR:cannot import name 'measure' from 'qiskit.circuit.measure' (/usr/local/lib/python3.11/site-packages/qiskit/circuit/measure.py)
  SKIP StackExchange-page-1-25_Bug_15: EXEC_ERROR:IndentationError:unexpected indent (bug_version.py, line 4)
  SKIP StackExchange-page-1-25_Bug_17: EXEC_ERROR:SyntaxError:invalid syntax (bug_version.py, line 44)
  SKIP StackExchange-page-1-25_Bug_18: IMPORT:deprecated_package_qiskit.opflow
  SKIP StackExchange-page-1-25_Bug_19: EXEC_ERROR:QiskitError:'You have to select a circuit or schedule when there is more than one available'
  SKIP StackExchange-page-1-25_Bug_20: IMPORT_ERROR:No module named 'IPython'
  SKIP StackExchange-page-1-25_Bug_21: EXEC_ERROR:TranspilerError:"Unable to translate the operations in the circuit: ['u', 'cx'] to the backend's (or manually specified) target basis: ['cx', 'measure', 'h', 'delay', 'reset', 't', 'barrier', 'snapshot', 's']. This likely means the target basis is not universal or there are additional equivalence rules needed in the EquivalenceLibrary being used. For more details on this error see: https://docs.quantum-computing.ibm.com/api/qiskit/qiskit.transpiler.passes.BasisTranslator#translation-errors"
  SKIP StackExchange-page-1-25_Bug_5: EXEC_ERROR:QiskitError:'You have to select a circuit or schedule when there is more than one available'
  SKIP StackExchange-page-1-25_Bug_6: EXEC_ERROR:SyntaxError:'(' was never closed (bug_version.py, line 23)
  SKIP StackExchange-page-1-25_Bug_7: IMPORT:deprecated_package_qiskit.opflow
  RUN  StackExchange-page-1-25_Bug_9 (4q)
  SKIP StackExchange_1: EXEC_ERROR:SyntaxError:invalid syntax (buggy.py, line 10)
  RUN  StackExchange_10 (3q)
  SKIP StackExchange_11: EXEC_ERROR:AttributeError:'QuantumCircuit' object has no attribute 'u1'
  SKIP StackExchange_12: EXEC_ERROR:TypeError:unsupported operand type(s) for +: 'QuantumCircuit' and 'QuantumCircuit'
  SKIP StackExchange_13: EXEC_ERROR:AttributeError:'QuantumCircuit' object has no attribute 'u3'
  SKIP StackExchange_14: EXEC_ERROR:AttributeError:'QuantumCircuit' object has no attribute 'u1'
  SKIP StackExchange_15: EXEC_ERROR:AttributeError:'QuantumCircuit' object has no attribute 'cu1'
  RUN  StackExchange_16 (4q)
  SKIP StackExchange_17: EXEC_ERROR:NameError:name 'gates' is not defined
  SKIP StackExchange_18: IMPORT:deprecated_package_qiskit.aqua
  SKIP StackExchange_19: EXEC_ERROR:TypeError:ParameterExpression with unbound parameters (dict_keys([Parameter(x)])) cannot be cast to a float.
  SKIP StackExchange_20: EXEC_ERROR:NameError:name 'complete_meas_cal' is not defined
  SKIP StackExchange_2_bug_1: EXEC_ERROR:AttributeError:'QuantumCircuit' object has no attribute 'iden'
  SKIP StackExchange_2_bug_2: IMPORT_ERROR:"The 'seaborn' library is required to use 'plot_state_qsphere'. You can install it with 'pip install seaborn'."
  SKIP StackExchange_3: IMPORT_ERROR:No module named 'qiskit.extensions.standard'
  RUN  StackExchange_4 (8q)
  RUN  StackExchange_5 (2q)
  SKIP StackExchange_6: IMPORT_ERROR:cannot import name 'compile' from 'qiskit' (/usr/local/lib/python3.11/site-packages/qiskit/__init__.py)
  SKIP StackExchange_7: EXEC_ERROR:NameError:name 'backend' is not defined
  RUN  StackExchange_8 (2q)
  RUN  StackExchange_9 (3q)
  SKIP Terra-0-4000_1: IMPORT:deprecated_package_qiskit.aqua
  SKIP Terra-0-4000_10: EXEC_ERROR:NameError:name 'QuantumRegister' is not defined
  SKIP Terra-0-4000_11: IMPORT_ERROR:cannot import name 'compile' from 'qiskit' (/usr/local/lib/python3.11/site-packages/qiskit/__init__.py)
  SKIP Terra-0-4000_12: IMPORT_ERROR:cannot import name 'compile' from 'qiskit' (/usr/local/lib/python3.11/site-packages/qiskit/__init__.py)
  SKIP Terra-0-4000_13: EXEC_ERROR:NameError:name 'QuantumRegister' is not defined
  SKIP Terra-0-4000_14: EXEC_ERROR:ValueError:Input matrix is not unitary.
  RUN  Terra-0-4000_15 (2q)
  SKIP Terra-0-4000_16: IMPORT_ERROR:cannot import name 'CmdDef' from 'qiskit.pulse' (/usr/local/lib/python3.11/site-packages/qiskit/pulse/__init__.py)
  SKIP Terra-0-4000_17: EXEC_ERROR:AttributeError:'QuantumCircuit' object has no attribute 'u3'
  SKIP Terra-0-4000_18: EXEC_ERROR:TypeError:'<' not supported between instances of 'Qubit' and 'Qubit'
  SKIP Terra-0-4000_19: EXEC_ERROR:NameError:name 'qiskit' is not defined
  SKIP Terra-0-4000_2: EXEC_ERROR:QASM2ParseError:"<input>:6,0: 'test' is not defined in this scope"
  SKIP Terra-0-4000_20: EXEC_ERROR:CircuitError:"Invalid param type <class 'complex'> for gate rx."
  SKIP Terra-0-4000_21: EXEC_ERROR:NameError:name 'cx' is not defined
  RUN  Terra-0-4000_22 (4q)
  SKIP Terra-0-4000_23: EXEC_ERROR:AttributeError:property 'name' of 'QuantumRegister' object has no setter
  SKIP Terra-0-4000_24: EXEC_ERROR:NameError:name 'CouplingMap' is not defined
  SKIP Terra-0-4000_3: EXEC_ERROR:TypeError:QuantumCircuit.ccx() got an unexpected keyword argument 'label'
  SKIP Terra-0-4000_4: EXEC_ERROR:NameError:name 'Gate' is not defined
  SKIP Terra-0-4000_5: EXEC_ERROR:SyntaxError:invalid syntax (buggy.py, line 1)
  SKIP Terra-0-4000_6: IMPORT_ERROR:cannot import name 'QuantumProgram' from 'qiskit' (/usr/local/lib/python3.11/site-packages/qiskit/__init__.py)
  SKIP Terra-0-4000_7: IMPORT_ERROR:No module named 'qiskit.wrapper'
  SKIP Terra-0-4000_8: EXEC_ERROR:AttributeError:'str' object has no attribute 'configuration'
  SKIP Terra-0-4000_9: EXEC_ERROR:NameError:name 'get_backend' is not defined
  SKIP Terra-4001-6000_Bug_1: EXEC_ERROR:CircuitError:"Invalid param type <class 'complex'> for gate initialize_dg."
  SKIP Terra-4001-6000_Bug_10: EXEC_ERROR:SyntaxError:'(' was never closed (buggy.py, line 12)
  SKIP Terra-4001-6000_Bug_11: EXEC_ERROR:AttributeError:'QuantumCircuit' object has no attribute 'u1'
  SKIP Terra-4001-6000_Bug_2: EXEC_ERROR:NameError:name 'QuantumCircuit' is not defined
  SKIP Terra-4001-6000_Bug_3: IMPORT_ERROR:cannot import name 'measure' from 'qiskit.circuit.measure' (/usr/local/lib/python3.11/site-packages/qiskit/circuit/measure.py)
  SKIP Terra-4001-6000_Bug_4: EXEC_ERROR:NameError:name 'pi' is not defined
  RUN  Terra-4001-6000_Bug_5 (4q)
  SKIP Terra-4001-6000_Bug_6: EXEC_ERROR:NameError:name 'QuantumCircuit' is not defined
  SKIP Terra-4001-6000_Bug_7: IMPORT_ERROR:No module named 'qiskit.providers.ibmq'
  SKIP Terra-4001-6000_Bug_8: EXEC_ERROR:NameError:name 'FakeAlmaden' is not defined
  SKIP Terra-4001-6000_Bug_9: EXEC_ERROR:NameError:name 'i' is not defined
  SKIP Terra-6000-7100_6255_Bug: IMPORT:deprecated_package_qiskit.opflow
  SKIP Terra-6000-7100_6521_Bug: EXEC_ERROR:NameError:name 'feature_train1' is not defined
  SKIP Terra-6000-7100_6540_Bug: EXEC_ERROR:CircuitError:'The circuit contains non-unitary operations and cannot be controlled. Note that no qiskit.circuit.Instruction objects may be in the circuit for this operation.'
  RUN  Terra-6000-7100_6571_Bug (2q)
  SKIP Terra-6000-7100_6604_Bug: EXEC_ERROR:NameError:name 'I' is not defined
  SKIP Terra-6000-7100_6777_Bug: IMPORT:deprecated_package_qiskit.aqua
  SKIP Terra-6000-7100_6860_Bug: NO_CIRCUIT:no_QuantumCircuit_in_namespace
  RUN  Terra-6000-7100_6892_Bug (1q)
  SKIP Terra-6000-7100_6927_Bug: EXEC_ERROR:AerError:'unknown instruction: QPE'
  SKIP Terra-6000-7100_7032_Bug: IMPORT:deprecated_package_qiskit.opflow
  RUN  stackoverflow-1-5_1 (3q)
  SKIP stackoverflow-1-5_Bug_11: EXEC_ERROR:SyntaxError:invalid syntax (bug_version.py, line 7)
  RUN  stackoverflow-1-5_Bug_2 (2q)
  SKIP stackoverflow-1-5_Bug_3: EXEC_ERROR:SyntaxError:'(' was never closed (bug_version.py, line 9)
  RUN  stackoverflow-1-5_Bug_8 (2q)
  RUN  stackoverflow-6-10_bug_1 (3q)
  RUN  stackoverflow-6-10_bug_2 (2q)
  SKIP stackoverflow-6-10_bug_3: EXEC_ERROR:AttributeError:'QuantumCircuit' object has no attribute 'cu1'
[shard 0] done -> /var/tmp/jobfs/qmt_ablation_2/bugs4q/raw_runs_shard0000.jsonl
[1.+0.j 0.+0.j 0.+0.j 0.+0.j 0.+0.j 0.+0.j 0.+0.j 0.+0.j 0.+0.j 0.+0.j
 0.+0.j 0.+0.j 0.+0.j 0.+0.j 0.+0.j 0.+0.j 0.+0.j 0.+0.j 0.+0.j 0.+0.j
 0.+0.j 0.+0.j 0.+0.j 0.+0.j 0.+0.j 0.+0.j 0.+0.j 0.+0.j 0.+0.j 0.+0.j
 0.+0.j 0.+0.j]
                    ┌───┐┌─┐        
q_0: ────────────■──┤ H ├┤M├──────■─
     ┌───┐     ┌─┴─┐└┬─┬┘└╥┘      │ 
q_1: ┤ H ├──■──┤ X ├─┤M├──╫───■───┼─
     └───┘┌─┴─┐└───┘ └╥┘  ║ ┌─┴─┐ │ 
q_2: ─────┤ X ├───────╫───╫─┤ X ├─■─
          └───┘       ║   ║ └───┘   
c: 3/═════════════════╩═══╩═════════
                      1   0         
2
{'0100': 32, '0000': 51, '0001': 48, '1100': 37, '1101': 39, '1000': 43, '0110': 38, '1010': 99, '0011': 95, '0111': 114, '1011': 90, '1001': 60, '0101': 44, '1110': 32, '0010': 91, '1111': 111}
NoiseModel:
  Basis gates: ['cz', 'h', 'id', 'rx', 'rz']
  Instructions with noise: ['cz', 'h', 'rz', 'rx']
  All-qubits errors: ['h', 'rx', 'rz', 'cz']

Total count: {'011': 1000}
      ┌──────┐
qr_0: ┤1     ├
      │      │
qr_1: ┤0 ghz ├
      │      │
qr_2: ┤2     ├
      └──┬───┘
qr_3: ───■────
              
      ┌──────┐
qr_0: ┤1     ├
      │      │
qr_1: ┤0 ghz ├
      │      │
qr_2: ┤2     ├
      └──────┘
qr_3: ────────
              
      ┌──────┐
qr_0: ┤2     ├
      │      │
qr_1: ┤0     ├
      │  ghz │
qr_2: ┤      ├
      │      │
qr_3: ┤1     ├
      └──────┘
[[1. +0.j  0. +0.j  0. +0.j  0. +0.j  0. +0.j  0. +0.j  0. +0.j  0. +0.j
  0. +0.j  0. +0.j  0. +0.j  0. +0.j  0. +0.j  0. +0.j  0. +0.j  0. +0.j ]
 [0. +0.j  1. +0.j  0. +0.j  0. +0.j  0. +0.j  0. +0.j  0. +0.j  0. +0.j
  0. +0.j  0. +0.j  0. +0.j  0. +0.j  0. +0.j  0. +0.j  0. +0.j  0. +0.j ]
 [0. +0.j  0. +0.j  1. +0.j  0. +0.j  0. +0.j  0. +0.j  0. +0.j  0. +0.j
  0. +0.j  0. +0.j  0. +0.j  0. +0.j  0. +0.j  0. +0.j  0. +0.j  0. +0.j ]
 [0. +0.j  0. +0.j  0. +0.j  1. +0.j  0. +0.j  0. +0.j  0. +0.j  0. +0.j
  0. +0.j  0. +0.j  0. +0.j  0. +0.j  0. +0.j  0. +0.j  0. +0.j  0. +0.j ]
 [0. +0.j  0. +0.j  0. +0.j  0. +0.j  1. +0.j  0. +0.j  0. +0.j  0. +0.j
  0. +0.j  0. +0.j  0. +0.j  0. +0.j  0. +0.j  0. +0.j  0. +0.j  0. +0.j ]
 [0. +0.j  0. +0.j  0. +0.j  0. +0.j  0. +0.j  1. +0.j  0. +0.j  0. +0.j
  0. +0.j  0. +0.j  0. +0.j  0. +0.j  0. +0.j  0. +0.j  0. +0.j  0. +0.j ]
 [0. +0.j  0. +0.j  0. +0.j  0. +0.j  0. +0.j  0. +0.j  1. +0.j  0. +0.j
  0. +0.j  0. +0.j  0. +0.j  0. +0.j  0. +0.j  0. +0.j  0. +0.j  0. +0.j ]
 [0. +0.j  0. +0.j  0. +0.j  0. +0.j  0. +0.j  0. +0.j  0. +0.j  1. +0.j
  0. +0.j  0. +0.j  0. +0.j  0. +0.j  0. +0.j  0. +0.j  0. +0.j  0. +0.j ]
 [0. +0.j  0. +0.j  0. +0.j  0. +0.j  0. +0.j  0. +0.j  0. +0.j  0. +0.j
  0.4-0.9j 0. +0.j  0. +0.j  0. +0.j  0. +0.j  0. +0.j  0. +0.j  0. +0.j ]
 [0. +0.j  0. +0.j  0. +0.j  0. +0.j  0. +0.j  0. +0.j  0. +0.j  0. +0.j
  0. +0.j  0.9+0.4j 0. +0.j  0. +0.j  0. +0.j  0. +0.j  0. +0.j  0. +0.j ]
 [0. +0.j  0. +0.j  0. +0.j  0. +0.j  0. +0.j  0. +0.j  0. +0.j  0. +0.j
  0. +0.j  0. +0.j  0.4-0.9j 0. +0.j  0. +0.j  0. +0.j  0. +0.j  0. +0.j ]
 [0. +0.j  0. +0.j  0. +0.j  0. +0.j  0. +0.j  0. +0.j  0. +0.j  0. +0.j
  0. +0.j  0. +0.j  0. +0.j  0.9+0.4j 0. +0.j  0. +0.j  0. +0.j  0. +0.j ]
 [0. +0.j  0. +0.j  0. +0.j  0. +0.j  0. +0.j  0. +0.j  0. +0.j  0. +0.j
  0. +0.j  0. +0.j  0. +0.j  0. +0.j  0.9-0.4j 0. +0.j  0. +0.j  0. +0.j ]
 [0. +0.j  0. +0.j  0. +0.j  0. +0.j  0. +0.j  0. +0.j  0. +0.j  0. +0.j
  0. +0.j  0. +0.j  0. +0.j  0. +0.j  0. +0.j  0.4+0.9j 0. +0.j  0. +0.j ]
 [0. +0.j  0. +0.j  0. +0.j  0. +0.j  0. +0.j  0. +0.j  0. +0.j  0. +0.j
  0. +0.j  0. +0.j  0. +0.j  0. +0.j  0. +0.j  0. +0.j  0.9-0.4j 0. +0.j ]
 [0. +0.j  0. +0.j  0. +0.j  0. +0.j  0. +0.j  0. +0.j  0. +0.j  0. +0.j
  0. +0.j  0. +0.j  0. +0.j  0. +0.j  0. +0.j  0. +0.j  0. +0.j  0.4+0.9j]]
001
Statevector([0.+0.j, 0.+0.j, 0.+0.j, 0.+0.j, 0.+0.j, 0.+0.j, 0.+0.j,
             1.+0.j],
            dims=(2, 2, 2))
{'111': 1024}
{'01': 258, '11': 242, '00': 263, '10': 261}
        ┌───┐      ░ ┌─┐   
   q_0: ┤ H ├──■───░─┤M├───
        ├───┤┌─┴─┐ ░ └╥┘┌─┐
   q_1: ┤ H ├┤ X ├─░──╫─┤M├
        └───┘└───┘ ░  ║ └╥┘
meas: 2/══════════════╩══╩═
                      0  1 
{'00 00': 252, '01 00': 260, '11 00': 267, '10 00': 245}
[QuantumRegister(1, 'q81')]
[]
ParameterView([ParameterVectorElement(θ[0]), ParameterVectorElement(θ[1]), ParameterVectorElement(θ[2]), ParameterVectorElement(θ[3]), ParameterVectorElement(θ[4]), ParameterVectorElement(θ[5]), ParameterVectorElement(θ[6]), ParameterVectorElement(θ[7])])
0.001

+------------------- Job Report: 13203136 (FAILED) --------------------+
| Memory (RAM)  No data available                                      |
| CPU           [                    ]  1.2% average                   |
| Time          [>                   ]  0.1% (0-00:00:26 / 0-08:00:00) |
|                                                                      |
| Lustre Filesystem:                                                   |
|   No data available                                                  |
+----------------------------------------------------------------------+
