[Tue Jun 16 19:33:58 AEST 2026] Ablation config 0: identity
[shard 0/1] loading manifest /work/data/manifests/bugs4q_manifest.csv...
  32 subjects in this shard
  RUN  qiskit_github_1 (3q)
  RUN  qiskit_github_10 (1q)
  RUN  qiskit_github_11 (1q)
  RUN  qiskit_github_12 (2q)
  RUN  qiskit_github_13 (3q)
  RUN  qiskit_github_16 (5q)
  RUN  qiskit_github_17 (3q)
  RUN  qiskit_github_2 (16q)
  RUN  qiskit_github_3 (2q)
  RUN  qiskit_github_4 (1q)
  RUN  qiskit_github_6 (2q)
  RUN  qiskit_github_7 (4q)
  RUN  qiskit_github_8 (4q)
  RUN  qiskit_stackexchange_1 (1q)
  RUN  qiskit_stackexchange_10 (5q)
  RUN  qiskit_stackexchange_11 (2q)
  RUN  qiskit_stackexchange_12 (3q)
  RUN  qiskit_stackexchange_13 (4q)
  RUN  qiskit_stackexchange_14 (2q)
  RUN  qiskit_stackexchange_15 (4q)
  RUN  qiskit_stackexchange_16 (2q)
  RUN  qiskit_stackexchange_17 (1q)
  RUN  qiskit_stackexchange_2 (4q)
  RUN  qiskit_stackexchange_3 (4q)
  RUN  qiskit_stackexchange_7 (1q)
  RUN  qiskit_stackexchange_8 (8q)
  RUN  qiskit_stackexchange_9 (2q)
  RUN  qiskit_stackoverflow_1 (3q)
  RUN  qiskit_stackoverflow_2 (2q)
  RUN  qiskit_stackoverflow_5 (3q)
  RUN  qiskit_stackoverflow_6 (2q)
  RUN  qiskit_stackoverflow_7 (3q)
[shard 0] done -> /var/tmp/jobfs/qmt_ablation_0/bugs4q/raw_runs_shard0000.jsonl
[shard 0] 250 mutants
  MUTANT m0001 op=gate_replace
  MUTANT m0002 op=gate_replace
  MUTANT m0003 op=gate_delete
  MUTANT m0004 op=gate_delete
  MUTANT m0005 op=gate_delete
  MUTANT m0006 op=gate_replace
  MUTANT m0007 op=qubit_index
  MUTANT m0008 op=gate_replace
  MUTANT m0009 op=gate_replace
  MUTANT m0010 op=gate_delete
  MUTANT m0011 op=gate_delete
  MUTANT m0012 op=qubit_index
  MUTANT m0013 op=gate_delete
  MUTANT m0014 op=gate_replace
  MUTANT m0015 op=qubit_index
  MUTANT m0016 op=gate_replace
  MUTANT m0017 op=gate_replace
  MUTANT m0018 op=measurement_map
  MUTANT m0019 op=gate_replace
  MUTANT m0020 op=gate_delete
  MUTANT m0021 op=gate_delete
  MUTANT m0022 op=gate_swap
  MUTANT m0023 op=qubit_index
  MUTANT m0024 op=qubit_index
  MUTANT m0025 op=qubit_index
  MUTANT m0026 op=gate_replace
  MUTANT m0027 op=qubit_index
  MUTANT m0028 op=gate_replace
  MUTANT m0029 op=gate_delete
  MUTANT m0030 op=gate_replace
  MUTANT m0031 op=gate_delete
  MUTANT m0032 op=gate_swap
  MUTANT m0033 op=gate_replace
  MUTANT m0034 op=gate_delete
  MUTANT m0035 op=gate_replace
  MUTANT m0036 op=gate_replace
  MUTANT m0037 op=qubit_index
  MUTANT m0038 op=qubit_index
  MUTANT m0039 op=qubit_index
  MUTANT m0040 op=qubit_index
  MUTANT m0041 op=qubit_index
  MUTANT m0042 op=gate_delete
  MUTANT m0043 op=qubit_index
  MUTANT m0044 op=qubit_index
  MUTANT m0045 op=measurement_map
  MUTANT m0046 op=measurement_map
  MUTANT m0047 op=gate_replace
  MUTANT m0048 op=gate_swap
  MUTANT m0049 op=gate_replace
  MUTANT m0050 op=gate_swap
  MUTANT m0051 op=gate_delete
  MUTANT m0052 op=qubit_index
  MUTANT m0053 op=gate_delete
  MUTANT m0054 op=gate_replace
  MUTANT m0055 op=gate_replace
  MUTANT m0056 op=gate_delete
  MUTANT m0057 op=qubit_index
  MUTANT m0058 op=qubit_index
  MUTANT m0059 op=gate_delete
  MUTANT m0060 op=gate_swap
  MUTANT m0061 op=qubit_index
  MUTANT m0062 op=gate_replace
  MUTANT m0063 op=gate_replace
  MUTANT m0064 op=gate_replace
  MUTANT m0065 op=qubit_index
  MUTANT m0066 op=qubit_index
  MUTANT m0067 op=phase_flip
  MUTANT m0068 op=qubit_index
  MUTANT m0069 op=gate_replace
  MUTANT m0070 op=gate_delete
  MUTANT m0071 op=gate_delete
  MUTANT m0072 op=gate_delete
  MUTANT m0073 op=gate_delete
  MUTANT m0074 op=gate_replace
  MUTANT m0075 op=gate_replace
  MUTANT m0076 op=qubit_index
  MUTANT m0077 op=gate_replace
  MUTANT m0078 op=phase_flip
  MUTANT m0079 op=qubit_index
  MUTANT m0080 op=qubit_index
  MUTANT m0081 op=gate_delete
  MUTANT m0082 op=gate_delete
  MUTANT m0083 op=gate_delete
  MUTANT m0084 op=gate_swap
  MUTANT m0085 op=gate_delete
  MUTANT m0086 op=gate_swap
  MUTANT m0087 op=gate_replace
  MUTANT m0088 op=qubit_index
  MUTANT m0089 op=qubit_index
  MUTANT m0090 op=gate_replace
  MUTANT m0091 op=qubit_index
  MUTANT m0092 op=gate_swap
  MUTANT m0093 op=gate_replace
  MUTANT m0094 op=gate_replace
  MUTANT m0095 op=measurement_map
  MUTANT m0096 op=qubit_index
  MUTANT m0097 op=gate_delete
  MUTANT m0098 op=gate_swap
  MUTANT m0099 op=qubit_index
  MUTANT m0100 op=measurement_map
  MUTANT m0101 op=gate_delete
  MUTANT m0102 op=qubit_index
  MUTANT m0103 op=gate_replace
  MUTANT m0104 op=qubit_index
  MUTANT m0105 op=measurement_map
  MUTANT m0106 op=gate_delete
  MUTANT m0107 op=qubit_index
  MUTANT m0108 op=qubit_index
  MUTANT m0109 op=qubit_index
  MUTANT m0110 op=gate_replace
  MUTANT m0111 op=measurement_map
  MUTANT m0112 op=gate_delete
  MUTANT m0113 op=gate_replace
  MUTANT m0114 op=gate_delete
  MUTANT m0115 op=gate_delete
  MUTANT m0116 op=gate_replace
  MUTANT m0117 op=gate_swap
  MUTANT m0118 op=gate_replace
  MUTANT m0119 op=gate_replace
  MUTANT m0120 op=qubit_index
  MUTANT m0121 op=measurement_map
  MUTANT m0122 op=gate_delete
  MUTANT m0123 op=gate_delete
  MUTANT m0124 op=gate_swap
  MUTANT m0125 op=gate_replace
  MUTANT m0126 op=gate_replace
  MUTANT m0127 op=gate_replace
  MUTANT m0128 op=gate_delete
  MUTANT m0129 op=gate_swap
  MUTANT m0130 op=qubit_index
  MUTANT m0131 op=gate_delete
  MUTANT m0132 op=gate_swap
  MUTANT m0133 op=qubit_index
  MUTANT m0134 op=gate_replace
  MUTANT m0135 op=gate_delete
  MUTANT m0136 op=gate_replace
  MUTANT m0137 op=measurement_map
  MUTANT m0138 op=qubit_index
  MUTANT m0139 op=gate_replace
  MUTANT m0140 op=gate_replace
  MUTANT m0141 op=measurement_map
  MUTANT m0142 op=gate_replace
  MUTANT m0143 op=gate_delete
  MUTANT m0144 op=qubit_index
  MUTANT m0145 op=gate_replace
  MUTANT m0146 op=gate_swap
  MUTANT m0147 op=gate_replace
  MUTANT m0148 op=qubit_index
  MUTANT m0149 op=qubit_index
  MUTANT m0150 op=measurement_map
  MUTANT m0151 op=measurement_map
  MUTANT m0152 op=gate_replace
  MUTANT m0153 op=qubit_index
  MUTANT m0154 op=qubit_index
  MUTANT m0155 op=measurement_map
  MUTANT m0156 op=gate_replace
  MUTANT m0157 op=gate_swap
  MUTANT m0158 op=gate_replace
  MUTANT m0159 op=gate_replace
  MUTANT m0160 op=measurement_map
  MUTANT m0161 op=measurement_map
  MUTANT m0162 op=gate_replace
  MUTANT m0163 op=measurement_map
  MUTANT m0164 op=gate_delete
  MUTANT m0165 op=gate_replace
  MUTANT m0166 op=qubit_index
  MUTANT m0167 op=gate_replace
  MUTANT m0168 op=qubit_index
  MUTANT m0169 op=gate_delete
  MUTANT m0170 op=qubit_index
  MUTANT m0171 op=qubit_index
  MUTANT m0172 op=gate_replace
  MUTANT m0173 op=gate_delete
  MUTANT m0174 op=gate_replace
  MUTANT m0175 op=gate_delete
  MUTANT m0176 op=gate_delete
  MUTANT m0177 op=qubit_index
  MUTANT m0178 op=gate_replace
  MUTANT m0179 op=gate_replace
  MUTANT m0180 op=gate_replace
  MUTANT m0181 op=qubit_index
  MUTANT m0182 op=qubit_index
  MUTANT m0183 op=gate_delete
  MUTANT m0184 op=qubit_index
  MUTANT m0185 op=gate_replace
  MUTANT m0186 op=qubit_index
  MUTANT m0187 op=measurement_map
  MUTANT m0188 op=gate_replace
  MUTANT m0189 op=gate_delete
  MUTANT m0190 op=gate_swap
  MUTANT m0191 op=gate_replace
  MUTANT m0192 op=gate_replace
  MUTANT m0193 op=gate_delete
  MUTANT m0194 op=gate_delete
  MUTANT m0195 op=qubit_index
  MUTANT m0196 op=measurement_map
  MUTANT m0197 op=gate_swap
  MUTANT m0198 op=qubit_index
  MUTANT m0199 op=gate_replace
  MUTANT m0200 op=gate_delete
  MUTANT m0201 op=gate_replace
  MUTANT m0202 op=gate_swap
  MUTANT m0203 op=gate_delete
  MUTANT m0204 op=qubit_index
  MUTANT m0205 op=gate_delete
  MUTANT m0206 op=gate_delete
  MUTANT m0207 op=gate_replace
  MUTANT m0208 op=gate_replace
  MUTANT m0209 op=qubit_index
  MUTANT m0210 op=gate_replace
  MUTANT m0211 op=qubit_index
  MUTANT m0212 op=measurement_map
  MUTANT m0213 op=gate_swap
  MUTANT m0214 op=gate_replace
  MUTANT m0215 op=gate_delete
  MUTANT m0216 op=qubit_index
  MUTANT m0217 op=measurement_map
  MUTANT m0218 op=gate_delete
  MUTANT m0219 op=gate_replace
  MUTANT m0220 op=gate_replace
  MUTANT m0221 op=qubit_index
  MUTANT m0222 op=qubit_index
  MUTANT m0223 op=gate_replace
  MUTANT m0224 op=gate_swap
  MUTANT m0225 op=gate_replace
  MUTANT m0226 op=qubit_index
  MUTANT m0227 op=gate_delete
  MUTANT m0228 op=gate_delete
  MUTANT m0229 op=gate_delete
  MUTANT m0230 op=qubit_index
  MUTANT m0231 op=gate_replace
  MUTANT m0232 op=qubit_index
  MUTANT m0233 op=gate_delete
  MUTANT m0234 op=measurement_map
  MUTANT m0235 op=qubit_index
  MUTANT m0236 op=gate_replace
  MUTANT m0237 op=gate_replace
  MUTANT m0238 op=qubit_index
  MUTANT m0239 op=gate_replace
  MUTANT m0240 op=gate_replace
  MUTANT m0241 op=measurement_map
  MUTANT m0242 op=qubit_index
  MUTANT m0243 op=qubit_index
  MUTANT m0244 op=measurement_map
  MUTANT m0245 op=gate_replace
  MUTANT m0246 op=gate_replace
  MUTANT m0247 op=measurement_map
  MUTANT m0248 op=measurement_map
  MUTANT m0249 op=gate_replace
  MUTANT m0250 op=gate_delete
[shard 0] done -> /var/tmp/jobfs/qmt_ablation_0/injected/injected_identity_shard0000.jsonl
'/var/tmp/jobfs/qmt_ablation_0/injected/injected_identity_shard0000.jsonl' -> '/fred/oz402/nhunguyen/ICSE_QMTester/data/results/runs/redesign_hpc_1g_32bugs_fixcounts_20260616T093325Z/shards/injected_identity_shard0000.jsonl'
'/var/tmp/jobfs/qmt_ablation_0/injected/injected_summary_identity_shard0000.jsonl' -> '/fred/oz402/nhunguyen/ICSE_QMTester/data/results/runs/redesign_hpc_1g_32bugs_fixcounts_20260616T093325Z/shards/injected_summary_identity_shard0000.jsonl'
[Tue Jun 16 19:52:39 AEST 2026] ablation cfg=0 done.

+------------------ Job Report: 13232638 (COMPLETED) ------------------+
| Memory (RAM)  [#                   ]  9.9% (101 MB peak / 1 GB)      |
| CPU           [################### ] 98.0% average                   |
| Time          [------>             ] 31.3% (0-00:18:47 / 0-01:00:00) |
|                                                                      |
| Lustre Filesystem:                                                   |
|   No data available                                                  |
|                                                                      |
| Warnings:                                                            |
|   - Too much memory requested                                        |
|   - Too much time requested                                          |
+----------------------------------------------------------------------+
