[Tue Jun 16 19:30:00 AEST 2026] Ablation config 3: equivalence
[shard 0/1] loading manifest /work/data/manifests/bugs4q_manifest.csv...
  32 subjects in this shard
  RUN  qiskit_github_1 (3q)
  RUN  qiskit_github_10 (1q)
  RUN  qiskit_github_11 (1q)
  RUN  qiskit_github_12 (2q)
  RUN  qiskit_github_13 (3q)
  RUN  qiskit_github_16 (5q)
  RUN  qiskit_github_17 (3q)
  RUN  qiskit_github_2 (16q)
  RUN  qiskit_github_3 (2q)
  RUN  qiskit_github_4 (1q)
  RUN  qiskit_github_6 (2q)
  RUN  qiskit_github_7 (4q)
  RUN  qiskit_github_8 (4q)
  RUN  qiskit_stackexchange_1 (1q)
  RUN  qiskit_stackexchange_10 (5q)
  RUN  qiskit_stackexchange_11 (2q)
  RUN  qiskit_stackexchange_12 (3q)
  RUN  qiskit_stackexchange_13 (4q)
  RUN  qiskit_stackexchange_14 (2q)

+------------------- Job Report: 13232595 (FAILED) --------------------+
| Memory (RAM)  No data available                                      |
| CPU           [##########          ] 53.8% average                   |
| Time          [>                   ]  0.4% (0-00:00:13 / 0-01:00:00) |
|                                                                      |
| Lustre Filesystem:                                                   |
|   No data available                                                  |
+----------------------------------------------------------------------+
