[Tue Jun 16 19:18:26 AEST 2026] Ablation config 1: swap
[shard 0/1] loading manifest /work/data/manifests/bugs4q_manifest.csv...
  17 subjects in this shard
  RUN  qiskit_github_10 (1q)
  RUN  qiskit_github_11 (1q)
  RUN  qiskit_github_12 (2q)
  RUN  qiskit_github_16 (5q)
  RUN  qiskit_github_17 (3q)
  RUN  qiskit_github_7 (4q)
  RUN  qiskit_github_8 (4q)
  RUN  qiskit_stackexchange_12 (3q)
  RUN  qiskit_stackexchange_15 (4q)
  RUN  qiskit_stackexchange_3 (4q)
  RUN  qiskit_stackexchange_8 (8q)
  RUN  qiskit_stackexchange_9 (2q)
  RUN  qiskit_stackoverflow_1 (3q)
  RUN  qiskit_stackoverflow_2 (2q)
  RUN  qiskit_stackoverflow_5 (3q)
  RUN  qiskit_stackoverflow_6 (2q)
  RUN  qiskit_stackoverflow_7 (3q)
[shard 0] done -> /var/tmp/jobfs/qmt_ablation_1/bugs4q/raw_runs_shard0000.jsonl
[shard 0] 250 mutants
  MUTANT m0001 op=gate_delete
  MUTANT m0002 op=gate_replace
  MUTANT m0003 op=measurement_map
  MUTANT m0004 op=qubit_index
  MUTANT m0005 op=gate_replace
  MUTANT m0006 op=qubit_index
  MUTANT m0007 op=gate_replace
  MUTANT m0008 op=gate_replace
  MUTANT m0009 op=gate_replace
  MUTANT m0010 op=gate_swap
  MUTANT m0011 op=measurement_map
  MUTANT m0012 op=gate_replace
  MUTANT m0013 op=gate_swap
  MUTANT m0014 op=measurement_map
  MUTANT m0015 op=gate_replace
  MUTANT m0016 op=qubit_index
  MUTANT m0017 op=gate_delete
  MUTANT m0018 op=gate_delete
  MUTANT m0019 op=gate_replace
  MUTANT m0020 op=qubit_index
  MUTANT m0021 op=gate_replace
  MUTANT m0022 op=qubit_index
  MUTANT m0023 op=gate_swap
  MUTANT m0024 op=gate_replace
  MUTANT m0025 op=gate_replace
  MUTANT m0026 op=gate_replace
  MUTANT m0027 op=qubit_index
  MUTANT m0028 op=gate_delete
  MUTANT m0029 op=gate_delete
  MUTANT m0030 op=qubit_index
  MUTANT m0031 op=qubit_index
  MUTANT m0032 op=gate_delete
  MUTANT m0033 op=gate_swap
  MUTANT m0034 op=gate_delete
  MUTANT m0035 op=gate_replace
  MUTANT m0036 op=gate_delete
  MUTANT m0037 op=qubit_index
  MUTANT m0038 op=measurement_map
  MUTANT m0039 op=gate_replace
  MUTANT m0040 op=gate_replace
  MUTANT m0041 op=gate_replace
  MUTANT m0042 op=qubit_index
  MUTANT m0043 op=gate_delete
  MUTANT m0044 op=qubit_index
  MUTANT m0045 op=qubit_index
  MUTANT m0046 op=gate_delete
  MUTANT m0047 op=qubit_index
  MUTANT m0048 op=gate_replace
  MUTANT m0049 op=qubit_index
  MUTANT m0050 op=gate_delete
  MUTANT m0051 op=gate_replace
  MUTANT m0052 op=measurement_map
  MUTANT m0053 op=qubit_index
  MUTANT m0054 op=measurement_map
  MUTANT m0055 op=gate_replace
  MUTANT m0056 op=gate_replace
  MUTANT m0057 op=gate_replace
  MUTANT m0058 op=gate_delete
  MUTANT m0059 op=qubit_index
  MUTANT m0060 op=qubit_index
  MUTANT m0061 op=qubit_index
  MUTANT m0062 op=qubit_index
  MUTANT m0063 op=gate_delete
  MUTANT m0064 op=gate_replace
  MUTANT m0065 op=gate_delete
  MUTANT m0066 op=gate_delete
  MUTANT m0067 op=gate_delete
  MUTANT m0068 op=gate_replace
  MUTANT m0069 op=gate_replace
  MUTANT m0070 op=qubit_index
  MUTANT m0071 op=gate_delete
  MUTANT m0072 op=gate_swap
  MUTANT m0073 op=gate_replace
  MUTANT m0074 op=gate_delete
  MUTANT m0075 op=qubit_index
  MUTANT m0076 op=gate_replace
  MUTANT m0077 op=qubit_index
  MUTANT m0078 op=gate_replace
  MUTANT m0079 op=gate_delete
  MUTANT m0080 op=qubit_index
  MUTANT m0081 op=gate_swap
  MUTANT m0082 op=qubit_index
  MUTANT m0083 op=gate_delete
  MUTANT m0084 op=phase_flip
  MUTANT m0085 op=gate_delete
  MUTANT m0086 op=phase_flip
  MUTANT m0087 op=measurement_map
  MUTANT m0088 op=qubit_index
  MUTANT m0089 op=gate_swap
  MUTANT m0090 op=gate_replace
  MUTANT m0091 op=gate_replace
  MUTANT m0092 op=qubit_index
  MUTANT m0093 op=gate_replace
  MUTANT m0094 op=measurement_map
  MUTANT m0095 op=gate_delete
  MUTANT m0096 op=measurement_map
  MUTANT m0097 op=gate_replace
  MUTANT m0098 op=gate_replace
  MUTANT m0099 op=gate_replace
  MUTANT m0100 op=measurement_map
  MUTANT m0101 op=qubit_index
  MUTANT m0102 op=gate_delete
  MUTANT m0103 op=qubit_index
  MUTANT m0104 op=gate_replace
  MUTANT m0105 op=qubit_index
  MUTANT m0106 op=qubit_index
  MUTANT m0107 op=qubit_index
  MUTANT m0108 op=qubit_index
  MUTANT m0109 op=qubit_index
  MUTANT m0110 op=gate_delete
  MUTANT m0111 op=gate_delete
  MUTANT m0112 op=gate_replace
  MUTANT m0113 op=qubit_index
  MUTANT m0114 op=gate_replace
  MUTANT m0115 op=gate_delete
  MUTANT m0116 op=gate_delete
  MUTANT m0117 op=gate_delete
  MUTANT m0118 op=gate_replace
  MUTANT m0119 op=measurement_map
  MUTANT m0120 op=gate_delete
  MUTANT m0121 op=gate_delete
  MUTANT m0122 op=gate_replace
  MUTANT m0123 op=qubit_index
  MUTANT m0124 op=gate_swap
  MUTANT m0125 op=gate_delete
  MUTANT m0126 op=gate_delete
  MUTANT m0127 op=measurement_map
  MUTANT m0128 op=qubit_index
  MUTANT m0129 op=gate_replace
  MUTANT m0130 op=gate_swap
  MUTANT m0131 op=gate_replace
  MUTANT m0132 op=gate_replace
  MUTANT m0133 op=qubit_index
  MUTANT m0134 op=qubit_index
  MUTANT m0135 op=qubit_index
  MUTANT m0136 op=gate_delete
  MUTANT m0137 op=gate_replace
  MUTANT m0138 op=gate_replace
  MUTANT m0139 op=gate_swap
  MUTANT m0140 op=phase_flip
  MUTANT m0141 op=qubit_index
  MUTANT m0142 op=gate_delete
  MUTANT m0143 op=gate_replace
  MUTANT m0144 op=qubit_index
  MUTANT m0145 op=qubit_index
  MUTANT m0146 op=gate_delete
  MUTANT m0147 op=gate_replace
  MUTANT m0148 op=gate_replace
  MUTANT m0149 op=gate_swap
  MUTANT m0150 op=gate_replace
  MUTANT m0151 op=gate_delete
  MUTANT m0152 op=qubit_index
  MUTANT m0153 op=qubit_index
  MUTANT m0154 op=gate_delete
  MUTANT m0155 op=gate_replace
  MUTANT m0156 op=gate_delete
  MUTANT m0157 op=qubit_index
  MUTANT m0158 op=qubit_index
  MUTANT m0159 op=gate_replace
  MUTANT m0160 op=gate_swap
  MUTANT m0161 op=qubit_index
  MUTANT m0162 op=qubit_index
  MUTANT m0163 op=qubit_index
  MUTANT m0164 op=gate_replace
  MUTANT m0165 op=measurement_map
  MUTANT m0166 op=gate_swap
  MUTANT m0167 op=gate_replace
  MUTANT m0168 op=qubit_index
  MUTANT m0169 op=gate_replace
  MUTANT m0170 op=qubit_index
  MUTANT m0171 op=gate_replace
  MUTANT m0172 op=gate_swap
  MUTANT m0173 op=qubit_index
  MUTANT m0174 op=gate_replace
  MUTANT m0175 op=gate_delete
  MUTANT m0176 op=gate_replace
  MUTANT m0177 op=gate_delete
  MUTANT m0178 op=gate_replace
  MUTANT m0179 op=gate_delete
  MUTANT m0180 op=gate_replace
  MUTANT m0181 op=gate_replace
  MUTANT m0182 op=qubit_index
  MUTANT m0183 op=qubit_index
  MUTANT m0184 op=measurement_map
  MUTANT m0185 op=gate_delete
  MUTANT m0186 op=gate_delete
  MUTANT m0187 op=gate_replace
  MUTANT m0188 op=measurement_map
  MUTANT m0189 op=gate_swap
  MUTANT m0190 op=gate_delete
  MUTANT m0191 op=gate_replace
  MUTANT m0192 op=gate_delete
  MUTANT m0193 op=gate_delete
  MUTANT m0194 op=gate_replace
  MUTANT m0195 op=gate_swap
  MUTANT m0196 op=gate_replace
  MUTANT m0197 op=gate_delete
  MUTANT m0198 op=qubit_index
  MUTANT m0199 op=measurement_map
  MUTANT m0200 op=gate_delete
  MUTANT m0201 op=qubit_index
  MUTANT m0202 op=gate_delete
  MUTANT m0203 op=measurement_map
  MUTANT m0204 op=gate_replace
  MUTANT m0205 op=qubit_index
  MUTANT m0206 op=gate_replace
  MUTANT m0207 op=gate_delete
  MUTANT m0208 op=gate_delete
  MUTANT m0209 op=gate_replace
  MUTANT m0210 op=qubit_index
  MUTANT m0211 op=qubit_index
  MUTANT m0212 op=gate_delete
  MUTANT m0213 op=gate_delete
  MUTANT m0214 op=gate_replace
  MUTANT m0215 op=qubit_index
  MUTANT m0216 op=gate_replace
  MUTANT m0217 op=phase_flip
  MUTANT m0218 op=qubit_index
  MUTANT m0219 op=gate_delete
  MUTANT m0220 op=gate_replace
  MUTANT m0221 op=gate_replace
  MUTANT m0222 op=gate_replace
  MUTANT m0223 op=gate_delete
  MUTANT m0224 op=qubit_index
  MUTANT m0225 op=gate_swap
  MUTANT m0226 op=phase_flip
  MUTANT m0227 op=phase_flip
  MUTANT m0228 op=gate_delete
  MUTANT m0229 op=qubit_index
  MUTANT m0230 op=gate_replace
  MUTANT m0231 op=gate_delete
  MUTANT m0232 op=gate_replace
  MUTANT m0233 op=gate_replace
  MUTANT m0234 op=gate_delete
  MUTANT m0235 op=gate_replace
  MUTANT m0236 op=gate_replace
  MUTANT m0237 op=gate_delete
  MUTANT m0238 op=gate_replace
  MUTANT m0239 op=measurement_map
  MUTANT m0240 op=qubit_index
  MUTANT m0241 op=gate_replace
  MUTANT m0242 op=qubit_index
  MUTANT m0243 op=qubit_index
  MUTANT m0244 op=gate_delete
  MUTANT m0245 op=gate_delete
  MUTANT m0246 op=measurement_map
  MUTANT m0247 op=qubit_index
  MUTANT m0248 op=gate_replace
  MUTANT m0249 op=measurement_map
  MUTANT m0250 op=gate_replace
[shard 0] done -> /var/tmp/jobfs/qmt_ablation_1/injected/injected_swap_shard0000.jsonl
'/var/tmp/jobfs/qmt_ablation_1/injected/injected_summary_swap_shard0000.jsonl' -> '/fred/oz402/nhunguyen/ICSE_QMTester/data/results/runs/hpc_resource_fix_1g_20260616T091805Z/shards/injected_summary_swap_shard0000.jsonl'
'/var/tmp/jobfs/qmt_ablation_1/injected/injected_swap_shard0000.jsonl' -> '/fred/oz402/nhunguyen/ICSE_QMTester/data/results/runs/hpc_resource_fix_1g_20260616T091805Z/shards/injected_swap_shard0000.jsonl'
[Tue Jun 16 19:21:25 AEST 2026] ablation cfg=1 done.

+------------------ Job Report: 13232427 (COMPLETED) ------------------+
| Memory (RAM)  [#                   ]  8.9% (91 MB peak / 1 GB)       |
| CPU           [################### ] 95.6% average                   |
| Time          [->                  ]  5.1% (0-00:03:03 / 0-01:00:00) |
|                                                                      |
| Lustre Filesystem:                                                   |
|   Path    Total Read    Total Write      Total IOPS                  |
|   ------  ------------  -------------  ------------                  |
|   /apps   0 B           0 B                      3                   |
|   /fred   112 KB        3.7 KB                   8                   |
|   /home   12 KB         0 B                      3                   |
|   OS      0 B           0 B                      2                   |
|                                                                      |
| Warnings:                                                            |
|   - Too much memory requested                                        |
|   - Too much time requested                                          |
+----------------------------------------------------------------------+
