[Tue Jun 16 18:12:51 AEST 2026] Ablation config 1: swap
[shard 0/1] probing subjects...
Statevector([0.+0.j, 0.+0.j, 0.+0.j, 0.+0.j, 0.+0.j, 0.+0.j, 0.+0.j,
             0.+0.j, 0.+0.j, 0.+0.j, 0.+0.j, 0.+0.j, 0.+0.j, 0.+0.j,
             0.+0.j, 0.+0.j, 0.+0.j, 0.+0.j, 0.+0.j, 0.+0.j, 0.+0.j,
             0.+0.j, 0.+0.j, 0.+0.j, 0.+0.j, 0.+0.j, 0.+0.j, 0.+0.j,
             0.+0.j, 0.+0.j, 0.+0.j, 1.+0.j],
            dims=(2, 2, 2, 2, 2))
counts = {'001': 1}
                    ┌───┐┌─┐        
q_0: ────────────■──┤ H ├┤M├──────■─
     ┌───┐     ┌─┴─┐└┬─┬┘└╥┘      │ 
q_1: ┤ H ├──■──┤ X ├─┤M├──╫───■───┼─
     └───┘┌─┴─┐└───┘ └╥┘  ║ ┌─┴─┐ │ 
q_2: ─────┤ X ├───────╫───╫─┤ X ├─■─
          └───┘       ║   ║ └───┘   
c: 3/═════════════════╩═══╩═════════
                      1   0         
2
{'1101': 25, '1010': 90, '0010': 102, '0000': 50, '1100': 38, '0101': 36, '1001': 53, '1111': 98, '0001': 54, '0100': 36, '1011': 105, '0111': 121, '0011': 102, '1000': 44, '0110': 33, '1110': 37}
NoiseModel:
  Basis gates: ['cz', 'h', 'id', 'rx', 'rz']
  Instructions with noise: ['rz', 'rx', 'cz', 'h']
  All-qubits errors: ['h', 'rx', 'rz', 'cz']

Total count: {'011': 1000}
ParameterView([Parameter(theta)])
ParameterView([Parameter(theta)])
      ┌──────┐
qr_0: ┤1     ├
      │      │
qr_1: ┤0 ghz ├
      │      │
qr_2: ┤2     ├
      └──┬───┘
qr_3: ───■────
              
      ┌──────┐
qr_0: ┤1     ├
      │      │
qr_1: ┤0 ghz ├
      │      │
qr_2: ┤2     ├
      └──────┘
qr_3: ────────
              
      ┌──────┐
qr_0: ┤2     ├
      │      │
qr_1: ┤0     ├
      │  ghz │
qr_2: ┤      ├
      │      │
qr_3: ┤1     ├
      └──────┘
   ┌─────────────┐
q: ┤ U(0,0,0.24) ├
   └─────────────┘
[[1. +0.j  0. +0.j  0. +0.j  0. +0.j  0. +0.j  0. +0.j  0. +0.j  0. +0.j
  0. +0.j  0. +0.j  0. +0.j  0. +0.j  0. +0.j  0. +0.j  0. +0.j  0. +0.j ]
 [0. +0.j  1. +0.j  0. +0.j  0. +0.j  0. +0.j  0. +0.j  0. +0.j  0. +0.j
  0. +0.j  0. +0.j  0. +0.j  0. +0.j  0. +0.j  0. +0.j  0. +0.j  0. +0.j ]
 [0. +0.j  0. +0.j  1. +0.j  0. +0.j  0. +0.j  0. +0.j  0. +0.j  0. +0.j
  0. +0.j  0. +0.j  0. +0.j  0. +0.j  0. +0.j  0. +0.j  0. +0.j  0. +0.j ]
 [0. +0.j  0. +0.j  0. +0.j  1. +0.j  0. +0.j  0. +0.j  0. +0.j  0. +0.j
  0. +0.j  0. +0.j  0. +0.j  0. +0.j  0. +0.j  0. +0.j  0. +0.j  0. +0.j ]
 [0. +0.j  0. +0.j  0. +0.j  0. +0.j  1. +0.j  0. +0.j  0. +0.j  0. +0.j
  0. +0.j  0. +0.j  0. +0.j  0. +0.j  0. +0.j  0. +0.j  0. +0.j  0. +0.j ]
 [0. +0.j  0. +0.j  0. +0.j  0. +0.j  0. +0.j  1. +0.j  0. +0.j  0. +0.j
  0. +0.j  0. +0.j  0. +0.j  0. +0.j  0. +0.j  0. +0.j  0. +0.j  0. +0.j ]
 [0. +0.j  0. +0.j  0. +0.j  0. +0.j  0. +0.j  0. +0.j  1. +0.j  0. +0.j
  0. +0.j  0. +0.j  0. +0.j  0. +0.j  0. +0.j  0. +0.j  0. +0.j  0. +0.j ]
 [0. +0.j  0. +0.j  0. +0.j  0. +0.j  0. +0.j  0. +0.j  0. +0.j  1. +0.j
  0. +0.j  0. +0.j  0. +0.j  0. +0.j  0. +0.j  0. +0.j  0. +0.j  0. +0.j ]
 [0. +0.j  0. +0.j  0. +0.j  0. +0.j  0. +0.j  0. +0.j  0. +0.j  0. +0.j
  0.4-0.9j 0. +0.j  0. +0.j  0. +0.j  0. +0.j  0. +0.j  0. +0.j  0. +0.j ]
 [0. +0.j  0. +0.j  0. +0.j  0. +0.j  0. +0.j  0. +0.j  0. +0.j  0. +0.j
  0. +0.j  0.9+0.4j 0. +0.j  0. +0.j  0. +0.j  0. +0.j  0. +0.j  0. +0.j ]
 [0. +0.j  0. +0.j  0. +0.j  0. +0.j  0. +0.j  0. +0.j  0. +0.j  0. +0.j
  0. +0.j  0. +0.j  0.4-0.9j 0. +0.j  0. +0.j  0. +0.j  0. +0.j  0. +0.j ]
 [0. +0.j  0. +0.j  0. +0.j  0. +0.j  0. +0.j  0. +0.j  0. +0.j  0. +0.j
  0. +0.j  0. +0.j  0. +0.j  0.9+0.4j 0. +0.j  0. +0.j  0. +0.j  0. +0.j ]
 [0. +0.j  0. +0.j  0. +0.j  0. +0.j  0. +0.j  0. +0.j  0. +0.j  0. +0.j
  0. +0.j  0. +0.j  0. +0.j  0. +0.j  0.9-0.4j 0. +0.j  0. +0.j  0. +0.j ]
 [0. +0.j  0. +0.j  0. +0.j  0. +0.j  0. +0.j  0. +0.j  0. +0.j  0. +0.j
  0. +0.j  0. +0.j  0. +0.j  0. +0.j  0. +0.j  0.4+0.9j 0. +0.j  0. +0.j ]
 [0. +0.j  0. +0.j  0. +0.j  0. +0.j  0. +0.j  0. +0.j  0. +0.j  0. +0.j
  0. +0.j  0. +0.j  0. +0.j  0. +0.j  0. +0.j  0. +0.j  0.9-0.4j 0. +0.j ]
 [0. +0.j  0. +0.j  0. +0.j  0. +0.j  0. +0.j  0. +0.j  0. +0.j  0. +0.j
  0. +0.j  0. +0.j  0. +0.j  0. +0.j  0. +0.j  0. +0.j  0. +0.j  0.4+0.9j]]
000
Statevector([0.+0.j, 0.+0.j, 0.+0.j, 0.+0.j, 0.+0.j, 0.+0.j, 0.+0.j,
             1.+0.j],
            dims=(2, 2, 2))
{'111': 1024}
{'11': 267, '01': 262, '10': 237, '00': 258}
        ┌───┐      ░ ┌─┐   
   q_0: ┤ H ├──■───░─┤M├───
        ├───┤┌─┴─┐ ░ └╥┘┌─┐
   q_1: ┤ H ├┤ X ├─░──╫─┤M├
        └───┘└───┘ ░  ║ └╥┘
meas: 2/══════════════╩══╩═
                      0  1 
{'101': 500}
{'11 00': 270, '10 00': 254, '01 00': 238, '00 00': 262}
[QuantumRegister(1, 'q35')]
[]
ParameterView([ParameterVectorElement(θ[0]), ParameterVectorElement(θ[1]), ParameterVectorElement(θ[2]), ParameterVectorElement(θ[3]), ParameterVectorElement(θ[4]), ParameterVectorElement(θ[5]), ParameterVectorElement(θ[6]), ParameterVectorElement(θ[7])])
0.001
  90 subjects in this shard
  RUN  Aer_bug_1 (5q)
  SKIP Aer_bug_10: IMPORT:deprecated_package_qiskit.ignis
  RUN  Aer_bug_7 (3q)
  SKIP StackExchange-page-1-25_Bug_10: EXEC_ERROR:NameError:name 'I' is not defined
  SKIP StackExchange-page-1-25_Bug_13: EXEC_ERROR:NameError:name 'provider' is not defined
  SKIP StackExchange-page-1-25_Bug_14: IMPORT_ERROR:cannot import name 'measure' from 'qiskit.circuit.measure' (/usr/local/lib/python3.11/site-packages/qiskit/circuit/measure.py)
  SKIP StackExchange-page-1-25_Bug_15: EXEC_ERROR:IndentationError:unexpected indent (bug_version.py, line 4)
  SKIP StackExchange-page-1-25_Bug_17: EXEC_ERROR:SyntaxError:invalid syntax (bug_version.py, line 44)
  SKIP StackExchange-page-1-25_Bug_18: IMPORT:deprecated_package_qiskit.opflow
  SKIP StackExchange-page-1-25_Bug_19: EXEC_ERROR:QiskitError:'You have to select a circuit or schedule when there is more than one available'
  SKIP StackExchange-page-1-25_Bug_20: IMPORT_ERROR:No module named 'IPython'
  SKIP StackExchange-page-1-25_Bug_21: EXEC_ERROR:TranspilerError:"Unable to translate the operations in the circuit: ['u', 'cx'] to the backend's (or manually specified) target basis: ['delay', 's', 'barrier', 'h', 'reset', 'snapshot', 't', 'measure', 'cx']. This likely means the target basis is not universal or there are additional equivalence rules needed in the EquivalenceLibrary being used. For more details on this error see: https://docs.quantum-computing.ibm.com/api/qiskit/qiskit.transpiler.passes.BasisTranslator#translation-errors"
  SKIP StackExchange-page-1-25_Bug_5: EXEC_ERROR:QiskitError:'You have to select a circuit or schedule when there is more than one available'
  SKIP StackExchange-page-1-25_Bug_6: EXEC_ERROR:SyntaxError:'(' was never closed (bug_version.py, line 23)
  SKIP StackExchange-page-1-25_Bug_7: IMPORT:deprecated_package_qiskit.opflow
  RUN  StackExchange-page-1-25_Bug_9 (4q)
  SKIP StackExchange_1: EXEC_ERROR:SyntaxError:invalid syntax (buggy.py, line 10)
  RUN  StackExchange_10 (3q)
  SKIP StackExchange_11: EXEC_ERROR:AttributeError:'QuantumCircuit' object has no attribute 'cu3'
  SKIP StackExchange_12: IMPORT_ERROR:No module named 'qiskit.providers.aer.backends'; 'qiskit.providers.aer' is not a package
  SKIP StackExchange_13: EXEC_ERROR:TypeError:unsupported operand type(s) for +: 'QuantumCircuit' and 'QuantumCircuit'
  SKIP StackExchange_14: EXEC_ERROR:TypeError:unsupported operand type(s) for +: 'QuantumCircuit' and 'QuantumCircuit'
  SKIP StackExchange_15: EXEC_ERROR:NameError:name 'math' is not defined
  RUN  StackExchange_16 (4q)
  SKIP StackExchange_17: EXEC_ERROR:NameError:name 'gates' is not defined
  SKIP StackExchange_18: IMPORT:deprecated_package_qiskit.aqua
  SKIP StackExchange_19: EXEC_ERROR:TypeError:ParameterExpression with unbound parameters (dict_keys([Parameter(x)])) cannot be cast to a float.
  SKIP StackExchange_20: EXEC_ERROR:NameError:name 'complete_meas_cal' is not defined
  SKIP StackExchange_2_bug_1: EXEC_ERROR:AttributeError:'QuantumCircuit' object has no attribute 'iden'
  SKIP StackExchange_2_bug_2: IMPORT_ERROR:"The 'seaborn' library is required to use 'plot_state_qsphere'. You can install it with 'pip install seaborn'."
  SKIP StackExchange_3: IMPORT_ERROR:cannot import name 'wait' from 'qiskit.extensions.simulator' (/usr/local/lib/python3.11/site-packages/qiskit/extensions/simulator/__init__.py)
  RUN  StackExchange_4 (8q)
  RUN  StackExchange_5 (2q)
  SKIP StackExchange_6: IMPORT_ERROR:cannot import name 'compile' from 'qiskit' (/usr/local/lib/python3.11/site-packages/qiskit/__init__.py)
  SKIP StackExchange_7: EXEC_ERROR:NameError:name 'backend' is not defined
  RUN  StackExchange_8 (2q)
  RUN  StackExchange_9 (3q)
  SKIP Terra-0-4000_1: IMPORT:deprecated_package_qiskit.aqua
  SKIP Terra-0-4000_10: EXEC_ERROR:NameError:name 'QuantumRegister' is not defined
  SKIP Terra-0-4000_11: IMPORT_ERROR:cannot import name 'compile' from 'qiskit' (/usr/local/lib/python3.11/site-packages/qiskit/__init__.py)
  SKIP Terra-0-4000_12: IMPORT_ERROR:cannot import name 'compile' from 'qiskit' (/usr/local/lib/python3.11/site-packages/qiskit/__init__.py)
  SKIP Terra-0-4000_13: EXEC_ERROR:NameError:name 'QuantumRegister' is not defined
  SKIP Terra-0-4000_14: EXEC_ERROR:ValueError:Input matrix is not unitary.
  RUN  Terra-0-4000_15 (2q)
  SKIP Terra-0-4000_16: IMPORT_ERROR:cannot import name 'CmdDef' from 'qiskit.pulse' (/usr/local/lib/python3.11/site-packages/qiskit/pulse/__init__.py)
  RUN  Terra-0-4000_17 (1q)
  SKIP Terra-0-4000_18: EXEC_ERROR:TypeError:'<' not supported between instances of 'Qubit' and 'Qubit'
  SKIP Terra-0-4000_19: EXEC_ERROR:NameError:name 'qiskit' is not defined
  SKIP Terra-0-4000_2: EXEC_ERROR:QASM2ParseError:"<input>:6,0: 'test' is not defined in this scope"
  SKIP Terra-0-4000_20: EXEC_ERROR:CircuitError:"Invalid param type <class 'complex'> for gate rx."
  SKIP Terra-0-4000_21: EXEC_ERROR:NameError:name 'cx' is not defined
  RUN  Terra-0-4000_22 (4q)
  SKIP Terra-0-4000_23: EXEC_ERROR:AttributeError:property 'name' of 'QuantumRegister' object has no setter
  SKIP Terra-0-4000_24: EXEC_ERROR:NameError:name 'CouplingMap' is not defined
  SKIP Terra-0-4000_3: EXEC_ERROR:TypeError:QuantumCircuit.ccx() got an unexpected keyword argument 'label'
  SKIP Terra-0-4000_4: EXEC_ERROR:NameError:name 'Gate' is not defined
  SKIP Terra-0-4000_5: EXEC_ERROR:SyntaxError:invalid syntax (buggy.py, line 1)
  SKIP Terra-0-4000_6: IMPORT_ERROR:cannot import name 'QuantumProgram' from 'qiskit' (/usr/local/lib/python3.11/site-packages/qiskit/__init__.py)
  SKIP Terra-0-4000_7: IMPORT_ERROR:cannot import name 'available_backends' from 'qiskit.wrapper' (unknown location)
  SKIP Terra-0-4000_8: EXEC_ERROR:AttributeError:'str' object has no attribute 'run'
  SKIP Terra-0-4000_9: EXEC_ERROR:NameError:name 'get_backend' is not defined
  SKIP Terra-4001-6000_Bug_1: EXEC_ERROR:CircuitError:"Invalid param type <class 'complex'> for gate initialize_dg."
  SKIP Terra-4001-6000_Bug_10: EXEC_ERROR:SyntaxError:'(' was never closed (buggy.py, line 12)
  RUN  Terra-4001-6000_Bug_11 (1q)
  SKIP Terra-4001-6000_Bug_2: EXEC_ERROR:NameError:name 'QuantumCircuit' is not defined
  SKIP Terra-4001-6000_Bug_3: IMPORT_ERROR:cannot import name 'measure' from 'qiskit.circuit.measure' (/usr/local/lib/python3.11/site-packages/qiskit/circuit/measure.py)
  SKIP Terra-4001-6000_Bug_4: EXEC_ERROR:NameError:name 'pi' is not defined
  RUN  Terra-4001-6000_Bug_5 (4q)
  SKIP Terra-4001-6000_Bug_6: EXEC_ERROR:NameError:name 'QuantumCircuit' is not defined
  SKIP Terra-4001-6000_Bug_7: IMPORT_ERROR:No module named 'qiskit.providers.ibmq'
  SKIP Terra-4001-6000_Bug_8: EXEC_ERROR:NameError:name 'FakeAlmaden' is not defined
  SKIP Terra-4001-6000_Bug_9: EXEC_ERROR:NameError:name 'i' is not defined
  SKIP Terra-6000-7100_6255_Bug: IMPORT:deprecated_package_qiskit.opflow
  SKIP Terra-6000-7100_6521_Bug: EXEC_ERROR:NameError:name 'feature_train1' is not defined
  SKIP Terra-6000-7100_6540_Bug: EXEC_ERROR:CircuitError:'The circuit contains non-unitary operations and cannot be controlled. Note that no qiskit.circuit.Instruction objects may be in the circuit for this operation.'
  RUN  Terra-6000-7100_6571_Bug (2q)
  SKIP Terra-6000-7100_6604_Bug: EXEC_ERROR:NameError:name 'I' is not defined
  SKIP Terra-6000-7100_6777_Bug: IMPORT:deprecated_package_qiskit.aqua
  SKIP Terra-6000-7100_6860_Bug: NO_CIRCUIT:no_QuantumCircuit_in_namespace
  RUN  Terra-6000-7100_6892_Bug (1q)
  SKIP Terra-6000-7100_6927_Bug: EXEC_ERROR:AerError:'unknown instruction: QPE'
  SKIP Terra-6000-7100_7032_Bug: IMPORT:deprecated_package_qiskit.opflow
  RUN  stackoverflow-1-5_1 (3q)
  SKIP stackoverflow-1-5_Bug_11: EXEC_ERROR:SyntaxError:invalid syntax (bug_version.py, line 7)
  RUN  stackoverflow-1-5_Bug_2 (2q)
  SKIP stackoverflow-1-5_Bug_3: EXEC_ERROR:SyntaxError:'(' was never closed (bug_version.py, line 9)
  RUN  stackoverflow-1-5_Bug_8 (2q)
  RUN  stackoverflow-6-10_bug_1 (3q)
  RUN  stackoverflow-6-10_bug_2 (2q)
  RUN  stackoverflow-6-10_bug_3 (3q)
[shard 0] done -> /var/tmp/jobfs/qmt_ablation_1/bugs4q/raw_runs_shard0000.jsonl
Statevector([0.+0.j, 0.+0.j, 0.+0.j, 0.+0.j, 0.+0.j, 0.+0.j, 0.+0.j,
             0.+0.j, 0.+0.j, 0.+0.j, 0.+0.j, 0.+0.j, 0.+0.j, 0.+0.j,
             0.+0.j, 0.+0.j, 0.+0.j, 0.+0.j, 0.+0.j, 0.+0.j, 0.+0.j,
             0.+0.j, 0.+0.j, 0.+0.j, 0.+0.j, 0.+0.j, 0.+0.j, 0.+0.j,
             0.+0.j, 0.+0.j, 0.+0.j, 1.+0.j],
            dims=(2, 2, 2, 2, 2))
counts = {'001': 1}
                    ┌───┐┌─┐        
q_0: ────────────■──┤ H ├┤M├──────■─
     ┌───┐     ┌─┴─┐└┬─┬┘└╥┘      │ 
q_1: ┤ H ├──■──┤ X ├─┤M├──╫───■───┼─
     └───┘┌─┴─┐└───┘ └╥┘  ║ ┌─┴─┐ │ 
q_2: ─────┤ X ├───────╫───╫─┤ X ├─■─
          └───┘       ║   ║ └───┘   
c: 3/═════════════════╩═══╩═════════
                      1   0         
2
{'0100': 31, '0000': 44, '1110': 39, '1111': 111, '0001': 49, '1000': 43, '0110': 33, '1101': 36, '1011': 104, '0011': 92, '0111': 106, '1100': 40, '0101': 39, '1001': 54, '1010': 114, '0010': 89}
NoiseModel:
  Basis gates: ['cz', 'h', 'id', 'rx', 'rz']
  Instructions with noise: ['rz', 'h', 'rx', 'cz']
  All-qubits errors: ['h', 'rx', 'rz', 'cz']

Total count: {'011': 1000}
ParameterView([Parameter(theta)])
ParameterView([Parameter(theta)])
      ┌──────┐
qr_0: ┤1     ├
      │      │
qr_1: ┤0 ghz ├
      │      │
qr_2: ┤2     ├
      └──┬───┘
qr_3: ───■────
              
      ┌──────┐
qr_0: ┤1     ├
      │      │
qr_1: ┤0 ghz ├
      │      │
qr_2: ┤2     ├
      └──────┘
qr_3: ────────
              
      ┌──────┐
qr_0: ┤2     ├
      │      │
qr_1: ┤0     ├
      │  ghz │
qr_2: ┤      ├
      │      │
qr_3: ┤1     ├
      └──────┘
   ┌─────────────┐
q: ┤ U(0,0,0.24) ├
   └─────────────┘
[[1. +0.j  0. +0.j  0. +0.j  0. +0.j  0. +0.j  0. +0.j  0. +0.j  0. +0.j
  0. +0.j  0. +0.j  0. +0.j  0. +0.j  0. +0.j  0. +0.j  0. +0.j  0. +0.j ]
 [0. +0.j  1. +0.j  0. +0.j  0. +0.j  0. +0.j  0. +0.j  0. +0.j  0. +0.j
  0. +0.j  0. +0.j  0. +0.j  0. +0.j  0. +0.j  0. +0.j  0. +0.j  0. +0.j ]
 [0. +0.j  0. +0.j  1. +0.j  0. +0.j  0. +0.j  0. +0.j  0. +0.j  0. +0.j
  0. +0.j  0. +0.j  0. +0.j  0. +0.j  0. +0.j  0. +0.j  0. +0.j  0. +0.j ]
 [0. +0.j  0. +0.j  0. +0.j  1. +0.j  0. +0.j  0. +0.j  0. +0.j  0. +0.j
  0. +0.j  0. +0.j  0. +0.j  0. +0.j  0. +0.j  0. +0.j  0. +0.j  0. +0.j ]
 [0. +0.j  0. +0.j  0. +0.j  0. +0.j  1. +0.j  0. +0.j  0. +0.j  0. +0.j
  0. +0.j  0. +0.j  0. +0.j  0. +0.j  0. +0.j  0. +0.j  0. +0.j  0. +0.j ]
 [0. +0.j  0. +0.j  0. +0.j  0. +0.j  0. +0.j  1. +0.j  0. +0.j  0. +0.j
  0. +0.j  0. +0.j  0. +0.j  0. +0.j  0. +0.j  0. +0.j  0. +0.j  0. +0.j ]
 [0. +0.j  0. +0.j  0. +0.j  0. +0.j  0. +0.j  0. +0.j  1. +0.j  0. +0.j
  0. +0.j  0. +0.j  0. +0.j  0. +0.j  0. +0.j  0. +0.j  0. +0.j  0. +0.j ]
 [0. +0.j  0. +0.j  0. +0.j  0. +0.j  0. +0.j  0. +0.j  0. +0.j  1. +0.j
  0. +0.j  0. +0.j  0. +0.j  0. +0.j  0. +0.j  0. +0.j  0. +0.j  0. +0.j ]
 [0. +0.j  0. +0.j  0. +0.j  0. +0.j  0. +0.j  0. +0.j  0. +0.j  0. +0.j
  0.4-0.9j 0. +0.j  0. +0.j  0. +0.j  0. +0.j  0. +0.j  0. +0.j  0. +0.j ]
 [0. +0.j  0. +0.j  0. +0.j  0. +0.j  0. +0.j  0. +0.j  0. +0.j  0. +0.j
  0. +0.j  0.9+0.4j 0. +0.j  0. +0.j  0. +0.j  0. +0.j  0. +0.j  0. +0.j ]
 [0. +0.j  0. +0.j  0. +0.j  0. +0.j  0. +0.j  0. +0.j  0. +0.j  0. +0.j
  0. +0.j  0. +0.j  0.4-0.9j 0. +0.j  0. +0.j  0. +0.j  0. +0.j  0. +0.j ]
 [0. +0.j  0. +0.j  0. +0.j  0. +0.j  0. +0.j  0. +0.j  0. +0.j  0. +0.j
  0. +0.j  0. +0.j  0. +0.j  0.9+0.4j 0. +0.j  0. +0.j  0. +0.j  0. +0.j ]
 [0. +0.j  0. +0.j  0. +0.j  0. +0.j  0. +0.j  0. +0.j  0. +0.j  0. +0.j
  0. +0.j  0. +0.j  0. +0.j  0. +0.j  0.9-0.4j 0. +0.j  0. +0.j  0. +0.j ]
 [0. +0.j  0. +0.j  0. +0.j  0. +0.j  0. +0.j  0. +0.j  0. +0.j  0. +0.j
  0. +0.j  0. +0.j  0. +0.j  0. +0.j  0. +0.j  0.4+0.9j 0. +0.j  0. +0.j ]
 [0. +0.j  0. +0.j  0. +0.j  0. +0.j  0. +0.j  0. +0.j  0. +0.j  0. +0.j
  0. +0.j  0. +0.j  0. +0.j  0. +0.j  0. +0.j  0. +0.j  0.9-0.4j 0. +0.j ]
 [0. +0.j  0. +0.j  0. +0.j  0. +0.j  0. +0.j  0. +0.j  0. +0.j  0. +0.j
  0. +0.j  0. +0.j  0. +0.j  0. +0.j  0. +0.j  0. +0.j  0. +0.j  0.4+0.9j]]
001
Statevector([0.+0.j, 0.+0.j, 0.+0.j, 0.+0.j, 0.+0.j, 0.+0.j, 0.+0.j,
             1.+0.j],
            dims=(2, 2, 2))
{'111': 1024}
{'01': 268, '11': 266, '10': 243, '00': 247}
        ┌───┐      ░ ┌─┐   
   q_0: ┤ H ├──■───░─┤M├───
        ├───┤┌─┴─┐ ░ └╥┘┌─┐
   q_1: ┤ H ├┤ X ├─░──╫─┤M├
        └───┘└───┘ ░  ║ └╥┘
meas: 2/══════════════╩══╩═
                      0  1 
{'101': 500}
{'00 00': 259, '01 00': 262, '11 00': 235, '10 00': 268}
[QuantumRegister(1, 'q35')]
[]
ParameterView([ParameterVectorElement(θ[0]), ParameterVectorElement(θ[1]), ParameterVectorElement(θ[2]), ParameterVectorElement(θ[3]), ParameterVectorElement(θ[4]), ParameterVectorElement(θ[5]), ParameterVectorElement(θ[6]), ParameterVectorElement(θ[7])])
0.001
[shard 0] 250 mutants
  MUTANT m0001 op=measurement_map
  MUTANT m0002 op=gate_delete
  MUTANT m0003 op=gate_swap
  MUTANT m0004 op=gate_swap
  MUTANT m0005 op=gate_swap
  MUTANT m0006 op=gate_replace
  MUTANT m0007 op=gate_replace
  MUTANT m0008 op=gate_delete
  MUTANT m0009 op=gate_replace
  MUTANT m0010 op=gate_replace
  MUTANT m0011 op=gate_delete
  MUTANT m0012 op=gate_replace
  MUTANT m0013 op=gate_replace
  MUTANT m0014 op=qubit_index
  MUTANT m0015 op=measurement_map
  MUTANT m0016 op=gate_delete
  MUTANT m0017 op=qubit_index
  MUTANT m0018 op=gate_swap
  MUTANT m0019 op=gate_replace
  MUTANT m0020 op=qubit_index
  MUTANT m0021 op=measurement_map
  MUTANT m0022 op=measurement_map
  MUTANT m0023 op=qubit_index
  MUTANT m0024 op=measurement_map
  MUTANT m0025 op=measurement_map
  MUTANT m0026 op=gate_swap
  MUTANT m0027 op=gate_replace
  MUTANT m0028 op=gate_delete
  MUTANT m0029 op=gate_swap
  MUTANT m0030 op=measurement_map
  MUTANT m0031 op=gate_replace
  MUTANT m0032 op=gate_swap
  MUTANT m0033 op=gate_replace
  MUTANT m0034 op=gate_swap
  MUTANT m0035 op=qubit_index
  MUTANT m0036 op=qubit_index
  MUTANT m0037 op=qubit_index
  MUTANT m0038 op=gate_replace
  MUTANT m0039 op=gate_delete
  MUTANT m0040 op=qubit_index
  MUTANT m0041 op=gate_replace
  MUTANT m0042 op=gate_swap
  MUTANT m0043 op=qubit_index
  MUTANT m0044 op=gate_delete
  MUTANT m0045 op=gate_swap
  MUTANT m0046 op=qubit_index
  MUTANT m0047 op=gate_delete
  MUTANT m0048 op=qubit_index
  MUTANT m0049 op=gate_delete
  MUTANT m0050 op=gate_swap
  MUTANT m0051 op=gate_delete
  MUTANT m0052 op=measurement_map
  MUTANT m0053 op=qubit_index
  MUTANT m0054 op=measurement_map
  MUTANT m0055 op=measurement_map
  MUTANT m0056 op=gate_delete
  MUTANT m0057 op=gate_replace
  MUTANT m0058 op=qubit_index
  MUTANT m0059 op=gate_replace
  MUTANT m0060 op=qubit_index
  MUTANT m0061 op=gate_delete
  MUTANT m0062 op=gate_swap
  MUTANT m0063 op=gate_replace
  MUTANT m0064 op=gate_delete
  MUTANT m0065 op=gate_replace
  MUTANT m0066 op=gate_delete
  MUTANT m0067 op=measurement_map
  MUTANT m0068 op=qubit_index
  MUTANT m0069 op=gate_swap
  MUTANT m0070 op=qubit_index
  MUTANT m0071 op=measurement_map
  MUTANT m0072 op=gate_delete
  MUTANT m0073 op=gate_swap
  MUTANT m0074 op=gate_swap
  MUTANT m0075 op=gate_delete
  MUTANT m0076 op=gate_swap
  MUTANT m0077 op=gate_swap
  MUTANT m0078 op=gate_replace
  MUTANT m0079 op=qubit_index
  MUTANT m0080 op=qubit_index
  MUTANT m0081 op=gate_replace
  MUTANT m0082 op=gate_swap
  MUTANT m0083 op=gate_delete
  MUTANT m0084 op=gate_replace
  MUTANT m0085 op=qubit_index
  MUTANT m0086 op=qubit_index
  MUTANT m0087 op=qubit_index
  MUTANT m0088 op=qubit_index
  MUTANT m0089 op=measurement_map
  MUTANT m0090 op=gate_replace
  MUTANT m0091 op=measurement_map
  MUTANT m0092 op=gate_delete
  MUTANT m0093 op=qubit_index
  MUTANT m0094 op=gate_delete
  MUTANT m0095 op=measurement_map
  MUTANT m0096 op=qubit_index
  MUTANT m0097 op=gate_delete
  MUTANT m0098 op=gate_delete
  MUTANT m0099 op=measurement_map
  MUTANT m0100 op=gate_replace
  MUTANT m0101 op=qubit_index
  MUTANT m0102 op=measurement_map
  MUTANT m0103 op=measurement_map
  MUTANT m0104 op=measurement_map
  MUTANT m0105 op=gate_delete
  MUTANT m0106 op=gate_delete
  MUTANT m0107 op=gate_delete
  MUTANT m0108 op=gate_swap
  MUTANT m0109 op=qubit_index
  MUTANT m0110 op=qubit_index
  MUTANT m0111 op=measurement_map
  MUTANT m0112 op=qubit_index
  MUTANT m0113 op=qubit_index
  MUTANT m0114 op=qubit_index
  MUTANT m0115 op=gate_delete
  MUTANT m0116 op=gate_replace
  MUTANT m0117 op=gate_delete
  MUTANT m0118 op=gate_delete
  MUTANT m0119 op=gate_swap
  MUTANT m0120 op=qubit_index
  MUTANT m0121 op=phase_flip
  MUTANT m0122 op=gate_delete
  MUTANT m0123 op=qubit_index
  MUTANT m0124 op=measurement_map
  MUTANT m0125 op=measurement_map
  MUTANT m0126 op=qubit_index
  MUTANT m0127 op=gate_delete
  MUTANT m0128 op=gate_delete
  MUTANT m0129 op=qubit_index
  MUTANT m0130 op=gate_delete
  MUTANT m0131 op=gate_swap
  MUTANT m0132 op=gate_swap
  MUTANT m0133 op=gate_delete
  MUTANT m0134 op=gate_replace
  MUTANT m0135 op=measurement_map
  MUTANT m0136 op=phase_flip
  MUTANT m0137 op=qubit_index
  MUTANT m0138 op=gate_replace
  MUTANT m0139 op=qubit_index
  MUTANT m0140 op=measurement_map
  MUTANT m0141 op=qubit_index
  MUTANT m0142 op=qubit_index
  MUTANT m0143 op=measurement_map
  MUTANT m0144 op=measurement_map
  MUTANT m0145 op=gate_swap
  MUTANT m0146 op=gate_swap
  MUTANT m0147 op=qubit_index
  MUTANT m0148 op=gate_replace
  MUTANT m0149 op=gate_delete
  MUTANT m0150 op=gate_swap
  MUTANT m0151 op=qubit_index
  MUTANT m0152 op=gate_delete
  MUTANT m0153 op=qubit_index
  MUTANT m0154 op=qubit_index
  MUTANT m0155 op=gate_swap
  MUTANT m0156 op=phase_flip
  MUTANT m0157 op=qubit_index
  MUTANT m0158 op=measurement_map
  MUTANT m0159 op=phase_flip
  MUTANT m0160 op=gate_delete
  MUTANT m0161 op=qubit_index
  MUTANT m0162 op=gate_replace
  MUTANT m0163 op=gate_delete
  MUTANT m0164 op=measurement_map
  MUTANT m0165 op=measurement_map
  MUTANT m0166 op=qubit_index
  MUTANT m0167 op=gate_replace
  MUTANT m0168 op=gate_delete
  MUTANT m0169 op=gate_swap
  MUTANT m0170 op=gate_delete
  MUTANT m0171 op=gate_swap
  MUTANT m0172 op=qubit_index
  MUTANT m0173 op=phase_flip
  MUTANT m0174 op=qubit_index
  MUTANT m0175 op=measurement_map
  MUTANT m0176 op=gate_replace
  MUTANT m0177 op=qubit_index
  MUTANT m0178 op=qubit_index
  MUTANT m0179 op=gate_delete
  MUTANT m0180 op=gate_swap
  MUTANT m0181 op=gate_swap
  MUTANT m0182 op=measurement_map
  MUTANT m0183 op=gate_delete
  MUTANT m0184 op=qubit_index
  MUTANT m0185 op=gate_swap
  MUTANT m0186 op=gate_delete
  MUTANT m0187 op=gate_delete
  MUTANT m0188 op=phase_flip
  MUTANT m0189 op=gate_delete
  MUTANT m0190 op=measurement_map
  MUTANT m0191 op=measurement_map
  MUTANT m0192 op=qubit_index
  MUTANT m0193 op=gate_delete
  MUTANT m0194 op=gate_delete
  MUTANT m0195 op=qubit_index
  MUTANT m0196 op=qubit_index
  MUTANT m0197 op=qubit_index
  MUTANT m0198 op=gate_delete
  MUTANT m0199 op=gate_delete
  MUTANT m0200 op=qubit_index
  MUTANT m0201 op=gate_swap
  MUTANT m0202 op=phase_flip
  MUTANT m0203 op=phase_flip
  MUTANT m0204 op=gate_delete
  MUTANT m0205 op=qubit_index
  MUTANT m0206 op=gate_replace
  MUTANT m0207 op=qubit_index
  MUTANT m0208 op=gate_swap
  MUTANT m0209 op=phase_flip
  MUTANT m0210 op=measurement_map
  MUTANT m0211 op=measurement_map
  MUTANT m0212 op=gate_swap
  MUTANT m0213 op=qubit_index
  MUTANT m0214 op=gate_swap
  MUTANT m0215 op=qubit_index
  MUTANT m0216 op=qubit_index
  MUTANT m0217 op=gate_delete
  MUTANT m0218 op=gate_delete
  MUTANT m0219 op=gate_delete
  MUTANT m0220 op=phase_flip
  MUTANT m0221 op=measurement_map
  MUTANT m0222 op=gate_swap
  MUTANT m0223 op=qubit_index
  MUTANT m0224 op=qubit_index
  MUTANT m0225 op=gate_replace
  MUTANT m0226 op=gate_replace
  MUTANT m0227 op=gate_replace
  MUTANT m0228 op=measurement_map
  MUTANT m0229 op=qubit_index
  MUTANT m0230 op=measurement_map
  MUTANT m0231 op=measurement_map
  MUTANT m0232 op=measurement_map
  MUTANT m0233 op=measurement_map
  MUTANT m0234 op=gate_delete
  MUTANT m0235 op=gate_replace
  MUTANT m0236 op=qubit_index
  MUTANT m0237 op=measurement_map
  MUTANT m0238 op=gate_delete
  MUTANT m0239 op=gate_replace
  MUTANT m0240 op=qubit_index
  MUTANT m0241 op=gate_delete
  MUTANT m0242 op=gate_delete
  MUTANT m0243 op=phase_flip
  MUTANT m0244 op=qubit_index
  MUTANT m0245 op=gate_swap
  MUTANT m0246 op=qubit_index
  MUTANT m0247 op=qubit_index
  MUTANT m0248 op=gate_swap
  MUTANT m0249 op=gate_delete
  MUTANT m0250 op=gate_swap
[shard 0] done -> /var/tmp/jobfs/qmt_ablation_1/injected/injected_swap_shard0000.jsonl
'/var/tmp/jobfs/qmt_ablation_1/bugs4q/raw_runs_shard0000.jsonl' -> '/fred/oz402/nhunguyen/ICSE_QMTester/data/results/shards/raw_runs_shard0000.jsonl'
'/var/tmp/jobfs/qmt_ablation_1/bugs4q/summary_shard0000.jsonl' -> '/fred/oz402/nhunguyen/ICSE_QMTester/data/results/shards/summary_shard0000.jsonl'
'/var/tmp/jobfs/qmt_ablation_1/injected/injected_summary_swap_shard0000.jsonl' -> '/fred/oz402/nhunguyen/ICSE_QMTester/data/results/shards/injected_summary_swap_shard0000.jsonl'
'/var/tmp/jobfs/qmt_ablation_1/injected/injected_swap_shard0000.jsonl' -> '/fred/oz402/nhunguyen/ICSE_QMTester/data/results/shards/injected_swap_shard0000.jsonl'
[Tue Jun 16 18:34:29 AEST 2026] ablation cfg=1 done.

+------------------ Job Report: 13226045 (COMPLETED) ------------------+
| Memory (RAM)  [                    ]  0.1% (154 MB peak / 200 GB)    |
| CPU           [                    ]  1.5% average                   |
| Time          [>                   ]  4.5% (0-00:21:41 / 0-08:00:00) |
|                                                                      |
| Lustre Filesystem:                                                   |
|   Path    Total Read    Total Write      Total IOPS                  |
|   ------  ------------  -------------  ------------                  |
|   /fred   4 KB          41.8 KB                  0                   |
|                                                                      |
| Warnings:                                                            |
|   - Too much memory requested                                        |
|   - CPU usage is low                                                 |
|   - Too much time requested                                          |
+----------------------------------------------------------------------+
