[Mon Jun 15 23:23:11 AEST 2026] Ablation config 4: identity swap
[shard 0/1] probing subjects...
[0.+0.j 0.+0.j 0.+0.j 0.+0.j 0.+0.j 0.+0.j 0.+0.j 0.+0.j 0.+0.j 0.+0.j
 0.+0.j 0.+0.j 0.+0.j 0.+0.j 0.+0.j 0.+0.j 0.+0.j 0.+0.j 0.+0.j 0.+0.j
 0.+0.j 0.+0.j 0.+0.j 0.+0.j 0.+0.j 0.+0.j 0.+0.j 0.+0.j 0.+0.j 0.+0.j
 0.+0.j 1.+0.j]
                    ┌───┐┌─┐        
q_0: ────────────■──┤ H ├┤M├──────■─
     ┌───┐     ┌─┴─┐└┬─┬┘└╥┘      │ 
q_1: ┤ H ├──■──┤ X ├─┤M├──╫───■───┼─
     └───┘┌─┴─┐└───┘ └╥┘  ║ ┌─┴─┐ │ 
q_2: ─────┤ X ├───────╫───╫─┤ X ├─■─
          └───┘       ║   ║ └───┘   
c: 3/═════════════════╩═══╩═════════
                      1   0         
2
{'0001': 67, '1110': 30, '1010': 100, '0111': 117, '0011': 96, '1011': 83, '0000': 49, '0010': 85, '1111': 111, '1101': 48, '0110': 35, '1000': 56, '1100': 29, '0101': 36, '1001': 54, '0100': 28}
NoiseModel:
  Basis gates: ['cz', 'h', 'id', 'rx', 'rz']
  Instructions with noise: ['h', 'rz', 'cz', 'rx']
  All-qubits errors: ['h', 'rx', 'rz', 'cz']

Total count: {'011': 1000}
      ┌──────┐
qr_0: ┤1     ├
      │      │
qr_1: ┤0 ghz ├
      │      │
qr_2: ┤2     ├
      └──┬───┘
qr_3: ───■────
              
      ┌──────┐
qr_0: ┤1     ├
      │      │
qr_1: ┤0 ghz ├
      │      │
qr_2: ┤2     ├
      └──────┘
qr_3: ────────
              
      ┌──────┐
qr_0: ┤2     ├
      │      │
qr_1: ┤0     ├
      │  ghz │
qr_2: ┤      ├
      │      │
qr_3: ┤1     ├
      └──────┘
[[1. +0.j  0. +0.j  0. +0.j  0. +0.j  0. +0.j  0. +0.j  0. +0.j  0. +0.j
  0. +0.j  0. +0.j  0. +0.j  0. +0.j  0. +0.j  0. +0.j  0. +0.j  0. +0.j ]
 [0. +0.j  1. +0.j  0. +0.j  0. +0.j  0. +0.j  0. +0.j  0. +0.j  0. +0.j
  0. +0.j  0. +0.j  0. +0.j  0. +0.j  0. +0.j  0. +0.j  0. +0.j  0. +0.j ]
 [0. +0.j  0. +0.j  1. +0.j  0. +0.j  0. +0.j  0. +0.j  0. +0.j  0. +0.j
  0. +0.j  0. +0.j  0. +0.j  0. +0.j  0. +0.j  0. +0.j  0. +0.j  0. +0.j ]
 [0. +0.j  0. +0.j  0. +0.j  1. +0.j  0. +0.j  0. +0.j  0. +0.j  0. +0.j
  0. +0.j  0. +0.j  0. +0.j  0. +0.j  0. +0.j  0. +0.j  0. +0.j  0. +0.j ]
 [0. +0.j  0. +0.j  0. +0.j  0. +0.j  1. +0.j  0. +0.j  0. +0.j  0. +0.j
  0. +0.j  0. +0.j  0. +0.j  0. +0.j  0. +0.j  0. +0.j  0. +0.j  0. +0.j ]
 [0. +0.j  0. +0.j  0. +0.j  0. +0.j  0. +0.j  1. +0.j  0. +0.j  0. +0.j
  0. +0.j  0. +0.j  0. +0.j  0. +0.j  0. +0.j  0. +0.j  0. +0.j  0. +0.j ]
 [0. +0.j  0. +0.j  0. +0.j  0. +0.j  0. +0.j  0. +0.j  1. +0.j  0. +0.j
  0. +0.j  0. +0.j  0. +0.j  0. +0.j  0. +0.j  0. +0.j  0. +0.j  0. +0.j ]
 [0. +0.j  0. +0.j  0. +0.j  0. +0.j  0. +0.j  0. +0.j  0. +0.j  1. +0.j
  0. +0.j  0. +0.j  0. +0.j  0. +0.j  0. +0.j  0. +0.j  0. +0.j  0. +0.j ]
 [0. +0.j  0. +0.j  0. +0.j  0. +0.j  0. +0.j  0. +0.j  0. +0.j  0. +0.j
  0.4-0.9j 0. +0.j  0. +0.j  0. +0.j  0. +0.j  0. +0.j  0. +0.j  0. +0.j ]
 [0. +0.j  0. +0.j  0. +0.j  0. +0.j  0. +0.j  0. +0.j  0. +0.j  0. +0.j
  0. +0.j  0.9+0.4j 0. +0.j  0. +0.j  0. +0.j  0. +0.j  0. +0.j  0. +0.j ]
 [0. +0.j  0. +0.j  0. +0.j  0. +0.j  0. +0.j  0. +0.j  0. +0.j  0. +0.j
  0. +0.j  0. +0.j  0.4-0.9j 0. +0.j  0. +0.j  0. +0.j  0. +0.j  0. +0.j ]
 [0. +0.j  0. +0.j  0. +0.j  0. +0.j  0. +0.j  0. +0.j  0. +0.j  0. +0.j
  0. +0.j  0. +0.j  0. +0.j  0.9+0.4j 0. +0.j  0. +0.j  0. +0.j  0. +0.j ]
 [0. +0.j  0. +0.j  0. +0.j  0. +0.j  0. +0.j  0. +0.j  0. +0.j  0. +0.j
  0. +0.j  0. +0.j  0. +0.j  0. +0.j  0.9-0.4j 0. +0.j  0. +0.j  0. +0.j ]
 [0. +0.j  0. +0.j  0. +0.j  0. +0.j  0. +0.j  0. +0.j  0. +0.j  0. +0.j
  0. +0.j  0. +0.j  0. +0.j  0. +0.j  0. +0.j  0.4+0.9j 0. +0.j  0. +0.j ]
 [0. +0.j  0. +0.j  0. +0.j  0. +0.j  0. +0.j  0. +0.j  0. +0.j  0. +0.j
  0. +0.j  0. +0.j  0. +0.j  0. +0.j  0. +0.j  0. +0.j  0.9-0.4j 0. +0.j ]
 [0. +0.j  0. +0.j  0. +0.j  0. +0.j  0. +0.j  0. +0.j  0. +0.j  0. +0.j
  0. +0.j  0. +0.j  0. +0.j  0. +0.j  0. +0.j  0. +0.j  0. +0.j  0.4+0.9j]]
001
Statevector([0.+0.j, 0.+0.j, 0.+0.j, 0.+0.j, 0.+0.j, 0.+0.j, 0.+0.j,
             1.+0.j],
            dims=(2, 2, 2))
{'111': 1024}
{'01': 259, '11': 264, '10': 244, '00': 257}
        ┌───┐      ░ ┌─┐   
   q_0: ┤ H ├──■───░─┤M├───
        ├───┤┌─┴─┐ ░ └╥┘┌─┐
   q_1: ┤ H ├┤ X ├─░──╫─┤M├
        └───┘└───┘ ░  ║ └╥┘
meas: 2/══════════════╩══╩═
                      0  1 
{'01 00': 241, '00 00': 277, '11 00': 274, '10 00': 232}
[QuantumRegister(1, 'q81')]
[]
ParameterView([ParameterVectorElement(θ[0]), ParameterVectorElement(θ[1]), ParameterVectorElement(θ[2]), ParameterVectorElement(θ[3]), ParameterVectorElement(θ[4]), ParameterVectorElement(θ[5]), ParameterVectorElement(θ[6]), ParameterVectorElement(θ[7])])
0.001
  90 subjects in this shard
  RUN  Aer_bug_1 (5q)
  SKIP Aer_bug_10: IMPORT:deprecated_package_qiskit.ignis
  SKIP Aer_bug_7: EXEC_ERROR:TypeError:generate_aer_config() got multiple values for argument 'backend_options'
  SKIP StackExchange-page-1-25_Bug_10: EXEC_ERROR:NameError:name 'I' is not defined
  SKIP StackExchange-page-1-25_Bug_13: EXEC_ERROR:NameError:name 'provider' is not defined
  SKIP StackExchange-page-1-25_Bug_14: IMPORT_ERROR:cannot import name 'measure' from 'qiskit.circuit.measure' (/usr/local/lib/python3.11/site-packages/qiskit/circuit/measure.py)
  SKIP StackExchange-page-1-25_Bug_15: EXEC_ERROR:IndentationError:unexpected indent (bug_version.py, line 4)
  SKIP StackExchange-page-1-25_Bug_17: EXEC_ERROR:SyntaxError:invalid syntax (bug_version.py, line 44)
  SKIP StackExchange-page-1-25_Bug_18: IMPORT:deprecated_package_qiskit.opflow
  SKIP StackExchange-page-1-25_Bug_19: EXEC_ERROR:QiskitError:'You have to select a circuit or schedule when there is more than one available'
  SKIP StackExchange-page-1-25_Bug_20: IMPORT_ERROR:No module named 'IPython'
  SKIP StackExchange-page-1-25_Bug_21: EXEC_ERROR:TranspilerError:"Unable to translate the operations in the circuit: ['u', 'cx'] to the backend's (or manually specified) target basis: ['snapshot', 'measure', 'h', 'reset', 'barrier', 't', 'delay', 's', 'cx']. This likely means the target basis is not universal or there are additional equivalence rules needed in the EquivalenceLibrary being used. For more details on this error see: https://docs.quantum-computing.ibm.com/api/qiskit/qiskit.transpiler.passes.BasisTranslator#translation-errors"
  SKIP StackExchange-page-1-25_Bug_5: EXEC_ERROR:QiskitError:'You have to select a circuit or schedule when there is more than one available'
  SKIP StackExchange-page-1-25_Bug_6: EXEC_ERROR:SyntaxError:'(' was never closed (bug_version.py, line 23)
  SKIP StackExchange-page-1-25_Bug_7: IMPORT:deprecated_package_qiskit.opflow
  RUN  StackExchange-page-1-25_Bug_9 (4q)
  SKIP StackExchange_1: EXEC_ERROR:SyntaxError:invalid syntax (buggy.py, line 10)
  RUN  StackExchange_10 (3q)
  SKIP StackExchange_11: EXEC_ERROR:AttributeError:'QuantumCircuit' object has no attribute 'u1'
  SKIP StackExchange_12: EXEC_ERROR:TypeError:unsupported operand type(s) for +: 'QuantumCircuit' and 'QuantumCircuit'
  SKIP StackExchange_13: EXEC_ERROR:AttributeError:'QuantumCircuit' object has no attribute 'u3'
  SKIP StackExchange_14: EXEC_ERROR:AttributeError:'QuantumCircuit' object has no attribute 'u1'
  SKIP StackExchange_15: EXEC_ERROR:AttributeError:'QuantumCircuit' object has no attribute 'cu1'
  RUN  StackExchange_16 (4q)
  SKIP StackExchange_17: EXEC_ERROR:NameError:name 'gates' is not defined
  SKIP StackExchange_18: IMPORT:deprecated_package_qiskit.aqua
  SKIP StackExchange_19: EXEC_ERROR:TypeError:ParameterExpression with unbound parameters (dict_keys([Parameter(x)])) cannot be cast to a float.
  SKIP StackExchange_20: EXEC_ERROR:NameError:name 'complete_meas_cal' is not defined
  SKIP StackExchange_2_bug_1: EXEC_ERROR:AttributeError:'QuantumCircuit' object has no attribute 'iden'
  SKIP StackExchange_2_bug_2: IMPORT_ERROR:"The 'seaborn' library is required to use 'plot_state_qsphere'. You can install it with 'pip install seaborn'."
  SKIP StackExchange_3: IMPORT_ERROR:No module named 'qiskit.extensions.standard'
  RUN  StackExchange_4 (8q)
  RUN  StackExchange_5 (2q)
  SKIP StackExchange_6: IMPORT_ERROR:cannot import name 'compile' from 'qiskit' (/usr/local/lib/python3.11/site-packages/qiskit/__init__.py)
  SKIP StackExchange_7: EXEC_ERROR:NameError:name 'backend' is not defined
  RUN  StackExchange_8 (2q)
  RUN  StackExchange_9 (3q)
  SKIP Terra-0-4000_1: IMPORT:deprecated_package_qiskit.aqua
  SKIP Terra-0-4000_10: EXEC_ERROR:NameError:name 'QuantumRegister' is not defined
  SKIP Terra-0-4000_11: IMPORT_ERROR:cannot import name 'compile' from 'qiskit' (/usr/local/lib/python3.11/site-packages/qiskit/__init__.py)
  SKIP Terra-0-4000_12: IMPORT_ERROR:cannot import name 'compile' from 'qiskit' (/usr/local/lib/python3.11/site-packages/qiskit/__init__.py)
  SKIP Terra-0-4000_13: EXEC_ERROR:NameError:name 'QuantumRegister' is not defined
  SKIP Terra-0-4000_14: EXEC_ERROR:ValueError:Input matrix is not unitary.
  RUN  Terra-0-4000_15 (2q)
  SKIP Terra-0-4000_16: IMPORT_ERROR:cannot import name 'CmdDef' from 'qiskit.pulse' (/usr/local/lib/python3.11/site-packages/qiskit/pulse/__init__.py)
  SKIP Terra-0-4000_17: EXEC_ERROR:AttributeError:'QuantumCircuit' object has no attribute 'u3'
  SKIP Terra-0-4000_18: EXEC_ERROR:TypeError:'<' not supported between instances of 'Qubit' and 'Qubit'
  SKIP Terra-0-4000_19: EXEC_ERROR:NameError:name 'qiskit' is not defined
  SKIP Terra-0-4000_2: EXEC_ERROR:QASM2ParseError:"<input>:6,0: 'test' is not defined in this scope"
  SKIP Terra-0-4000_20: EXEC_ERROR:CircuitError:"Invalid param type <class 'complex'> for gate rx."
  SKIP Terra-0-4000_21: EXEC_ERROR:NameError:name 'cx' is not defined
  RUN  Terra-0-4000_22 (4q)
  SKIP Terra-0-4000_23: EXEC_ERROR:AttributeError:property 'name' of 'QuantumRegister' object has no setter
  SKIP Terra-0-4000_24: EXEC_ERROR:NameError:name 'CouplingMap' is not defined
  SKIP Terra-0-4000_3: EXEC_ERROR:TypeError:QuantumCircuit.ccx() got an unexpected keyword argument 'label'
  SKIP Terra-0-4000_4: EXEC_ERROR:NameError:name 'Gate' is not defined
  SKIP Terra-0-4000_5: EXEC_ERROR:SyntaxError:invalid syntax (buggy.py, line 1)
  SKIP Terra-0-4000_6: IMPORT_ERROR:cannot import name 'QuantumProgram' from 'qiskit' (/usr/local/lib/python3.11/site-packages/qiskit/__init__.py)
  SKIP Terra-0-4000_7: IMPORT_ERROR:No module named 'qiskit.wrapper'
  SKIP Terra-0-4000_8: EXEC_ERROR:AttributeError:'str' object has no attribute 'configuration'
  SKIP Terra-0-4000_9: EXEC_ERROR:NameError:name 'get_backend' is not defined
  SKIP Terra-4001-6000_Bug_1: EXEC_ERROR:CircuitError:"Invalid param type <class 'complex'> for gate initialize_dg."
  SKIP Terra-4001-6000_Bug_10: EXEC_ERROR:SyntaxError:'(' was never closed (buggy.py, line 12)
  SKIP Terra-4001-6000_Bug_11: EXEC_ERROR:AttributeError:'QuantumCircuit' object has no attribute 'u1'
  SKIP Terra-4001-6000_Bug_2: EXEC_ERROR:NameError:name 'QuantumCircuit' is not defined
  SKIP Terra-4001-6000_Bug_3: IMPORT_ERROR:cannot import name 'measure' from 'qiskit.circuit.measure' (/usr/local/lib/python3.11/site-packages/qiskit/circuit/measure.py)
  SKIP Terra-4001-6000_Bug_4: EXEC_ERROR:NameError:name 'pi' is not defined
  RUN  Terra-4001-6000_Bug_5 (4q)
  SKIP Terra-4001-6000_Bug_6: EXEC_ERROR:NameError:name 'QuantumCircuit' is not defined
  SKIP Terra-4001-6000_Bug_7: IMPORT_ERROR:No module named 'qiskit.providers.ibmq'
  SKIP Terra-4001-6000_Bug_8: EXEC_ERROR:NameError:name 'FakeAlmaden' is not defined
  SKIP Terra-4001-6000_Bug_9: EXEC_ERROR:NameError:name 'i' is not defined
  SKIP Terra-6000-7100_6255_Bug: IMPORT:deprecated_package_qiskit.opflow
  SKIP Terra-6000-7100_6521_Bug: EXEC_ERROR:NameError:name 'feature_train1' is not defined
  SKIP Terra-6000-7100_6540_Bug: EXEC_ERROR:CircuitError:'The circuit contains non-unitary operations and cannot be controlled. Note that no qiskit.circuit.Instruction objects may be in the circuit for this operation.'
  RUN  Terra-6000-7100_6571_Bug (2q)

+------------------- Job Report: 13203550 (FAILED) --------------------+
| Memory (RAM)  [                    ]  0.0% (1 MB peak / 200 GB)      |
| CPU           [                    ]  1.4% average                   |
| Time          [>                   ]  0.2% (0-00:01:12 / 0-08:00:00) |
|                                                                      |
| Lustre Filesystem:                                                   |
|   Path    Total Read    Total Write      Total IOPS                  |
|   ------  ------------  -------------  ------------                  |
|   /apps   0 B           0 B                      2                   |
|   /fred   4 KB          11.4 KB                 12                   |
|   OS      0 B           0 B                      2                   |
|                                                                      |
| Warnings:                                                            |
|   - Too much memory requested                                        |
|   - CPU usage is low                                                 |
|   - Too much time requested                                          |
+----------------------------------------------------------------------+
