[Tue Jun 16 16:53:38 AEST 2026] node=dave140 RAM=251Gi
[Tue Jun 16 16:53:38 AEST 2026] Running ideal false-positive check...
  ghz_2_synth_16: fp=False n_admitted=30
  ghz_2_synth_24: fp=False n_admitted=30
  ghz_2_synth_32: fp=False n_admitted=30
  ghz_2_synth_40: fp=False n_admitted=30
  ghz_2_synth_48: fp=False n_admitted=30
  ghz_2_synth_8: fp=False n_admitted=30
  ghz_4_synth_10: fp=False n_admitted=56
  ghz_4_synth_18: fp=False n_admitted=56
  ghz_4_synth_2: fp=False n_admitted=56
  ghz_4_synth_26: fp=False n_admitted=56
  ghz_4_synth_34: fp=False n_admitted=56
  ghz_4_synth_42: fp=False n_admitted=56
  ghz_4_synth_50: fp=False n_admitted=56
  ghz_6_synth_12: fp=False n_admitted=78
  ghz_6_synth_20: fp=False n_admitted=78
  ghz_6_synth_28: fp=False n_admitted=78
  ghz_6_synth_36: fp=False n_admitted=78
  ghz_6_synth_4: fp=False n_admitted=78
  ghz_6_synth_44: fp=False n_admitted=78
  ghz_8_synth_14: fp=False n_admitted=96
  ghz_8_synth_22: fp=False n_admitted=96
  ghz_8_synth_30: fp=False n_admitted=96
  ghz_8_synth_38: fp=False n_admitted=96
  ghz_8_synth_46: fp=False n_admitted=96
  ghz_8_synth_6: fp=False n_admitted=96
  qft_3_synth_17: fp=False n_admitted=45
  qft_3_synth_25: fp=False n_admitted=45
  qft_3_synth_33: fp=False n_admitted=45
  qft_3_synth_41: fp=False n_admitted=45
  qft_3_synth_49: fp=False n_admitted=45
  qft_3_synth_9: fp=False n_admitted=45
  qft_5_synth_11: fp=False n_admitted=67
  qft_5_synth_19: fp=False n_admitted=67
  qft_5_synth_27: fp=False n_admitted=67
  qft_5_synth_3: fp=False n_admitted=67
  qft_5_synth_35: fp=False n_admitted=67
  qft_5_synth_43: fp=False n_admitted=67
  qft_5_synth_51: fp=False n_admitted=67
  qft_7_synth_13: fp=False n_admitted=87
  qft_7_synth_21: fp=False n_admitted=87
  qft_7_synth_29: fp=False n_admitted=87
  qft_7_synth_37: fp=False n_admitted=87
  qft_7_synth_45: fp=False n_admitted=87
  qft_7_synth_5: fp=False n_admitted=87
  qft_9_synth_15: fp=False n_admitted=105
  qft_9_synth_23: fp=False n_admitted=105
  qft_9_synth_31: fp=False n_admitted=105
  qft_9_synth_39: fp=False n_admitted=105
  qft_9_synth_47: fp=False n_admitted=105
  qft_9_synth_7: fp=False n_admitted=105

False positives: 0/50  (ideal)
[Tue Jun 16 17:00:10 AEST 2026] Running noisy (uncalibrated) false-positive check...
  ghz_2_synth_16: fp=False n_admitted=30
  ghz_2_synth_24: fp=False n_admitted=30
  ghz_2_synth_32: fp=False n_admitted=30
  ghz_2_synth_40: fp=False n_admitted=30
  ghz_2_synth_48: fp=False n_admitted=30
  ghz_2_synth_8: fp=False n_admitted=30
  ghz_4_synth_10: fp=False n_admitted=56
  ghz_4_synth_18: fp=False n_admitted=56
  ghz_4_synth_2: fp=False n_admitted=56
  ghz_4_synth_26: fp=False n_admitted=56
  ghz_4_synth_34: fp=False n_admitted=56
  ghz_4_synth_42: fp=False n_admitted=56
  ghz_4_synth_50: fp=False n_admitted=56
  ghz_6_synth_12: fp=False n_admitted=78
  ghz_6_synth_20: fp=False n_admitted=78
  ghz_6_synth_28: fp=False n_admitted=78
  ghz_6_synth_36: fp=False n_admitted=78
  ghz_6_synth_4: fp=False n_admitted=78
  ghz_6_synth_44: fp=False n_admitted=78
  ghz_8_synth_14: fp=False n_admitted=96
  ghz_8_synth_22: fp=False n_admitted=96
  ghz_8_synth_30: fp=False n_admitted=96
  ghz_8_synth_38: fp=False n_admitted=96
  ghz_8_synth_46: fp=False n_admitted=96
  ghz_8_synth_6: fp=False n_admitted=96
  qft_3_synth_17: fp=False n_admitted=45
  qft_3_synth_25: fp=False n_admitted=45
  qft_3_synth_33: fp=False n_admitted=45
  qft_3_synth_41: fp=False n_admitted=45
  qft_3_synth_49: fp=False n_admitted=45
  qft_3_synth_9: fp=False n_admitted=45
  qft_5_synth_11: fp=False n_admitted=67
  qft_5_synth_19: fp=False n_admitted=67
  qft_5_synth_27: fp=False n_admitted=67
  qft_5_synth_3: fp=False n_admitted=67
  qft_5_synth_35: fp=False n_admitted=67
  qft_5_synth_43: fp=False n_admitted=67
  qft_5_synth_51: fp=False n_admitted=67
  qft_7_synth_13: fp=False n_admitted=87
  qft_7_synth_21: fp=False n_admitted=87
  qft_7_synth_29: fp=False n_admitted=87
  qft_7_synth_37: fp=False n_admitted=87
  qft_7_synth_45: fp=False n_admitted=87
  qft_7_synth_5: fp=False n_admitted=87
  qft_9_synth_15: fp=False n_admitted=105
  qft_9_synth_23: fp=False n_admitted=105
  qft_9_synth_31: fp=False n_admitted=105
  qft_9_synth_39: fp=False n_admitted=105
  qft_9_synth_47: fp=False n_admitted=105
  qft_9_synth_7: fp=False n_admitted=105

False positives: 0/50  (noisy)
[Tue Jun 16 17:07:24 AEST 2026] Running noisy+calibrated false-positive check...
  ghz_2_synth_16: fp=False n_admitted=30
  ghz_2_synth_24: fp=False n_admitted=30
  ghz_2_synth_32: fp=False n_admitted=30
  ghz_2_synth_40: fp=False n_admitted=30
  ghz_2_synth_48: fp=False n_admitted=30
  ghz_2_synth_8: fp=False n_admitted=30
  ghz_4_synth_10: fp=False n_admitted=56
  ghz_4_synth_18: fp=False n_admitted=56
  ghz_4_synth_2: fp=False n_admitted=56
  ghz_4_synth_26: fp=False n_admitted=56
  ghz_4_synth_34: fp=False n_admitted=56
  ghz_4_synth_42: fp=False n_admitted=56
  ghz_4_synth_50: fp=False n_admitted=56
  ghz_6_synth_12: fp=False n_admitted=78
  ghz_6_synth_20: fp=False n_admitted=78
  ghz_6_synth_28: fp=False n_admitted=78
  ghz_6_synth_36: fp=False n_admitted=78
  ghz_6_synth_4: fp=False n_admitted=78
  ghz_6_synth_44: fp=False n_admitted=78
  ghz_8_synth_14: fp=False n_admitted=96
  ghz_8_synth_22: fp=False n_admitted=96
  ghz_8_synth_30: fp=False n_admitted=96
  ghz_8_synth_38: fp=False n_admitted=96
  ghz_8_synth_46: fp=False n_admitted=96
  ghz_8_synth_6: fp=False n_admitted=96
  qft_3_synth_17: fp=False n_admitted=45
  qft_3_synth_25: fp=False n_admitted=45
  qft_3_synth_33: fp=False n_admitted=45
  qft_3_synth_41: fp=False n_admitted=45
  qft_3_synth_49: fp=False n_admitted=45
  qft_3_synth_9: fp=False n_admitted=45
  qft_5_synth_11: fp=False n_admitted=67
  qft_5_synth_19: fp=False n_admitted=67
  qft_5_synth_27: fp=False n_admitted=67
  qft_5_synth_3: fp=False n_admitted=67
  qft_5_synth_35: fp=False n_admitted=67
  qft_5_synth_43: fp=False n_admitted=67
  qft_5_synth_51: fp=False n_admitted=67
  qft_7_synth_13: fp=False n_admitted=87
  qft_7_synth_21: fp=False n_admitted=87
  qft_7_synth_29: fp=False n_admitted=87
  qft_7_synth_37: fp=False n_admitted=87
  qft_7_synth_45: fp=False n_admitted=87
  qft_7_synth_5: fp=False n_admitted=87
  qft_9_synth_15: fp=False n_admitted=105
  qft_9_synth_23: fp=False n_admitted=105
  qft_9_synth_31: fp=False n_admitted=105
  qft_9_synth_39: fp=False n_admitted=105
  qft_9_synth_47: fp=False n_admitted=105
  qft_9_synth_7: fp=False n_admitted=105

False positives: 0/50  (noisy_cal)
'/var/tmp/jobfs/qmt_falsepos/ideal/falsepos_ideal.jsonl' -> '/fred/oz402/nhunguyen/ICSE_QMTester/data/results/shards/falsepos_ideal.jsonl'
'/var/tmp/jobfs/qmt_falsepos/ideal/falsepos_summary_ideal.jsonl' -> '/fred/oz402/nhunguyen/ICSE_QMTester/data/results/shards/falsepos_summary_ideal.jsonl'
'/var/tmp/jobfs/qmt_falsepos/noisy/falsepos_noisy.jsonl' -> '/fred/oz402/nhunguyen/ICSE_QMTester/data/results/shards/falsepos_noisy.jsonl'
'/var/tmp/jobfs/qmt_falsepos/noisy/falsepos_summary_noisy.jsonl' -> '/fred/oz402/nhunguyen/ICSE_QMTester/data/results/shards/falsepos_summary_noisy.jsonl'
'/var/tmp/jobfs/qmt_falsepos/noisy_cal/falsepos_noisy_cal.jsonl' -> '/fred/oz402/nhunguyen/ICSE_QMTester/data/results/shards/falsepos_noisy_cal.jsonl'
'/var/tmp/jobfs/qmt_falsepos/noisy_cal/falsepos_summary_noisy_cal.jsonl' -> '/fred/oz402/nhunguyen/ICSE_QMTester/data/results/shards/falsepos_summary_noisy_cal.jsonl'
[Tue Jun 16 17:15:42 AEST 2026] falsepos done.

+------------------ Job Report: 13225613 (COMPLETED) ------------------+
| Memory (RAM)  [                    ]  0.2% (104 MB peak / 64 GB)     |
| CPU           [#                   ]  6.1% average                   |
| Time          [->                  ]  6.2% (0-00:22:11 / 0-06:00:00) |
|                                                                      |
| Lustre Filesystem:                                                   |
|   Path    Total Read    Total Write      Total IOPS                  |
|   ------  ------------  -------------  ------------                  |
|   /apps   83.9 MB       0 B                     25                   |
|   /fred   64.3 MB       7.1 KB                 383                   |
|   /home   12 KB         0 B                     10                   |
|   OS      0 B           0 B                      3                   |
|                                                                      |
| Warnings:                                                            |
|   - Too much memory requested                                        |
|   - CPU usage is low                                                 |
|   - Too much time requested                                          |
+----------------------------------------------------------------------+
