[Tue Jun 16 17:38:11 AEST 2026] Shot budget: 2048
[1.+0.j 0.+0.j 0.+0.j 0.+0.j 0.+0.j 0.+0.j 0.+0.j 0.+0.j 0.+0.j 0.+0.j
 0.+0.j 0.+0.j 0.+0.j 0.+0.j 0.+0.j 0.+0.j 0.+0.j 0.+0.j 0.+0.j 0.+0.j
 0.+0.j 0.+0.j 0.+0.j 0.+0.j 0.+0.j 0.+0.j 0.+0.j 0.+0.j 0.+0.j 0.+0.j
 0.+0.j 0.+0.j]
                    ┌───┐┌─┐        
q_0: ────────────■──┤ H ├┤M├──────■─
     ┌───┐     ┌─┴─┐└┬─┬┘└╥┘      │ 
q_1: ┤ H ├──■──┤ X ├─┤M├──╫───■───┼─
     └───┘┌─┴─┐└───┘ └╥┘  ║ ┌─┴─┐ │ 
q_2: ─────┤ X ├───────╫───╫─┤ X ├─■─
          └───┘       ║   ║ └───┘   
c: 3/═════════════════╩═══╩═════════
                      1   0         
2
{'1110': 42, '0100': 36, '1100': 44, '0010': 85, '0000': 47, '1010': 101, '1111': 103, '0001': 55, '1011': 130, '0011': 85, '0111': 94, '1001': 54, '0101': 31, '1101': 34, '1000': 42, '0110': 41}
NoiseModel:
  Basis gates: ['cz', 'h', 'id', 'rx', 'rz']
  Instructions with noise: ['h', 'cz', 'rz', 'rx']
  All-qubits errors: ['h', 'rx', 'rz', 'cz']

Total count: {'011': 1000}
      ┌──────┐
qr_0: ┤1     ├
      │      │
qr_1: ┤0 ghz ├
      │      │
qr_2: ┤2     ├
      └──┬───┘
qr_3: ───■────
              
      ┌──────┐
qr_0: ┤1     ├
      │      │
qr_1: ┤0 ghz ├
      │      │
qr_2: ┤2     ├
      └──────┘
qr_3: ────────
              
      ┌──────┐
qr_0: ┤2     ├
      │      │
qr_1: ┤0     ├
      │  ghz │
qr_2: ┤      ├
      │      │
qr_3: ┤1     ├
      └──────┘
[[1. +0.j  0. +0.j  0. +0.j  0. +0.j  0. +0.j  0. +0.j  0. +0.j  0. +0.j
  0. +0.j  0. +0.j  0. +0.j  0. +0.j  0. +0.j  0. +0.j  0. +0.j  0. +0.j ]
 [0. +0.j  1. +0.j  0. +0.j  0. +0.j  0. +0.j  0. +0.j  0. +0.j  0. +0.j
  0. +0.j  0. +0.j  0. +0.j  0. +0.j  0. +0.j  0. +0.j  0. +0.j  0. +0.j ]
 [0. +0.j  0. +0.j  1. +0.j  0. +0.j  0. +0.j  0. +0.j  0. +0.j  0. +0.j
  0. +0.j  0. +0.j  0. +0.j  0. +0.j  0. +0.j  0. +0.j  0. +0.j  0. +0.j ]
 [0. +0.j  0. +0.j  0. +0.j  1. +0.j  0. +0.j  0. +0.j  0. +0.j  0. +0.j
  0. +0.j  0. +0.j  0. +0.j  0. +0.j  0. +0.j  0. +0.j  0. +0.j  0. +0.j ]
 [0. +0.j  0. +0.j  0. +0.j  0. +0.j  1. +0.j  0. +0.j  0. +0.j  0. +0.j
  0. +0.j  0. +0.j  0. +0.j  0. +0.j  0. +0.j  0. +0.j  0. +0.j  0. +0.j ]
 [0. +0.j  0. +0.j  0. +0.j  0. +0.j  0. +0.j  1. +0.j  0. +0.j  0. +0.j
  0. +0.j  0. +0.j  0. +0.j  0. +0.j  0. +0.j  0. +0.j  0. +0.j  0. +0.j ]
 [0. +0.j  0. +0.j  0. +0.j  0. +0.j  0. +0.j  0. +0.j  1. +0.j  0. +0.j
  0. +0.j  0. +0.j  0. +0.j  0. +0.j  0. +0.j  0. +0.j  0. +0.j  0. +0.j ]
 [0. +0.j  0. +0.j  0. +0.j  0. +0.j  0. +0.j  0. +0.j  0. +0.j  1. +0.j
  0. +0.j  0. +0.j  0. +0.j  0. +0.j  0. +0.j  0. +0.j  0. +0.j  0. +0.j ]
 [0. +0.j  0. +0.j  0. +0.j  0. +0.j  0. +0.j  0. +0.j  0. +0.j  0. +0.j
  0.4-0.9j 0. +0.j  0. +0.j  0. +0.j  0. +0.j  0. +0.j  0. +0.j  0. +0.j ]
 [0. +0.j  0. +0.j  0. +0.j  0. +0.j  0. +0.j  0. +0.j  0. +0.j  0. +0.j
  0. +0.j  0.9+0.4j 0. +0.j  0. +0.j  0. +0.j  0. +0.j  0. +0.j  0. +0.j ]
 [0. +0.j  0. +0.j  0. +0.j  0. +0.j  0. +0.j  0. +0.j  0. +0.j  0. +0.j
  0. +0.j  0. +0.j  0.4-0.9j 0. +0.j  0. +0.j  0. +0.j  0. +0.j  0. +0.j ]
 [0. +0.j  0. +0.j  0. +0.j  0. +0.j  0. +0.j  0. +0.j  0. +0.j  0. +0.j
  0. +0.j  0. +0.j  0. +0.j  0.9+0.4j 0. +0.j  0. +0.j  0. +0.j  0. +0.j ]
 [0. +0.j  0. +0.j  0. +0.j  0. +0.j  0. +0.j  0. +0.j  0. +0.j  0. +0.j
  0. +0.j  0. +0.j  0. +0.j  0. +0.j  0.9-0.4j 0. +0.j  0. +0.j  0. +0.j ]
 [0. +0.j  0. +0.j  0. +0.j  0. +0.j  0. +0.j  0. +0.j  0. +0.j  0. +0.j
  0. +0.j  0. +0.j  0. +0.j  0. +0.j  0. +0.j  0.4+0.9j 0. +0.j  0. +0.j ]
 [0. +0.j  0. +0.j  0. +0.j  0. +0.j  0. +0.j  0. +0.j  0. +0.j  0. +0.j
  0. +0.j  0. +0.j  0. +0.j  0. +0.j  0. +0.j  0. +0.j  0.9-0.4j 0. +0.j ]
 [0. +0.j  0. +0.j  0. +0.j  0. +0.j  0. +0.j  0. +0.j  0. +0.j  0. +0.j
  0. +0.j  0. +0.j  0. +0.j  0. +0.j  0. +0.j  0. +0.j  0. +0.j  0.4+0.9j]]
010
Statevector([0.+0.j, 0.+0.j, 0.+0.j, 0.+0.j, 0.+0.j, 0.+0.j, 0.+0.j,
             1.+0.j],
            dims=(2, 2, 2))
{'111': 1024}
{'00': 220, '10': 287, '01': 265, '11': 252}
        ┌───┐      ░ ┌─┐   
   q_0: ┤ H ├──■───░─┤M├───
        ├───┤┌─┴─┐ ░ └╥┘┌─┐
   q_1: ┤ H ├┤ X ├─░──╫─┤M├
        └───┘└───┘ ░  ║ └╥┘
meas: 2/══════════════╩══╩═
                      0  1 
{'01 00': 243, '00 00': 264, '11 00': 261, '10 00': 256}
[QuantumRegister(1, 'q81')]
[]
ParameterView([ParameterVectorElement(θ[0]), ParameterVectorElement(θ[1]), ParameterVectorElement(θ[2]), ParameterVectorElement(θ[3]), ParameterVectorElement(θ[4]), ParameterVectorElement(θ[5]), ParameterVectorElement(θ[6]), ParameterVectorElement(θ[7])])
0.001
[shard 0] 250 mutants
  MUTANT m0001 op=measurement_map
  MUTANT m0002 op=phase_flip
  MUTANT m0003 op=gate_delete
  MUTANT m0004 op=qubit_index
  MUTANT m0005 op=qubit_index
  MUTANT m0006 op=measurement_map
  MUTANT m0007 op=gate_swap
  MUTANT m0008 op=gate_replace
  MUTANT m0009 op=gate_swap
  MUTANT m0010 op=gate_replace
  MUTANT m0011 op=gate_delete
  MUTANT m0012 op=qubit_index
  MUTANT m0013 op=qubit_index
  MUTANT m0014 op=phase_flip
  MUTANT m0015 op=gate_replace
  MUTANT m0016 op=gate_replace
  MUTANT m0017 op=measurement_map
  MUTANT m0018 op=gate_delete
  MUTANT m0019 op=gate_replace
  MUTANT m0020 op=qubit_index
  MUTANT m0021 op=gate_replace
  MUTANT m0022 op=gate_swap
  MUTANT m0023 op=gate_swap
  MUTANT m0024 op=gate_swap
  MUTANT m0025 op=measurement_map
  MUTANT m0026 op=gate_swap
  MUTANT m0027 op=gate_replace
  MUTANT m0028 op=gate_delete
  MUTANT m0029 op=gate_delete
  MUTANT m0030 op=qubit_index
  MUTANT m0031 op=gate_delete
  MUTANT m0032 op=gate_delete
  MUTANT m0033 op=gate_swap
  MUTANT m0034 op=gate_replace
  MUTANT m0035 op=gate_delete
  MUTANT m0036 op=gate_swap
  MUTANT m0037 op=gate_delete
  MUTANT m0038 op=gate_replace
  MUTANT m0039 op=gate_replace
  MUTANT m0040 op=qubit_index
  MUTANT m0041 op=gate_swap
  MUTANT m0042 op=gate_swap
  MUTANT m0043 op=gate_replace
  MUTANT m0044 op=measurement_map
  MUTANT m0045 op=gate_delete
  MUTANT m0046 op=gate_delete
  MUTANT m0047 op=gate_swap
  MUTANT m0048 op=measurement_map
  MUTANT m0049 op=gate_delete
  MUTANT m0050 op=qubit_index
  MUTANT m0051 op=qubit_index
  MUTANT m0052 op=measurement_map
  MUTANT m0053 op=phase_flip
  MUTANT m0054 op=qubit_index
  MUTANT m0055 op=gate_delete
  MUTANT m0056 op=gate_swap
  MUTANT m0057 op=gate_swap
  MUTANT m0058 op=gate_swap
  MUTANT m0059 op=gate_delete
  MUTANT m0060 op=gate_swap
  MUTANT m0061 op=qubit_index
  MUTANT m0062 op=gate_delete
  MUTANT m0063 op=gate_delete
  MUTANT m0064 op=measurement_map
  MUTANT m0065 op=phase_flip
  MUTANT m0066 op=gate_swap
  MUTANT m0067 op=qubit_index
  MUTANT m0068 op=qubit_index
  MUTANT m0069 op=gate_delete
  MUTANT m0070 op=measurement_map
  MUTANT m0071 op=measurement_map
  MUTANT m0072 op=gate_replace
  MUTANT m0073 op=gate_replace
  MUTANT m0074 op=measurement_map
  MUTANT m0075 op=qubit_index
  MUTANT m0076 op=qubit_index
  MUTANT m0077 op=gate_replace
  MUTANT m0078 op=gate_swap
  MUTANT m0079 op=gate_delete
  MUTANT m0080 op=gate_delete
  MUTANT m0081 op=qubit_index
  MUTANT m0082 op=measurement_map
  MUTANT m0083 op=measurement_map
  MUTANT m0084 op=gate_delete
  MUTANT m0085 op=measurement_map
  MUTANT m0086 op=gate_replace
  MUTANT m0087 op=qubit_index
  MUTANT m0088 op=measurement_map
  MUTANT m0089 op=gate_swap
  MUTANT m0090 op=gate_replace
  MUTANT m0091 op=gate_swap
  MUTANT m0092 op=gate_swap
  MUTANT m0093 op=gate_swap
  MUTANT m0094 op=gate_delete
  MUTANT m0095 op=gate_delete
  MUTANT m0096 op=gate_delete
  MUTANT m0097 op=qubit_index
  MUTANT m0098 op=gate_swap
  MUTANT m0099 op=gate_swap
  MUTANT m0100 op=gate_delete
  MUTANT m0101 op=gate_swap
  MUTANT m0102 op=gate_replace
  MUTANT m0103 op=gate_delete
  MUTANT m0104 op=gate_replace
  MUTANT m0105 op=qubit_index
  MUTANT m0106 op=gate_delete
  MUTANT m0107 op=qubit_index
  MUTANT m0108 op=gate_delete
  MUTANT m0109 op=gate_replace
  MUTANT m0110 op=gate_delete
  MUTANT m0111 op=gate_swap
  MUTANT m0112 op=measurement_map
  MUTANT m0113 op=gate_replace
  MUTANT m0114 op=qubit_index
  MUTANT m0115 op=gate_replace
  MUTANT m0116 op=gate_swap
  MUTANT m0117 op=qubit_index
  MUTANT m0118 op=measurement_map
  MUTANT m0119 op=gate_replace
  MUTANT m0120 op=qubit_index
  MUTANT m0121 op=qubit_index
  MUTANT m0122 op=qubit_index
  MUTANT m0123 op=gate_swap
  MUTANT m0124 op=gate_swap
  MUTANT m0125 op=gate_delete
  MUTANT m0126 op=measurement_map
  MUTANT m0127 op=gate_delete
  MUTANT m0128 op=qubit_index
  MUTANT m0129 op=gate_delete
  MUTANT m0130 op=qubit_index
  MUTANT m0131 op=gate_delete
  MUTANT m0132 op=measurement_map
  MUTANT m0133 op=gate_replace
  MUTANT m0134 op=gate_swap
  MUTANT m0135 op=qubit_index
  MUTANT m0136 op=gate_swap
  MUTANT m0137 op=qubit_index
  MUTANT m0138 op=gate_replace
  MUTANT m0139 op=gate_delete
  MUTANT m0140 op=gate_swap
  MUTANT m0141 op=gate_delete
  MUTANT m0142 op=qubit_index
  MUTANT m0143 op=gate_delete
  MUTANT m0144 op=qubit_index
  MUTANT m0145 op=qubit_index
  MUTANT m0146 op=gate_delete
  MUTANT m0147 op=gate_delete
  MUTANT m0148 op=gate_delete
  MUTANT m0149 op=gate_replace
  MUTANT m0150 op=gate_delete
  MUTANT m0151 op=gate_delete
  MUTANT m0152 op=qubit_index
  MUTANT m0153 op=measurement_map
  MUTANT m0154 op=qubit_index
  MUTANT m0155 op=gate_delete
  MUTANT m0156 op=qubit_index
  MUTANT m0157 op=gate_swap
  MUTANT m0158 op=gate_swap
  MUTANT m0159 op=gate_delete
  MUTANT m0160 op=gate_swap
  MUTANT m0161 op=gate_replace
  MUTANT m0162 op=gate_swap
  MUTANT m0163 op=qubit_index
  MUTANT m0164 op=gate_replace
  MUTANT m0165 op=gate_swap
  MUTANT m0166 op=gate_delete
  MUTANT m0167 op=gate_swap
  MUTANT m0168 op=qubit_index
  MUTANT m0169 op=gate_swap
  MUTANT m0170 op=measurement_map
  MUTANT m0171 op=gate_delete
  MUTANT m0172 op=gate_swap
  MUTANT m0173 op=gate_swap
  MUTANT m0174 op=gate_replace
  MUTANT m0175 op=gate_replace
  MUTANT m0176 op=gate_replace
  MUTANT m0177 op=gate_swap
  MUTANT m0178 op=gate_swap
  MUTANT m0179 op=gate_swap
  MUTANT m0180 op=qubit_index
  MUTANT m0181 op=gate_replace
  MUTANT m0182 op=qubit_index
  MUTANT m0183 op=gate_delete
  MUTANT m0184 op=gate_swap
  MUTANT m0185 op=gate_delete
  MUTANT m0186 op=qubit_index
  MUTANT m0187 op=qubit_index
  MUTANT m0188 op=measurement_map
  MUTANT m0189 op=gate_replace
  MUTANT m0190 op=qubit_index
  MUTANT m0191 op=gate_swap
  MUTANT m0192 op=gate_delete
  MUTANT m0193 op=measurement_map
  MUTANT m0194 op=gate_delete
  MUTANT m0195 op=gate_delete
  MUTANT m0196 op=qubit_index
  MUTANT m0197 op=gate_replace
  MUTANT m0198 op=phase_flip
  MUTANT m0199 op=gate_swap
  MUTANT m0200 op=qubit_index
  MUTANT m0201 op=gate_swap
  MUTANT m0202 op=qubit_index
  MUTANT m0203 op=gate_swap
  MUTANT m0204 op=gate_swap
  MUTANT m0205 op=measurement_map
  MUTANT m0206 op=gate_delete
  MUTANT m0207 op=gate_swap
  MUTANT m0208 op=gate_delete
  MUTANT m0209 op=gate_replace
  MUTANT m0210 op=gate_delete
  MUTANT m0211 op=gate_swap
  MUTANT m0212 op=gate_replace
  MUTANT m0213 op=qubit_index
  MUTANT m0214 op=gate_replace
  MUTANT m0215 op=gate_replace
  MUTANT m0216 op=measurement_map
  MUTANT m0217 op=qubit_index
  MUTANT m0218 op=gate_replace
  MUTANT m0219 op=gate_swap
  MUTANT m0220 op=gate_replace
  MUTANT m0221 op=gate_swap
  MUTANT m0222 op=gate_delete
  MUTANT m0223 op=measurement_map
  MUTANT m0224 op=gate_replace
  MUTANT m0225 op=gate_swap
  MUTANT m0226 op=gate_replace
  MUTANT m0227 op=qubit_index
  MUTANT m0228 op=measurement_map
  MUTANT m0229 op=gate_delete
  MUTANT m0230 op=measurement_map
  MUTANT m0231 op=phase_flip
  MUTANT m0232 op=gate_delete
  MUTANT m0233 op=gate_delete
  MUTANT m0234 op=measurement_map
  MUTANT m0235 op=gate_replace
  MUTANT m0236 op=gate_delete
  MUTANT m0237 op=gate_delete
  MUTANT m0238 op=gate_swap
  MUTANT m0239 op=qubit_index
  MUTANT m0240 op=gate_swap
  MUTANT m0241 op=gate_swap
  MUTANT m0242 op=gate_delete
  MUTANT m0243 op=gate_replace
  MUTANT m0244 op=qubit_index
  MUTANT m0245 op=gate_swap
  MUTANT m0246 op=qubit_index
  MUTANT m0247 op=gate_delete
  MUTANT m0248 op=qubit_index
  MUTANT m0249 op=qubit_index
  MUTANT m0250 op=gate_delete
[shard 0] done -> /var/tmp/jobfs/qmt_shots_2048/injected_identity_swap_phase_equivalence_shard0000_shots_2048.jsonl
'/var/tmp/jobfs/qmt_shots_2048/injected_identity_swap_phase_equivalence_shard0000_shots_2048.jsonl' -> '/fred/oz402/nhunguyen/ICSE_QMTester/data/results/shards/injected_identity_swap_phase_equivalence_shard0000_shots_2048.jsonl'
'/var/tmp/jobfs/qmt_shots_2048/injected_summary_identity_swap_phase_equivalence_shard0000_shots_2048.jsonl' -> '/fred/oz402/nhunguyen/ICSE_QMTester/data/results/shards/injected_summary_identity_swap_phase_equivalence_shard0000_shots_2048.jsonl'
[Tue Jun 16 18:20:43 AEST 2026] shot=2048 done.

+------------------ Job Report: 13225958 (COMPLETED) ------------------+
| Memory (RAM)  [                    ]  0.1% (154 MB peak / 200 GB)    |
| CPU           [                    ]  1.5% average                   |
| Time          [->                  ]  8.9% (0-00:42:36 / 0-08:00:00) |
|                                                                      |
| Lustre Filesystem:                                                   |
|   Path    Total Read    Total Write      Total IOPS                  |
|   ------  ------------  -------------  ------------                  |
|   /apps   0 B           0 B                     10                   |
|   /fred   4 KB          14.8 KB                116                   |
|   /home   0 B           0 B                      2                   |
|   OS      0 B           0 B                      2                   |
|                                                                      |
| Warnings:                                                            |
|   - Too much memory requested                                        |
|   - CPU usage is low                                                 |
|   - Too much time requested                                          |
+----------------------------------------------------------------------+
