[Tue Jun 16 05:23:04 AEST 2026] Shot budget: 8192
[0.+0.j 0.+0.j 0.+0.j 0.+0.j 0.+0.j 0.+0.j 0.+0.j 0.+0.j 0.+0.j 0.+0.j
 0.+0.j 0.+0.j 0.+0.j 0.+0.j 0.+0.j 0.+0.j 0.+0.j 0.+0.j 0.+0.j 0.+0.j
 0.+0.j 0.+0.j 0.+0.j 0.+0.j 0.+0.j 0.+0.j 0.+0.j 0.+0.j 0.+0.j 0.+0.j
 0.+0.j 1.+0.j]
                    ┌───┐┌─┐        
q_0: ────────────■──┤ H ├┤M├──────■─
     ┌───┐     ┌─┴─┐└┬─┬┘└╥┘      │ 
q_1: ┤ H ├──■──┤ X ├─┤M├──╫───■───┼─
     └───┘┌─┴─┐└───┘ └╥┘  ║ ┌─┴─┐ │ 
q_2: ─────┤ X ├───────╫───╫─┤ X ├─■─
          └───┘       ║   ║ └───┘   
c: 3/═════════════════╩═══╩═════════
                      1   0         
2
{'0100': 36, '1011': 95, '0011': 107, '0111': 103, '1101': 30, '1111': 87, '0001': 45, '0000': 61, '0010': 80, '0110': 42, '1000': 71, '1100': 47, '1010': 104, '1001': 60, '0101': 25, '1110': 31}
NoiseModel:
  Basis gates: ['cz', 'h', 'id', 'rx', 'rz']
  Instructions with noise: ['rx', 'rz', 'h', 'cz']
  All-qubits errors: ['h', 'rx', 'rz', 'cz']

Total count: {'011': 1000}
      ┌──────┐
qr_0: ┤1     ├
      │      │
qr_1: ┤0 ghz ├
      │      │
qr_2: ┤2     ├
      └──┬───┘
qr_3: ───■────
              
      ┌──────┐
qr_0: ┤1     ├
      │      │
qr_1: ┤0 ghz ├
      │      │
qr_2: ┤2     ├
      └──────┘
qr_3: ────────
              
      ┌──────┐
qr_0: ┤2     ├
      │      │
qr_1: ┤0     ├
      │  ghz │
qr_2: ┤      ├
      │      │
qr_3: ┤1     ├
      └──────┘
[[1. +0.j  0. +0.j  0. +0.j  0. +0.j  0. +0.j  0. +0.j  0. +0.j  0. +0.j
  0. +0.j  0. +0.j  0. +0.j  0. +0.j  0. +0.j  0. +0.j  0. +0.j  0. +0.j ]
 [0. +0.j  1. +0.j  0. +0.j  0. +0.j  0. +0.j  0. +0.j  0. +0.j  0. +0.j
  0. +0.j  0. +0.j  0. +0.j  0. +0.j  0. +0.j  0. +0.j  0. +0.j  0. +0.j ]
 [0. +0.j  0. +0.j  1. +0.j  0. +0.j  0. +0.j  0. +0.j  0. +0.j  0. +0.j
  0. +0.j  0. +0.j  0. +0.j  0. +0.j  0. +0.j  0. +0.j  0. +0.j  0. +0.j ]
 [0. +0.j  0. +0.j  0. +0.j  1. +0.j  0. +0.j  0. +0.j  0. +0.j  0. +0.j
  0. +0.j  0. +0.j  0. +0.j  0. +0.j  0. +0.j  0. +0.j  0. +0.j  0. +0.j ]
 [0. +0.j  0. +0.j  0. +0.j  0. +0.j  1. +0.j  0. +0.j  0. +0.j  0. +0.j
  0. +0.j  0. +0.j  0. +0.j  0. +0.j  0. +0.j  0. +0.j  0. +0.j  0. +0.j ]
 [0. +0.j  0. +0.j  0. +0.j  0. +0.j  0. +0.j  1. +0.j  0. +0.j  0. +0.j
  0. +0.j  0. +0.j  0. +0.j  0. +0.j  0. +0.j  0. +0.j  0. +0.j  0. +0.j ]
 [0. +0.j  0. +0.j  0. +0.j  0. +0.j  0. +0.j  0. +0.j  1. +0.j  0. +0.j
  0. +0.j  0. +0.j  0. +0.j  0. +0.j  0. +0.j  0. +0.j  0. +0.j  0. +0.j ]
 [0. +0.j  0. +0.j  0. +0.j  0. +0.j  0. +0.j  0. +0.j  0. +0.j  1. +0.j
  0. +0.j  0. +0.j  0. +0.j  0. +0.j  0. +0.j  0. +0.j  0. +0.j  0. +0.j ]
 [0. +0.j  0. +0.j  0. +0.j  0. +0.j  0. +0.j  0. +0.j  0. +0.j  0. +0.j
  0.4-0.9j 0. +0.j  0. +0.j  0. +0.j  0. +0.j  0. +0.j  0. +0.j  0. +0.j ]
 [0. +0.j  0. +0.j  0. +0.j  0. +0.j  0. +0.j  0. +0.j  0. +0.j  0. +0.j
  0. +0.j  0.9+0.4j 0. +0.j  0. +0.j  0. +0.j  0. +0.j  0. +0.j  0. +0.j ]
 [0. +0.j  0. +0.j  0. +0.j  0. +0.j  0. +0.j  0. +0.j  0. +0.j  0. +0.j
  0. +0.j  0. +0.j  0.4-0.9j 0. +0.j  0. +0.j  0. +0.j  0. +0.j  0. +0.j ]
 [0. +0.j  0. +0.j  0. +0.j  0. +0.j  0. +0.j  0. +0.j  0. +0.j  0. +0.j
  0. +0.j  0. +0.j  0. +0.j  0.9+0.4j 0. +0.j  0. +0.j  0. +0.j  0. +0.j ]
 [0. +0.j  0. +0.j  0. +0.j  0. +0.j  0. +0.j  0. +0.j  0. +0.j  0. +0.j
  0. +0.j  0. +0.j  0. +0.j  0. +0.j  0.9-0.4j 0. +0.j  0. +0.j  0. +0.j ]
 [0. +0.j  0. +0.j  0. +0.j  0. +0.j  0. +0.j  0. +0.j  0. +0.j  0. +0.j
  0. +0.j  0. +0.j  0. +0.j  0. +0.j  0. +0.j  0.4+0.9j 0. +0.j  0. +0.j ]
 [0. +0.j  0. +0.j  0. +0.j  0. +0.j  0. +0.j  0. +0.j  0. +0.j  0. +0.j
  0. +0.j  0. +0.j  0. +0.j  0. +0.j  0. +0.j  0. +0.j  0.9-0.4j 0. +0.j ]
 [0. +0.j  0. +0.j  0. +0.j  0. +0.j  0. +0.j  0. +0.j  0. +0.j  0. +0.j
  0. +0.j  0. +0.j  0. +0.j  0. +0.j  0. +0.j  0. +0.j  0. +0.j  0.4+0.9j]]
001
Statevector([0.+0.j, 0.+0.j, 0.+0.j, 0.+0.j, 0.+0.j, 0.+0.j, 0.+0.j,
             1.+0.j],
            dims=(2, 2, 2))
{'111': 1024}
{'11': 258, '01': 271, '10': 234, '00': 261}
        ┌───┐      ░ ┌─┐   
   q_0: ┤ H ├──■───░─┤M├───
        ├───┤┌─┴─┐ ░ └╥┘┌─┐
   q_1: ┤ H ├┤ X ├─░──╫─┤M├
        └───┘└───┘ ░  ║ └╥┘
meas: 2/══════════════╩══╩═
                      0  1 
{'00 00': 236, '10 00': 264, '11 00': 259, '01 00': 265}
[QuantumRegister(1, 'q81')]
[]
ParameterView([ParameterVectorElement(θ[0]), ParameterVectorElement(θ[1]), ParameterVectorElement(θ[2]), ParameterVectorElement(θ[3]), ParameterVectorElement(θ[4]), ParameterVectorElement(θ[5]), ParameterVectorElement(θ[6]), ParameterVectorElement(θ[7])])
0.001

+------------------- Job Report: 13214380 (FAILED) --------------------+
| Memory (RAM)  No data available                                      |
| CPU           [                    ]  0.4% average                   |
| Time          [>                   ]  0.0% (0-00:00:07 / 0-08:00:00) |
|                                                                      |
| Lustre Filesystem:                                                   |
|   No data available                                                  |
+----------------------------------------------------------------------+
